Hostname:	compute-a-17-131.o2.rc.hms.harvard.edu
[M::bwa_idx_load_from_disk] read 0 ALT contigs

[main_fastmap] fastmap index loading: Real time: 743.387 sec

[main_fastmap] fastmap matching: Real time: 319.815 sec
[main] Version: 0.7.17-r1198-dirty
[main] CMD: ../../bwa/bwa fastmap -l 19 bc19.fa kmers.19.fka
[main] Real time: 1107.239 sec; CPU: 1060.900 sec
	Command being timed: "../../bwa/bwa fastmap -l 19 bc19.fa kmers.19.fka"
	User time (seconds): 652.45
	System time (seconds): 412.59
	Percent of CPU this job got: 95%
	Elapsed (wall clock) time (h:mm:ss or m:ss): 18:31.45
	Average shared text size (kbytes): 0
	Average unshared data size (kbytes): 0
	Average stack size (kbytes): 0
	Average total size (kbytes): 0
	Maximum resident set size (kbytes): 104824648
	Average resident set size (kbytes): 0
	Major (requiring I/O) page faults: 0
	Minor (reclaiming a frame) page faults: 98252275
	Voluntary context switches: 35934
	Involuntary context switches: 4863
	Swaps: 0
	File system inputs: 143647672
	File system outputs: 10488
	Socket messages sent: 0
	Socket messages received: 0
	Signals delivered: 0
	Page size (bytes): 4096
	Exit status: 0
[M::bwa_idx_load_from_disk] read 0 ALT contigs

[main_fastmap] fastmap index loading: Real time: 1087.876 sec

[main_fastmap] fastmap matching: Real time: 319.731 sec
[main] Version: 0.7.17-r1198-dirty
[main] CMD: ../../bwa/bwa fastmap -l 19 bc19.fa kmers.19.fka
[main] Real time: 1445.171 sec; CPU: 1414.515 sec
	Command being timed: "../../bwa/bwa fastmap -l 19 bc19.fa kmers.19.fka"
	User time (seconds): 640.98
	System time (seconds): 778.20
	Percent of CPU this job got: 97%
	Elapsed (wall clock) time (h:mm:ss or m:ss): 24:09.86
	Average shared text size (kbytes): 0
	Average unshared data size (kbytes): 0
	Average stack size (kbytes): 0
	Average total size (kbytes): 0
	Maximum resident set size (kbytes): 104824512
	Average resident set size (kbytes): 0
	Major (requiring I/O) page faults: 0
	Minor (reclaiming a frame) page faults: 84808106
	Voluntary context switches: 11446
	Involuntary context switches: 5518
	Swaps: 0
	File system inputs: 143840056
	File system outputs: 38240
	Socket messages sent: 0
	Socket messages received: 0
	Signals delivered: 0
	Page size (bytes): 4096
	Exit status: 0
[M::bwa_idx_load_from_disk] read 0 ALT contigs

[main_fastmap] fastmap index loading: Real time: 681.063 sec

[main_fastmap] fastmap matching: Real time: 283.969 sec
[main] Version: 0.7.17-r1198-dirty
[main] CMD: ../../bwa/bwa fastmap -l 19 bc19.fa kmers.19.fka
[main] Real time: 992.490 sec; CPU: 932.511 sec
	Command being timed: "../../bwa/bwa fastmap -l 19 bc19.fa kmers.19.fka"
	User time (seconds): 642.01
	System time (seconds): 295.89
	Percent of CPU this job got: 93%
	Elapsed (wall clock) time (h:mm:ss or m:ss): 16:37.90
	Average shared text size (kbytes): 0
	Average unshared data size (kbytes): 0
	Average stack size (kbytes): 0
	Average total size (kbytes): 0
	Maximum resident set size (kbytes): 104824472
	Average resident set size (kbytes): 0
	Major (requiring I/O) page faults: 0
	Minor (reclaiming a frame) page faults: 51720713
	Voluntary context switches: 17039
	Involuntary context switches: 4439
	Swaps: 0
	File system inputs: 143516568
	File system outputs: 15608
	Socket messages sent: 0
	Socket messages received: 0
	Signals delivered: 0
	Page size (bytes): 4096
	Exit status: 0
