Hostname:	compute-a-17-131.o2.rc.hms.harvard.edu
[M::bwa_idx_load_from_disk] read 0 ALT contigs

[main_fastmap] fastmap index loading: Real time: 103.687 sec

[main_fastmap] fastmap matching: Real time: 163.701 sec
[main] Version: 0.7.17-r1198-dirty
[main] CMD: ../../bwa/bwa fastmap -l 23 bc23_solid10.fa kmers.23.fka
[main] Real time: 277.659 sec; CPU: 273.169 sec
	Command being timed: "../../bwa/bwa fastmap -l 23 bc23_solid10.fa kmers.23.fka"
	User time (seconds): 243.48
	System time (seconds): 29.67
	Percent of CPU this job got: 98%
	Elapsed (wall clock) time (h:mm:ss or m:ss): 4:37.66
	Average shared text size (kbytes): 0
	Average unshared data size (kbytes): 0
	Average stack size (kbytes): 0
	Average total size (kbytes): 0
	Maximum resident set size (kbytes): 23045488
	Average resident set size (kbytes): 0
	Major (requiring I/O) page faults: 0
	Minor (reclaiming a frame) page faults: 5940256
	Voluntary context switches: 319
	Involuntary context switches: 1539
	Swaps: 0
	File system inputs: 32393352
	File system outputs: 24
	Socket messages sent: 0
	Socket messages received: 0
	Signals delivered: 0
	Page size (bytes): 4096
	Exit status: 0
[M::bwa_idx_load_from_disk] read 0 ALT contigs

[main_fastmap] fastmap index loading: Real time: 98.788 sec

[main_fastmap] fastmap matching: Real time: 143.925 sec
[main] Version: 0.7.17-r1198-dirty
[main] CMD: ../../bwa/bwa fastmap -l 23 bc23_solid10.fa kmers.23.fka
[main] Real time: 250.667 sec; CPU: 250.273 sec
	Command being timed: "../../bwa/bwa fastmap -l 23 bc23_solid10.fa kmers.23.fka"
	User time (seconds): 226.82
	System time (seconds): 23.44
	Percent of CPU this job got: 99%
	Elapsed (wall clock) time (h:mm:ss or m:ss): 4:10.69
	Average shared text size (kbytes): 0
	Average unshared data size (kbytes): 0
	Average stack size (kbytes): 0
	Average total size (kbytes): 0
	Maximum resident set size (kbytes): 23045500
	Average resident set size (kbytes): 0
	Major (requiring I/O) page faults: 0
	Minor (reclaiming a frame) page faults: 5943794
	Voluntary context switches: 141
	Involuntary context switches: 1390
	Swaps: 0
	File system inputs: 32391144
	File system outputs: 24
	Socket messages sent: 0
	Socket messages received: 0
	Signals delivered: 0
	Page size (bytes): 4096
	Exit status: 0
[M::bwa_idx_load_from_disk] read 0 ALT contigs

[main_fastmap] fastmap index loading: Real time: 98.817 sec

[main_fastmap] fastmap matching: Real time: 140.705 sec
[main] Version: 0.7.17-r1198-dirty
[main] CMD: ../../bwa/bwa fastmap -l 23 bc23_solid10.fa kmers.23.fka
[main] Real time: 247.572 sec; CPU: 247.013 sec
	Command being timed: "../../bwa/bwa fastmap -l 23 bc23_solid10.fa kmers.23.fka"
	User time (seconds): 224.49
	System time (seconds): 22.51
	Percent of CPU this job got: 99%
	Elapsed (wall clock) time (h:mm:ss or m:ss): 4:07.61
	Average shared text size (kbytes): 0
	Average unshared data size (kbytes): 0
	Average stack size (kbytes): 0
	Average total size (kbytes): 0
	Maximum resident set size (kbytes): 23045496
	Average resident set size (kbytes): 0
	Major (requiring I/O) page faults: 0
	Minor (reclaiming a frame) page faults: 5949418
	Voluntary context switches: 137
	Involuntary context switches: 1471
	Swaps: 0
	File system inputs: 32391600
	File system outputs: 24
	Socket messages sent: 0
	Socket messages received: 0
	Signals delivered: 0
	Page size (bytes): 4096
	Exit status: 0
