Hostname:	compute-a-17-131.o2.rc.hms.harvard.edu
[M::bwa_idx_load_from_disk] read 0 ALT contigs

[main_fastmap] fastmap index loading: Real time: 233.514 sec

[main_fastmap] fastmap matching: Real time: 148.660 sec
[main] Version: 0.7.17-r1198-dirty
[main] CMD: ../../bwa/bwa fastmap -l 23 bc23.fa kmers.23.fka
[main] Real time: 390.898 sec; CPU: 374.387 sec
	Command being timed: "../../bwa/bwa fastmap -l 23 bc23.fa kmers.23.fka"
	User time (seconds): 311.73
	System time (seconds): 64.47
	Percent of CPU this job got: 95%
	Elapsed (wall clock) time (h:mm:ss or m:ss): 6:32.71
	Average shared text size (kbytes): 0
	Average unshared data size (kbytes): 0
	Average stack size (kbytes): 0
	Average total size (kbytes): 0
	Maximum resident set size (kbytes): 63730244
	Average resident set size (kbytes): 0
	Major (requiring I/O) page faults: 0
	Minor (reclaiming a frame) page faults: 10453102
	Voluntary context switches: 777
	Involuntary context switches: 1677
	Swaps: 0
	File system inputs: 99549096
	File system outputs: 24
	Socket messages sent: 0
	Socket messages received: 0
	Signals delivered: 0
	Page size (bytes): 4096
	Exit status: 0
[M::bwa_idx_load_from_disk] read 0 ALT contigs

[main_fastmap] fastmap index loading: Real time: 211.090 sec

[main_fastmap] fastmap matching: Real time: 151.719 sec
[main] Version: 0.7.17-r1198-dirty
[main] CMD: ../../bwa/bwa fastmap -l 23 bc23.fa kmers.23.fka
[main] Real time: 371.796 sec; CPU: 369.361 sec
	Command being timed: "../../bwa/bwa fastmap -l 23 bc23.fa kmers.23.fka"
	User time (seconds): 310.43
	System time (seconds): 60.63
	Percent of CPU this job got: 99%
	Elapsed (wall clock) time (h:mm:ss or m:ss): 6:13.50
	Average shared text size (kbytes): 0
	Average unshared data size (kbytes): 0
	Average stack size (kbytes): 0
	Average total size (kbytes): 0
	Maximum resident set size (kbytes): 63730332
	Average resident set size (kbytes): 0
	Major (requiring I/O) page faults: 0
	Minor (reclaiming a frame) page faults: 10488728
	Voluntary context switches: 409
	Involuntary context switches: 1319
	Swaps: 0
	File system inputs: 99549080
	File system outputs: 16
	Socket messages sent: 0
	Socket messages received: 0
	Signals delivered: 0
	Page size (bytes): 4096
	Exit status: 0
[M::bwa_idx_load_from_disk] read 0 ALT contigs

[main_fastmap] fastmap index loading: Real time: 236.700 sec

[main_fastmap] fastmap matching: Real time: 146.958 sec
[main] Version: 0.7.17-r1198-dirty
[main] CMD: ../../bwa/bwa fastmap -l 23 bc23.fa kmers.23.fka
[main] Real time: 395.390 sec; CPU: 388.698 sec
	Command being timed: "../../bwa/bwa fastmap -l 23 bc23.fa kmers.23.fka"
	User time (seconds): 324.00
	System time (seconds): 66.43
	Percent of CPU this job got: 98%
	Elapsed (wall clock) time (h:mm:ss or m:ss): 6:37.12
	Average shared text size (kbytes): 0
	Average unshared data size (kbytes): 0
	Average stack size (kbytes): 0
	Average total size (kbytes): 0
	Maximum resident set size (kbytes): 63730296
	Average resident set size (kbytes): 0
	Major (requiring I/O) page faults: 0
	Minor (reclaiming a frame) page faults: 10826577
	Voluntary context switches: 444
	Involuntary context switches: 1072
	Swaps: 0
	File system inputs: 99550968
	File system outputs: 24
	Socket messages sent: 0
	Socket messages received: 0
	Signals delivered: 0
	Page size (bytes): 4096
	Exit status: 0
