Hostname:	compute-a-17-131.o2.rc.hms.harvard.edu
[M::bwa_idx_load_from_disk] read 0 ALT contigs

[main_fastmap] fastmap index loading: Real time: 186.969 sec

[main_fastmap] fastmap matching: Real time: 159.823 sec
[main] Version: 0.7.17-r1198-dirty
[main] CMD: ../../bwa/bwa fastmap -l 27 bc27.fa kmers.27.fka
[main] Real time: 353.926 sec; CPU: 341.932 sec
	Command being timed: "../../bwa/bwa fastmap -l 27 bc27.fa kmers.27.fka"
	User time (seconds): 282.71
	System time (seconds): 60.67
	Percent of CPU this job got: 96%
	Elapsed (wall clock) time (h:mm:ss or m:ss): 5:55.38
	Average shared text size (kbytes): 0
	Average unshared data size (kbytes): 0
	Average stack size (kbytes): 0
	Average total size (kbytes): 0
	Maximum resident set size (kbytes): 57967532
	Average resident set size (kbytes): 0
	Major (requiring I/O) page faults: 0
	Minor (reclaiming a frame) page faults: 8272407
	Voluntary context switches: 783
	Involuntary context switches: 1467
	Swaps: 0
	File system inputs: 94311368
	File system outputs: 24
	Socket messages sent: 0
	Socket messages received: 0
	Signals delivered: 0
	Page size (bytes): 4096
	Exit status: 0
[M::bwa_idx_load_from_disk] read 0 ALT contigs

[main_fastmap] fastmap index loading: Real time: 170.754 sec

[main_fastmap] fastmap matching: Real time: 146.662 sec
[main] Version: 0.7.17-r1198-dirty
[main] CMD: ../../bwa/bwa fastmap -l 27 bc27.fa kmers.27.fka
[main] Real time: 323.947 sec; CPU: 323.548 sec
	Command being timed: "../../bwa/bwa fastmap -l 27 bc27.fa kmers.27.fka"
	User time (seconds): 273.38
	System time (seconds): 51.40
	Percent of CPU this job got: 99%
	Elapsed (wall clock) time (h:mm:ss or m:ss): 5:25.19
	Average shared text size (kbytes): 0
	Average unshared data size (kbytes): 0
	Average stack size (kbytes): 0
	Average total size (kbytes): 0
	Maximum resident set size (kbytes): 57967540
	Average resident set size (kbytes): 0
	Major (requiring I/O) page faults: 0
	Minor (reclaiming a frame) page faults: 8269058
	Voluntary context switches: 158
	Involuntary context switches: 1623
	Swaps: 0
	File system inputs: 94308208
	File system outputs: 24
	Socket messages sent: 0
	Socket messages received: 0
	Signals delivered: 0
	Page size (bytes): 4096
	Exit status: 0
[M::bwa_idx_load_from_disk] read 0 ALT contigs

[main_fastmap] fastmap index loading: Real time: 176.786 sec

[main_fastmap] fastmap matching: Real time: 138.557 sec
[main] Version: 0.7.17-r1198-dirty
[main] CMD: ../../bwa/bwa fastmap -l 27 bc27.fa kmers.27.fka
[main] Real time: 322.721 sec; CPU: 317.276 sec
	Command being timed: "../../bwa/bwa fastmap -l 27 bc27.fa kmers.27.fka"
	User time (seconds): 265.98
	System time (seconds): 52.55
	Percent of CPU this job got: 98%
	Elapsed (wall clock) time (h:mm:ss or m:ss): 5:23.98
	Average shared text size (kbytes): 0
	Average unshared data size (kbytes): 0
	Average stack size (kbytes): 0
	Average total size (kbytes): 0
	Maximum resident set size (kbytes): 57967504
	Average resident set size (kbytes): 0
	Major (requiring I/O) page faults: 0
	Minor (reclaiming a frame) page faults: 8469749
	Voluntary context switches: 392
	Involuntary context switches: 847
	Swaps: 0
	File system inputs: 94311608
	File system outputs: 24
	Socket messages sent: 0
	Socket messages received: 0
	Signals delivered: 0
	Page size (bytes): 4096
	Exit status: 0
