Hostname:	compute-a-17-131.o2.rc.hms.harvard.edu
[M::bwa_idx_load_from_disk] read 0 ALT contigs

[main_fastmap] fastmap index loading: Real time: 84.043 sec

[main_fastmap] fastmap matching: Real time: 183.327 sec
[main] Version: 0.7.17-r1198-dirty
[main] CMD: ../../bwa/bwa fastmap -l 27 bc27_solid10.fa kmers.27.fka
[main] Real time: 274.617 sec; CPU: 270.321 sec
	Command being timed: "../../bwa/bwa fastmap -l 27 bc27_solid10.fa kmers.27.fka"
	User time (seconds): 246.87
	System time (seconds): 23.44
	Percent of CPU this job got: 98%
	Elapsed (wall clock) time (h:mm:ss or m:ss): 4:34.63
	Average shared text size (kbytes): 0
	Average unshared data size (kbytes): 0
	Average stack size (kbytes): 0
	Average total size (kbytes): 0
	Maximum resident set size (kbytes): 19844544
	Average resident set size (kbytes): 0
	Major (requiring I/O) page faults: 0
	Minor (reclaiming a frame) page faults: 4662525
	Voluntary context switches: 330
	Involuntary context switches: 1183
	Swaps: 0
	File system inputs: 29523248
	File system outputs: 24
	Socket messages sent: 0
	Socket messages received: 0
	Signals delivered: 0
	Page size (bytes): 4096
	Exit status: 0
[M::bwa_idx_load_from_disk] read 0 ALT contigs

[main_fastmap] fastmap index loading: Real time: 78.931 sec

[main_fastmap] fastmap matching: Real time: 197.299 sec
[main] Version: 0.7.17-r1198-dirty
[main] CMD: ../../bwa/bwa fastmap -l 27 bc27_solid10.fa kmers.27.fka
[main] Real time: 282.924 sec; CPU: 282.471 sec
	Command being timed: "../../bwa/bwa fastmap -l 27 bc27_solid10.fa kmers.27.fka"
	User time (seconds): 259.55
	System time (seconds): 22.91
	Percent of CPU this job got: 99%
	Elapsed (wall clock) time (h:mm:ss or m:ss): 4:42.95
	Average shared text size (kbytes): 0
	Average unshared data size (kbytes): 0
	Average stack size (kbytes): 0
	Average total size (kbytes): 0
	Maximum resident set size (kbytes): 19844568
	Average resident set size (kbytes): 0
	Major (requiring I/O) page faults: 0
	Minor (reclaiming a frame) page faults: 4731410
	Voluntary context switches: 157
	Involuntary context switches: 1522
	Swaps: 0
	File system inputs: 29525064
	File system outputs: 16
	Socket messages sent: 0
	Socket messages received: 0
	Signals delivered: 0
	Page size (bytes): 4096
	Exit status: 0
[M::bwa_idx_load_from_disk] read 0 ALT contigs

[main_fastmap] fastmap index loading: Real time: 79.195 sec

[main_fastmap] fastmap matching: Real time: 175.795 sec
[main] Version: 0.7.17-r1198-dirty
[main] CMD: ../../bwa/bwa fastmap -l 27 bc27_solid10.fa kmers.27.fka
[main] Real time: 262.887 sec; CPU: 262.550 sec
	Command being timed: "../../bwa/bwa fastmap -l 27 bc27_solid10.fa kmers.27.fka"
	User time (seconds): 239.33
	System time (seconds): 23.21
	Percent of CPU this job got: 99%
	Elapsed (wall clock) time (h:mm:ss or m:ss): 4:22.89
	Average shared text size (kbytes): 0
	Average unshared data size (kbytes): 0
	Average stack size (kbytes): 0
	Average total size (kbytes): 0
	Maximum resident set size (kbytes): 19844552
	Average resident set size (kbytes): 0
	Major (requiring I/O) page faults: 0
	Minor (reclaiming a frame) page faults: 4525478
	Voluntary context switches: 156
	Involuntary context switches: 1407
	Swaps: 0
	File system inputs: 29520800
	File system outputs: 16
	Socket messages sent: 0
	Socket messages received: 0
	Signals delivered: 0
	Page size (bytes): 4096
	Exit status: 0
