Hostname:	compute-a-17-131.o2.rc.hms.harvard.edu
[M::bwa_idx_load_from_disk] read 0 ALT contigs

[main_fastmap] fastmap index loading: Real time: 74.825 sec

[main_fastmap] fastmap matching: Real time: 221.398 sec
[main] Version: 0.7.17-r1198-dirty
[main] CMD: ../../bwa/bwa fastmap -l 31 bc31_solid10.fa kmers.31.fka
[main] Real time: 302.833 sec; CPU: 298.152 sec
	Command being timed: "../../bwa/bwa fastmap -l 31 bc31_solid10.fa kmers.31.fka"
	User time (seconds): 274.29
	System time (seconds): 23.85
	Percent of CPU this job got: 98%
	Elapsed (wall clock) time (h:mm:ss or m:ss): 5:02.83
	Average shared text size (kbytes): 0
	Average unshared data size (kbytes): 0
	Average stack size (kbytes): 0
	Average total size (kbytes): 0
	Maximum resident set size (kbytes): 18641460
	Average resident set size (kbytes): 0
	Major (requiring I/O) page faults: 0
	Minor (reclaiming a frame) page faults: 4031342
	Voluntary context switches: 351
	Involuntary context switches: 784
	Swaps: 0
	File system inputs: 28747448
	File system outputs: 24
	Socket messages sent: 0
	Socket messages received: 0
	Signals delivered: 0
	Page size (bytes): 4096
	Exit status: 0
[M::bwa_idx_load_from_disk] read 0 ALT contigs

[main_fastmap] fastmap index loading: Real time: 68.323 sec

[main_fastmap] fastmap matching: Real time: 216.623 sec
[main] Version: 0.7.17-r1198-dirty
[main] CMD: ../../bwa/bwa fastmap -l 31 bc31_solid10.fa kmers.31.fka
[main] Real time: 293.764 sec; CPU: 293.676 sec
	Command being timed: "../../bwa/bwa fastmap -l 31 bc31_solid10.fa kmers.31.fka"
	User time (seconds): 267.56
	System time (seconds): 26.10
	Percent of CPU this job got: 99%
	Elapsed (wall clock) time (h:mm:ss or m:ss): 4:53.76
	Average shared text size (kbytes): 0
	Average unshared data size (kbytes): 0
	Average stack size (kbytes): 0
	Average total size (kbytes): 0
	Maximum resident set size (kbytes): 18641504
	Average resident set size (kbytes): 0
	Major (requiring I/O) page faults: 0
	Minor (reclaiming a frame) page faults: 4384261
	Voluntary context switches: 165
	Involuntary context switches: 922
	Swaps: 0
	File system inputs: 28748976
	File system outputs: 24
	Socket messages sent: 0
	Socket messages received: 0
	Signals delivered: 0
	Page size (bytes): 4096
	Exit status: 0
[M::bwa_idx_load_from_disk] read 0 ALT contigs

[main_fastmap] fastmap index loading: Real time: 68.292 sec

[main_fastmap] fastmap matching: Real time: 188.431 sec
[main] Version: 0.7.17-r1198-dirty
[main] CMD: ../../bwa/bwa fastmap -l 31 bc31_solid10.fa kmers.31.fka
[main] Real time: 266.832 sec; CPU: 266.709 sec
	Command being timed: "../../bwa/bwa fastmap -l 31 bc31_solid10.fa kmers.31.fka"
	User time (seconds): 245.40
	System time (seconds): 21.30
	Percent of CPU this job got: 99%
	Elapsed (wall clock) time (h:mm:ss or m:ss): 4:26.83
	Average shared text size (kbytes): 0
	Average unshared data size (kbytes): 0
	Average stack size (kbytes): 0
	Average total size (kbytes): 0
	Maximum resident set size (kbytes): 18641556
	Average resident set size (kbytes): 0
	Major (requiring I/O) page faults: 0
	Minor (reclaiming a frame) page faults: 5158048
	Voluntary context switches: 138
	Involuntary context switches: 809
	Swaps: 0
	File system inputs: 28748296
	File system outputs: 24
	Socket messages sent: 0
	Socket messages received: 0
	Signals delivered: 0
	Page size (bytes): 4096
	Exit status: 0
