Hostname:	compute-a-17-131.o2.rc.hms.harvard.edu
[M::bwa_idx_load_from_disk] read 0 ALT contigs

[main_fastmap] fastmap index loading: Real time: 138.727 sec

[main_fastmap] fastmap matching: Real time: 185.948 sec
[main] Version: 0.7.17-r1198-dirty
[main] CMD: ../../bwa/bwa fastmap -l 19 pa19.fa kmers.19.fka
[main] Real time: 329.636 sec; CPU: 315.106 sec
	Command being timed: "../../bwa/bwa fastmap -l 19 pa19.fa kmers.19.fka"
	User time (seconds): 267.98
	System time (seconds): 48.07
	Percent of CPU this job got: 95%
	Elapsed (wall clock) time (h:mm:ss or m:ss): 5:30.58
	Average shared text size (kbytes): 0
	Average unshared data size (kbytes): 0
	Average stack size (kbytes): 0
	Average total size (kbytes): 0
	Maximum resident set size (kbytes): 46048844
	Average resident set size (kbytes): 0
	Major (requiring I/O) page faults: 0
	Minor (reclaiming a frame) page faults: 8439698
	Voluntary context switches: 745
	Involuntary context switches: 1594
	Swaps: 0
	File system inputs: 77704816
	File system outputs: 24
	Socket messages sent: 0
	Socket messages received: 0
	Signals delivered: 0
	Page size (bytes): 4096
	Exit status: 0
[M::bwa_idx_load_from_disk] read 0 ALT contigs

[main_fastmap] fastmap index loading: Real time: 138.917 sec

[main_fastmap] fastmap matching: Real time: 182.112 sec
[main] Version: 0.7.17-r1198-dirty
[main] CMD: ../../bwa/bwa fastmap -l 19 pa19.fa kmers.19.fka
[main] Real time: 326.690 sec; CPU: 326.381 sec
	Command being timed: "../../bwa/bwa fastmap -l 19 pa19.fa kmers.19.fka"
	User time (seconds): 265.80
	System time (seconds): 61.33
	Percent of CPU this job got: 99%
	Elapsed (wall clock) time (h:mm:ss or m:ss): 5:27.44
	Average shared text size (kbytes): 0
	Average unshared data size (kbytes): 0
	Average stack size (kbytes): 0
	Average total size (kbytes): 0
	Maximum resident set size (kbytes): 46048932
	Average resident set size (kbytes): 0
	Major (requiring I/O) page faults: 0
	Minor (reclaiming a frame) page faults: 8457457
	Voluntary context switches: 274
	Involuntary context switches: 1000
	Swaps: 0
	File system inputs: 77704400
	File system outputs: 88
	Socket messages sent: 0
	Socket messages received: 0
	Signals delivered: 0
	Page size (bytes): 4096
	Exit status: 0
[M::bwa_idx_load_from_disk] read 0 ALT contigs

[main_fastmap] fastmap index loading: Real time: 120.359 sec

[main_fastmap] fastmap matching: Real time: 182.477 sec
[main] Version: 0.7.17-r1198-dirty
[main] CMD: ../../bwa/bwa fastmap -l 19 pa19.fa kmers.19.fka
[main] Real time: 307.552 sec; CPU: 307.318 sec
	Command being timed: "../../bwa/bwa fastmap -l 19 pa19.fa kmers.19.fka"
	User time (seconds): 266.12
	System time (seconds): 41.93
	Percent of CPU this job got: 99%
	Elapsed (wall clock) time (h:mm:ss or m:ss): 5:08.29
	Average shared text size (kbytes): 0
	Average unshared data size (kbytes): 0
	Average stack size (kbytes): 0
	Average total size (kbytes): 0
	Maximum resident set size (kbytes): 46048872
	Average resident set size (kbytes): 0
	Major (requiring I/O) page faults: 0
	Minor (reclaiming a frame) page faults: 8313936
	Voluntary context switches: 151
	Involuntary context switches: 1334
	Swaps: 0
	File system inputs: 77704464
	File system outputs: 24
	Socket messages sent: 0
	Socket messages received: 0
	Signals delivered: 0
	Page size (bytes): 4096
	Exit status: 0
