Hostname:	compute-a-17-131.o2.rc.hms.harvard.edu
[M::bwa_idx_load_from_disk] read 0 ALT contigs

[main_fastmap] fastmap index loading: Real time: 57.097 sec

[main_fastmap] fastmap matching: Real time: 104.980 sec
[main] Version: 0.7.17-r1198-dirty
[main] CMD: ../../bwa/bwa fastmap -l 19 pa19_solid10.fa kmers.19.fka
[main] Real time: 163.930 sec; CPU: 160.423 sec
	Command being timed: "../../bwa/bwa fastmap -l 19 pa19_solid10.fa kmers.19.fka"
	User time (seconds): 146.79
	System time (seconds): 14.00
	Percent of CPU this job got: 97%
	Elapsed (wall clock) time (h:mm:ss or m:ss): 2:44.30
	Average shared text size (kbytes): 0
	Average unshared data size (kbytes): 0
	Average stack size (kbytes): 0
	Average total size (kbytes): 0
	Maximum resident set size (kbytes): 13943956
	Average resident set size (kbytes): 0
	Major (requiring I/O) page faults: 0
	Minor (reclaiming a frame) page faults: 3168940
	Voluntary context switches: 257
	Involuntary context switches: 434
	Swaps: 0
	File system inputs: 21073664
	File system outputs: 16
	Socket messages sent: 0
	Socket messages received: 0
	Signals delivered: 0
	Page size (bytes): 4096
	Exit status: 0
[M::bwa_idx_load_from_disk] read 0 ALT contigs

[main_fastmap] fastmap index loading: Real time: 53.388 sec

[main_fastmap] fastmap matching: Real time: 106.966 sec
[main] Version: 0.7.17-r1198-dirty
[main] CMD: ../../bwa/bwa fastmap -l 19 pa19_solid10.fa kmers.19.fka
[main] Real time: 162.223 sec; CPU: 162.055 sec
	Command being timed: "../../bwa/bwa fastmap -l 19 pa19_solid10.fa kmers.19.fka"
	User time (seconds): 148.48
	System time (seconds): 14.04
	Percent of CPU this job got: 99%
	Elapsed (wall clock) time (h:mm:ss or m:ss): 2:42.70
	Average shared text size (kbytes): 0
	Average unshared data size (kbytes): 0
	Average stack size (kbytes): 0
	Average total size (kbytes): 0
	Maximum resident set size (kbytes): 13943908
	Average resident set size (kbytes): 0
	Major (requiring I/O) page faults: 0
	Minor (reclaiming a frame) page faults: 3282333
	Voluntary context switches: 103
	Involuntary context switches: 954
	Swaps: 0
	File system inputs: 21073744
	File system outputs: 16
	Socket messages sent: 0
	Socket messages received: 0
	Signals delivered: 0
	Page size (bytes): 4096
	Exit status: 0
[M::bwa_idx_load_from_disk] read 0 ALT contigs

[main_fastmap] fastmap index loading: Real time: 53.860 sec

[main_fastmap] fastmap matching: Real time: 111.224 sec
[main] Version: 0.7.17-r1198-dirty
[main] CMD: ../../bwa/bwa fastmap -l 19 pa19_solid10.fa kmers.19.fka
[main] Real time: 166.967 sec; CPU: 166.487 sec
	Command being timed: "../../bwa/bwa fastmap -l 19 pa19_solid10.fa kmers.19.fka"
	User time (seconds): 152.68
	System time (seconds): 14.25
	Percent of CPU this job got: 99%
	Elapsed (wall clock) time (h:mm:ss or m:ss): 2:47.43
	Average shared text size (kbytes): 0
	Average unshared data size (kbytes): 0
	Average stack size (kbytes): 0
	Average total size (kbytes): 0
	Maximum resident set size (kbytes): 13943912
	Average resident set size (kbytes): 0
	Major (requiring I/O) page faults: 0
	Minor (reclaiming a frame) page faults: 3301960
	Voluntary context switches: 119
	Involuntary context switches: 706
	Swaps: 0
	File system inputs: 21073664
	File system outputs: 24
	Socket messages sent: 0
	Socket messages received: 0
	Signals delivered: 0
	Page size (bytes): 4096
	Exit status: 0
