Hostname:	compute-a-17-131.o2.rc.hms.harvard.edu
[M::bwa_idx_load_from_disk] read 0 ALT contigs

[main_fastmap] fastmap index loading: Real time: 98.055 sec

[main_fastmap] fastmap matching: Real time: 143.650 sec
[main] Version: 0.7.17-r1198-dirty
[main] CMD: ../../bwa/bwa fastmap -l 23 pa23.fa kmers.23.fka
[main] Real time: 246.758 sec; CPU: 235.298 sec
	Command being timed: "../../bwa/bwa fastmap -l 23 pa23.fa kmers.23.fka"
	User time (seconds): 190.48
	System time (seconds): 45.41
	Percent of CPU this job got: 95%
	Elapsed (wall clock) time (h:mm:ss or m:ss): 4:07.36
	Average shared text size (kbytes): 0
	Average unshared data size (kbytes): 0
	Average stack size (kbytes): 0
	Average total size (kbytes): 0
	Maximum resident set size (kbytes): 40001476
	Average resident set size (kbytes): 0
	Major (requiring I/O) page faults: 0
	Minor (reclaiming a frame) page faults: 3689337
	Voluntary context switches: 619
	Involuntary context switches: 829
	Swaps: 0
	File system inputs: 72003640
	File system outputs: 24
	Socket messages sent: 0
	Socket messages received: 0
	Signals delivered: 0
	Page size (bytes): 4096
	Exit status: 0
[M::bwa_idx_load_from_disk] read 0 ALT contigs

[main_fastmap] fastmap index loading: Real time: 82.806 sec

[main_fastmap] fastmap matching: Real time: 141.029 sec
[main] Version: 0.7.17-r1198-dirty
[main] CMD: ../../bwa/bwa fastmap -l 23 pa23.fa kmers.23.fka
[main] Real time: 226.823 sec; CPU: 226.629 sec
	Command being timed: "../../bwa/bwa fastmap -l 23 pa23.fa kmers.23.fka"
	User time (seconds): 188.59
	System time (seconds): 38.56
	Percent of CPU this job got: 99%
	Elapsed (wall clock) time (h:mm:ss or m:ss): 3:47.36
	Average shared text size (kbytes): 0
	Average unshared data size (kbytes): 0
	Average stack size (kbytes): 0
	Average total size (kbytes): 0
	Maximum resident set size (kbytes): 40001488
	Average resident set size (kbytes): 0
	Major (requiring I/O) page faults: 0
	Minor (reclaiming a frame) page faults: 3607311
	Voluntary context switches: 132
	Involuntary context switches: 1068
	Swaps: 0
	File system inputs: 72003144
	File system outputs: 24
	Socket messages sent: 0
	Socket messages received: 0
	Signals delivered: 0
	Page size (bytes): 4096
	Exit status: 0
[M::bwa_idx_load_from_disk] read 0 ALT contigs

[main_fastmap] fastmap index loading: Real time: 82.015 sec

[main_fastmap] fastmap matching: Real time: 135.616 sec
[main] Version: 0.7.17-r1198-dirty
[main] CMD: ../../bwa/bwa fastmap -l 23 pa23.fa kmers.23.fka
[main] Real time: 220.623 sec; CPU: 220.489 sec
	Command being timed: "../../bwa/bwa fastmap -l 23 pa23.fa kmers.23.fka"
	User time (seconds): 185.95
	System time (seconds): 35.05
	Percent of CPU this job got: 99%
	Elapsed (wall clock) time (h:mm:ss or m:ss): 3:41.14
	Average shared text size (kbytes): 0
	Average unshared data size (kbytes): 0
	Average stack size (kbytes): 0
	Average total size (kbytes): 0
	Maximum resident set size (kbytes): 40001508
	Average resident set size (kbytes): 0
	Major (requiring I/O) page faults: 0
	Minor (reclaiming a frame) page faults: 3614371
	Voluntary context switches: 126
	Involuntary context switches: 370
	Swaps: 0
	File system inputs: 72003648
	File system outputs: 16
	Socket messages sent: 0
	Socket messages received: 0
	Signals delivered: 0
	Page size (bytes): 4096
	Exit status: 0
