Hostname:	compute-a-17-131.o2.rc.hms.harvard.edu
[M::bwa_idx_load_from_disk] read 0 ALT contigs

[main_fastmap] fastmap index loading: Real time: 31.601 sec

[main_fastmap] fastmap matching: Real time: 166.615 sec
[main] Version: 0.7.17-r1198-dirty
[main] CMD: ../../bwa/bwa fastmap -l 27 pa27_solid10.fa kmers.27.fka
[main] Real time: 199.242 sec; CPU: 195.524 sec
	Command being timed: "../../bwa/bwa fastmap -l 27 pa27_solid10.fa kmers.27.fka"
	User time (seconds): 184.74
	System time (seconds): 10.98
	Percent of CPU this job got: 98%
	Elapsed (wall clock) time (h:mm:ss or m:ss): 3:19.44
	Average shared text size (kbytes): 0
	Average unshared data size (kbytes): 0
	Average stack size (kbytes): 0
	Average total size (kbytes): 0
	Maximum resident set size (kbytes): 9803544
	Average resident set size (kbytes): 0
	Major (requiring I/O) page faults: 0
	Minor (reclaiming a frame) page faults: 1374594
	Voluntary context switches: 261
	Involuntary context switches: 833
	Swaps: 0
	File system inputs: 17538584
	File system outputs: 24
	Socket messages sent: 0
	Socket messages received: 0
	Signals delivered: 0
	Page size (bytes): 4096
	Exit status: 0
[M::bwa_idx_load_from_disk] read 0 ALT contigs

[main_fastmap] fastmap index loading: Real time: 27.638 sec

[main_fastmap] fastmap matching: Real time: 169.575 sec
[main] Version: 0.7.17-r1198-dirty
[main] CMD: ../../bwa/bwa fastmap -l 27 pa27_solid10.fa kmers.27.fka
[main] Real time: 198.227 sec; CPU: 197.757 sec
	Command being timed: "../../bwa/bwa fastmap -l 27 pa27_solid10.fa kmers.27.fka"
	User time (seconds): 187.84
	System time (seconds): 10.14
	Percent of CPU this job got: 99%
	Elapsed (wall clock) time (h:mm:ss or m:ss): 3:18.45
	Average shared text size (kbytes): 0
	Average unshared data size (kbytes): 0
	Average stack size (kbytes): 0
	Average total size (kbytes): 0
	Maximum resident set size (kbytes): 9803772
	Average resident set size (kbytes): 0
	Major (requiring I/O) page faults: 0
	Minor (reclaiming a frame) page faults: 1365834
	Voluntary context switches: 150
	Involuntary context switches: 1460
	Swaps: 0
	File system inputs: 16132776
	File system outputs: 24
	Socket messages sent: 0
	Socket messages received: 0
	Signals delivered: 0
	Page size (bytes): 4096
	Exit status: 0
[M::bwa_idx_load_from_disk] read 0 ALT contigs

[main_fastmap] fastmap index loading: Real time: 27.623 sec

[main_fastmap] fastmap matching: Real time: 167.825 sec
[main] Version: 0.7.17-r1198-dirty
[main] CMD: ../../bwa/bwa fastmap -l 27 pa27_solid10.fa kmers.27.fka
[main] Real time: 196.515 sec; CPU: 196.262 sec
	Command being timed: "../../bwa/bwa fastmap -l 27 pa27_solid10.fa kmers.27.fka"
	User time (seconds): 186.29
	System time (seconds): 10.20
	Percent of CPU this job got: 99%
	Elapsed (wall clock) time (h:mm:ss or m:ss): 3:16.76
	Average shared text size (kbytes): 0
	Average unshared data size (kbytes): 0
	Average stack size (kbytes): 0
	Average total size (kbytes): 0
	Maximum resident set size (kbytes): 9803592
	Average resident set size (kbytes): 0
	Major (requiring I/O) page faults: 0
	Minor (reclaiming a frame) page faults: 1359100
	Voluntary context switches: 105
	Involuntary context switches: 1015
	Swaps: 0
	File system inputs: 17523408
	File system outputs: 16
	Socket messages sent: 0
	Socket messages received: 0
	Signals delivered: 0
	Page size (bytes): 4096
	Exit status: 0
