Hostname:	compute-a-17-131.o2.rc.hms.harvard.edu
[M::bwa_idx_load_from_disk] read 0 ALT contigs

[main_fastmap] fastmap index loading: Real time: 79.470 sec

[main_fastmap] fastmap matching: Real time: 131.077 sec
[main] Version: 0.7.17-r1198-dirty
[main] CMD: ../../bwa/bwa fastmap -l 31 pa31.fa kmers.31.fka
[main] Real time: 214.740 sec; CPU: 204.607 sec
	Command being timed: "../../bwa/bwa fastmap -l 31 pa31.fa kmers.31.fka"
	User time (seconds): 167.50
	System time (seconds): 37.45
	Percent of CPU this job got: 95%
	Elapsed (wall clock) time (h:mm:ss or m:ss): 3:35.09
	Average shared text size (kbytes): 0
	Average unshared data size (kbytes): 0
	Average stack size (kbytes): 0
	Average total size (kbytes): 0
	Maximum resident set size (kbytes): 38041988
	Average resident set size (kbytes): 0
	Major (requiring I/O) page faults: 0
	Minor (reclaiming a frame) page faults: 2430654
	Voluntary context switches: 649
	Involuntary context switches: 1018
	Swaps: 0
	File system inputs: 71097968
	File system outputs: 16
	Socket messages sent: 0
	Socket messages received: 0
	Signals delivered: 0
	Page size (bytes): 4096
	Exit status: 0
[M::bwa_idx_load_from_disk] read 0 ALT contigs

[main_fastmap] fastmap index loading: Real time: 66.293 sec

[main_fastmap] fastmap matching: Real time: 127.369 sec
[main] Version: 0.7.17-r1198-dirty
[main] CMD: ../../bwa/bwa fastmap -l 31 pa31.fa kmers.31.fka
[main] Real time: 195.610 sec; CPU: 195.457 sec
	Command being timed: "../../bwa/bwa fastmap -l 31 pa31.fa kmers.31.fka"
	User time (seconds): 163.33
	System time (seconds): 32.39
	Percent of CPU this job got: 99%
	Elapsed (wall clock) time (h:mm:ss or m:ss): 3:15.89
	Average shared text size (kbytes): 0
	Average unshared data size (kbytes): 0
	Average stack size (kbytes): 0
	Average total size (kbytes): 0
	Maximum resident set size (kbytes): 38042044
	Average resident set size (kbytes): 0
	Major (requiring I/O) page faults: 0
	Minor (reclaiming a frame) page faults: 2426690
	Voluntary context switches: 114
	Involuntary context switches: 337
	Swaps: 0
	File system inputs: 71099432
	File system outputs: 16
	Socket messages sent: 0
	Socket messages received: 0
	Signals delivered: 0
	Page size (bytes): 4096
	Exit status: 0
[M::bwa_idx_load_from_disk] read 0 ALT contigs

[main_fastmap] fastmap index loading: Real time: 66.784 sec

[main_fastmap] fastmap matching: Real time: 123.837 sec
[main] Version: 0.7.17-r1198-dirty
[main] CMD: ../../bwa/bwa fastmap -l 31 pa31.fa kmers.31.fka
[main] Real time: 192.483 sec; CPU: 192.185 sec
	Command being timed: "../../bwa/bwa fastmap -l 31 pa31.fa kmers.31.fka"
	User time (seconds): 159.33
	System time (seconds): 33.19
	Percent of CPU this job got: 99%
	Elapsed (wall clock) time (h:mm:ss or m:ss): 3:12.83
	Average shared text size (kbytes): 0
	Average unshared data size (kbytes): 0
	Average stack size (kbytes): 0
	Average total size (kbytes): 0
	Maximum resident set size (kbytes): 38041860
	Average resident set size (kbytes): 0
	Major (requiring I/O) page faults: 0
	Minor (reclaiming a frame) page faults: 2307356
	Voluntary context switches: 112
	Involuntary context switches: 445
	Swaps: 0
	File system inputs: 71096056
	File system outputs: 16
	Socket messages sent: 0
	Socket messages received: 0
	Signals delivered: 0
	Page size (bytes): 4096
	Exit status: 0
