Hostname:	compute-a-17-131.o2.rc.hms.harvard.edu
[M::bwa_idx_load_from_disk] read 0 ALT contigs

[main_fastmap] fastmap index loading: Real time: 31.319 sec

[main_fastmap] fastmap matching: Real time: 187.244 sec
[main] Version: 0.7.17-r1198-dirty
[main] CMD: ../../bwa/bwa fastmap -l 31 pa31_solid10.fa kmers.31.fka
[main] Real time: 219.548 sec; CPU: 215.477 sec
	Command being timed: "../../bwa/bwa fastmap -l 31 pa31_solid10.fa kmers.31.fka"
	User time (seconds): 204.35
	System time (seconds): 11.30
	Percent of CPU this job got: 98%
	Elapsed (wall clock) time (h:mm:ss or m:ss): 3:39.73
	Average shared text size (kbytes): 0
	Average unshared data size (kbytes): 0
	Average stack size (kbytes): 0
	Average total size (kbytes): 0
	Maximum resident set size (kbytes): 9916784
	Average resident set size (kbytes): 0
	Major (requiring I/O) page faults: 0
	Minor (reclaiming a frame) page faults: 1286413
	Voluntary context switches: 308
	Involuntary context switches: 1282
	Swaps: 0
	File system inputs: 18043560
	File system outputs: 16
	Socket messages sent: 0
	Socket messages received: 0
	Signals delivered: 0
	Page size (bytes): 4096
	Exit status: 0
[M::bwa_idx_load_from_disk] read 0 ALT contigs

[main_fastmap] fastmap index loading: Real time: 26.745 sec

[main_fastmap] fastmap matching: Real time: 182.275 sec
[main] Version: 0.7.17-r1198-dirty
[main] CMD: ../../bwa/bwa fastmap -l 31 pa31_solid10.fa kmers.31.fka
[main] Real time: 210.028 sec; CPU: 209.710 sec
	Command being timed: "../../bwa/bwa fastmap -l 31 pa31_solid10.fa kmers.31.fka"
	User time (seconds): 199.54
	System time (seconds): 10.35
	Percent of CPU this job got: 99%
	Elapsed (wall clock) time (h:mm:ss or m:ss): 3:30.22
	Average shared text size (kbytes): 0
	Average unshared data size (kbytes): 0
	Average stack size (kbytes): 0
	Average total size (kbytes): 0
	Maximum resident set size (kbytes): 9916912
	Average resident set size (kbytes): 0
	Major (requiring I/O) page faults: 0
	Minor (reclaiming a frame) page faults: 1298305
	Voluntary context switches: 150
	Involuntary context switches: 1063
	Swaps: 0
	File system inputs: 16611208
	File system outputs: 24
	Socket messages sent: 0
	Socket messages received: 0
	Signals delivered: 0
	Page size (bytes): 4096
	Exit status: 0
[M::bwa_idx_load_from_disk] read 0 ALT contigs

[main_fastmap] fastmap index loading: Real time: 26.648 sec

[main_fastmap] fastmap matching: Real time: 224.398 sec
[main] Version: 0.7.17-r1198-dirty
[main] CMD: ../../bwa/bwa fastmap -l 31 pa31_solid10.fa kmers.31.fka
[main] Real time: 253.282 sec; CPU: 253.037 sec
	Command being timed: "../../bwa/bwa fastmap -l 31 pa31_solid10.fa kmers.31.fka"
	User time (seconds): 239.48
	System time (seconds): 13.78
	Percent of CPU this job got: 99%
	Elapsed (wall clock) time (h:mm:ss or m:ss): 4:13.53
	Average shared text size (kbytes): 0
	Average unshared data size (kbytes): 0
	Average stack size (kbytes): 0
	Average total size (kbytes): 0
	Maximum resident set size (kbytes): 9916916
	Average resident set size (kbytes): 0
	Major (requiring I/O) page faults: 0
	Minor (reclaiming a frame) page faults: 1310321
	Voluntary context switches: 135
	Involuntary context switches: 838
	Swaps: 0
	File system inputs: 17967056
	File system outputs: 16
	Socket messages sent: 0
	Socket messages received: 0
	Signals delivered: 0
	Page size (bytes): 4096
	Exit status: 0
