Hostname:	compute-e-16-252.o2.rc.hms.harvard.edu
[M::bwa_idx_load_from_disk] read 0 ALT contigs

[main_fastmap] fastmap index loading: Real time: 612.386 sec

[main_fastmap] fastmap matching: Real time: 299.129 sec
[main] Version: 0.7.17-r1198-dirty
[main] CMD: ../../bwa/bwa fastmap bc19.fa kmers.19.fka
[main] Real time: 946.469 sec; CPU: 885.866 sec
	Command being timed: "../../bwa/bwa fastmap bc19.fa kmers.19.fka"
	User time (seconds): 643.46
	System time (seconds): 246.98
	Percent of CPU this job got: 93%
	Elapsed (wall clock) time (h:mm:ss or m:ss): 15:51.10
	Average shared text size (kbytes): 0
	Average unshared data size (kbytes): 0
	Average stack size (kbytes): 0
	Average total size (kbytes): 0
	Maximum resident set size (kbytes): 104824596
	Average resident set size (kbytes): 0
	Major (requiring I/O) page faults: 0
	Minor (reclaiming a frame) page faults: 73825451
	Voluntary context switches: 24979
	Involuntary context switches: 27693
	Swaps: 0
	File system inputs: 143658976
	File system outputs: 24
	Socket messages sent: 0
	Socket messages received: 0
	Signals delivered: 0
	Page size (bytes): 4096
	Exit status: 0
[M::bwa_idx_load_from_disk] read 0 ALT contigs

[main_fastmap] fastmap index loading: Real time: 635.522 sec

[main_fastmap] fastmap matching: Real time: 277.002 sec
[main] Version: 0.7.17-r1198-dirty
[main] CMD: ../../bwa/bwa fastmap bc19.fa kmers.19.fka
[main] Real time: 942.254 sec; CPU: 885.269 sec
	Command being timed: "../../bwa/bwa fastmap bc19.fa kmers.19.fka"
	User time (seconds): 616.13
	System time (seconds): 273.38
	Percent of CPU this job got: 93%
	Elapsed (wall clock) time (h:mm:ss or m:ss): 15:46.51
	Average shared text size (kbytes): 0
	Average unshared data size (kbytes): 0
	Average stack size (kbytes): 0
	Average total size (kbytes): 0
	Maximum resident set size (kbytes): 104824460
	Average resident set size (kbytes): 0
	Major (requiring I/O) page faults: 0
	Minor (reclaiming a frame) page faults: 59334421
	Voluntary context switches: 13914
	Involuntary context switches: 18656
	Swaps: 0
	File system inputs: 143505272
	File system outputs: 24
	Socket messages sent: 0
	Socket messages received: 0
	Signals delivered: 0
	Page size (bytes): 4096
	Exit status: 0
[M::bwa_idx_load_from_disk] read 0 ALT contigs

[main_fastmap] fastmap index loading: Real time: 474.115 sec

[main_fastmap] fastmap matching: Real time: 258.107 sec
[main] Version: 0.7.17-r1198-dirty
[main] CMD: ../../bwa/bwa fastmap bc19.fa kmers.19.fka
[main] Real time: 760.283 sec; CPU: 711.958 sec
	Command being timed: "../../bwa/bwa fastmap bc19.fa kmers.19.fka"
	User time (seconds): 585.72
	System time (seconds): 131.05
	Percent of CPU this job got: 93%
	Elapsed (wall clock) time (h:mm:ss or m:ss): 12:45.11
	Average shared text size (kbytes): 0
	Average unshared data size (kbytes): 0
	Average stack size (kbytes): 0
	Average total size (kbytes): 0
	Maximum resident set size (kbytes): 104824604
	Average resident set size (kbytes): 0
	Major (requiring I/O) page faults: 0
	Minor (reclaiming a frame) page faults: 31392840
	Voluntary context switches: 2112
	Involuntary context switches: 17295
	Swaps: 0
	File system inputs: 143400752
	File system outputs: 24
	Socket messages sent: 0
	Socket messages received: 0
	Signals delivered: 0
	Page size (bytes): 4096
	Exit status: 0
