Hostname:	compute-e-16-252.o2.rc.hms.harvard.edu
[M::bwa_idx_load_from_disk] read 0 ALT contigs

[main_fastmap] fastmap index loading: Real time: 233.015 sec

[main_fastmap] fastmap matching: Real time: 160.056 sec
[main] Version: 0.7.17-r1198-dirty
[main] CMD: ../../bwa/bwa fastmap bc23.fa kmers.23.fka
[main] Real time: 405.990 sec; CPU: 372.285 sec
	Command being timed: "../../bwa/bwa fastmap bc23.fa kmers.23.fka"
	User time (seconds): 306.96
	System time (seconds): 67.08
	Percent of CPU this job got: 91%
	Elapsed (wall clock) time (h:mm:ss or m:ss): 6:47.76
	Average shared text size (kbytes): 0
	Average unshared data size (kbytes): 0
	Average stack size (kbytes): 0
	Average total size (kbytes): 0
	Maximum resident set size (kbytes): 63730276
	Average resident set size (kbytes): 0
	Major (requiring I/O) page faults: 0
	Minor (reclaiming a frame) page faults: 11554428
	Voluntary context switches: 1081
	Involuntary context switches: 9017
	Swaps: 0
	File system inputs: 99551016
	File system outputs: 24
	Socket messages sent: 0
	Socket messages received: 0
	Signals delivered: 0
	Page size (bytes): 4096
	Exit status: 0
[M::bwa_idx_load_from_disk] read 0 ALT contigs

[main_fastmap] fastmap index loading: Real time: 224.399 sec

[main_fastmap] fastmap matching: Real time: 164.073 sec
[main] Version: 0.7.17-r1198-dirty
[main] CMD: ../../bwa/bwa fastmap bc23.fa kmers.23.fka
[main] Real time: 400.062 sec; CPU: 373.275 sec
	Command being timed: "../../bwa/bwa fastmap bc23.fa kmers.23.fka"
	User time (seconds): 307.98
	System time (seconds): 67.05
	Percent of CPU this job got: 93%
	Elapsed (wall clock) time (h:mm:ss or m:ss): 6:41.83
	Average shared text size (kbytes): 0
	Average unshared data size (kbytes): 0
	Average stack size (kbytes): 0
	Average total size (kbytes): 0
	Maximum resident set size (kbytes): 63730336
	Average resident set size (kbytes): 0
	Major (requiring I/O) page faults: 0
	Minor (reclaiming a frame) page faults: 11412443
	Voluntary context switches: 1016
	Involuntary context switches: 12154
	Swaps: 0
	File system inputs: 99549400
	File system outputs: 24
	Socket messages sent: 0
	Socket messages received: 0
	Signals delivered: 0
	Page size (bytes): 4096
	Exit status: 0
[M::bwa_idx_load_from_disk] read 0 ALT contigs

[main_fastmap] fastmap index loading: Real time: 232.414 sec

[main_fastmap] fastmap matching: Real time: 166.170 sec
[main] Version: 0.7.17-r1198-dirty
[main] CMD: ../../bwa/bwa fastmap bc23.fa kmers.23.fka
[main] Real time: 411.525 sec; CPU: 381.836 sec
	Command being timed: "../../bwa/bwa fastmap bc23.fa kmers.23.fka"
	User time (seconds): 312.81
	System time (seconds): 70.77
	Percent of CPU this job got: 92%
	Elapsed (wall clock) time (h:mm:ss or m:ss): 6:53.27
	Average shared text size (kbytes): 0
	Average unshared data size (kbytes): 0
	Average stack size (kbytes): 0
	Average total size (kbytes): 0
	Maximum resident set size (kbytes): 63730296
	Average resident set size (kbytes): 0
	Major (requiring I/O) page faults: 0
	Minor (reclaiming a frame) page faults: 11565774
	Voluntary context switches: 1045
	Involuntary context switches: 14461
	Swaps: 0
	File system inputs: 99550208
	File system outputs: 24
	Socket messages sent: 0
	Socket messages received: 0
	Signals delivered: 0
	Page size (bytes): 4096
	Exit status: 0
