Hostname:	compute-e-16-252.o2.rc.hms.harvard.edu
[M::bwa_idx_load_from_disk] read 0 ALT contigs

[main_fastmap] fastmap index loading: Real time: 75.335 sec

[main_fastmap] fastmap matching: Real time: 418.098 sec
[main] Version: 0.7.17-r1198-dirty
[main] CMD: ../../bwa/bwa fastmap bc27_solid10.fa kmers.27.fka
[main] Real time: 499.280 sec; CPU: 493.162 sec
	Command being timed: "../../bwa/bwa fastmap bc27_solid10.fa kmers.27.fka"
	User time (seconds): 460.03
	System time (seconds): 33.13
	Percent of CPU this job got: 98%
	Elapsed (wall clock) time (h:mm:ss or m:ss): 8:19.29
	Average shared text size (kbytes): 0
	Average unshared data size (kbytes): 0
	Average stack size (kbytes): 0
	Average total size (kbytes): 0
	Maximum resident set size (kbytes): 19844644
	Average resident set size (kbytes): 0
	Major (requiring I/O) page faults: 0
	Minor (reclaiming a frame) page faults: 20330702
	Voluntary context switches: 434
	Involuntary context switches: 4543
	Swaps: 0
	File system inputs: 29530664
	File system outputs: 24
	Socket messages sent: 0
	Socket messages received: 0
	Signals delivered: 0
	Page size (bytes): 4096
	Exit status: 0
[M::bwa_idx_load_from_disk] read 0 ALT contigs

[main_fastmap] fastmap index loading: Real time: 67.083 sec

[main_fastmap] fastmap matching: Real time: 401.832 sec
[main] Version: 0.7.17-r1198-dirty
[main] CMD: ../../bwa/bwa fastmap bc27_solid10.fa kmers.27.fka
[main] Real time: 474.237 sec; CPU: 472.604 sec
	Command being timed: "../../bwa/bwa fastmap bc27_solid10.fa kmers.27.fka"
	User time (seconds): 446.44
	System time (seconds): 26.16
	Percent of CPU this job got: 99%
	Elapsed (wall clock) time (h:mm:ss or m:ss): 7:54.24
	Average shared text size (kbytes): 0
	Average unshared data size (kbytes): 0
	Average stack size (kbytes): 0
	Average total size (kbytes): 0
	Maximum resident set size (kbytes): 19844548
	Average resident set size (kbytes): 0
	Major (requiring I/O) page faults: 0
	Minor (reclaiming a frame) page faults: 14206319
	Voluntary context switches: 415
	Involuntary context switches: 2570
	Swaps: 0
	File system inputs: 29530208
	File system outputs: 24
	Socket messages sent: 0
	Socket messages received: 0
	Signals delivered: 0
	Page size (bytes): 4096
	Exit status: 0
[M::bwa_idx_load_from_disk] read 0 ALT contigs

[main_fastmap] fastmap index loading: Real time: 68.034 sec

[main_fastmap] fastmap matching: Real time: 410.501 sec
[main] Version: 0.7.17-r1198-dirty
[main] CMD: ../../bwa/bwa fastmap bc27_solid10.fa kmers.27.fka
[main] Real time: 484.001 sec; CPU: 482.276 sec
	Command being timed: "../../bwa/bwa fastmap bc27_solid10.fa kmers.27.fka"
	User time (seconds): 453.60
	System time (seconds): 28.67
	Percent of CPU this job got: 99%
	Elapsed (wall clock) time (h:mm:ss or m:ss): 8:04.00
	Average shared text size (kbytes): 0
	Average unshared data size (kbytes): 0
	Average stack size (kbytes): 0
	Average total size (kbytes): 0
	Maximum resident set size (kbytes): 19844540
	Average resident set size (kbytes): 0
	Major (requiring I/O) page faults: 0
	Minor (reclaiming a frame) page faults: 18561687
	Voluntary context switches: 411
	Involuntary context switches: 2166
	Swaps: 0
	File system inputs: 29532384
	File system outputs: 24
	Socket messages sent: 0
	Socket messages received: 0
	Signals delivered: 0
	Page size (bytes): 4096
	Exit status: 0
