Hostname:	compute-e-16-252.o2.rc.hms.harvard.edu
[M::bwa_idx_load_from_disk] read 0 ALT contigs

[main_fastmap] fastmap index loading: Real time: 196.193 sec

[main_fastmap] fastmap matching: Real time: 151.973 sec
[main] Version: 0.7.17-r1198-dirty
[main] CMD: ../../bwa/bwa fastmap bc27.fa kmers.27.fka
[main] Real time: 356.798 sec; CPU: 319.273 sec
	Command being timed: "../../bwa/bwa fastmap bc27.fa kmers.27.fka"
	User time (seconds): 262.14
	System time (seconds): 58.37
	Percent of CPU this job got: 89%
	Elapsed (wall clock) time (h:mm:ss or m:ss): 5:58.04
	Average shared text size (kbytes): 0
	Average unshared data size (kbytes): 0
	Average stack size (kbytes): 0
	Average total size (kbytes): 0
	Maximum resident set size (kbytes): 57967340
	Average resident set size (kbytes): 0
	Major (requiring I/O) page faults: 0
	Minor (reclaiming a frame) page faults: 8829273
	Voluntary context switches: 1323
	Involuntary context switches: 6938
	Swaps: 0
	File system inputs: 94306968
	File system outputs: 24
	Socket messages sent: 0
	Socket messages received: 0
	Signals delivered: 0
	Page size (bytes): 4096
	Exit status: 0
[M::bwa_idx_load_from_disk] read 0 ALT contigs

[main_fastmap] fastmap index loading: Real time: 185.604 sec

[main_fastmap] fastmap matching: Real time: 153.621 sec
[main] Version: 0.7.17-r1198-dirty
[main] CMD: ../../bwa/bwa fastmap bc27.fa kmers.27.fka
[main] Real time: 348.650 sec; CPU: 320.471 sec
	Command being timed: "../../bwa/bwa fastmap bc27.fa kmers.27.fka"
	User time (seconds): 263.43
	System time (seconds): 58.50
	Percent of CPU this job got: 91%
	Elapsed (wall clock) time (h:mm:ss or m:ss): 5:50.12
	Average shared text size (kbytes): 0
	Average unshared data size (kbytes): 0
	Average stack size (kbytes): 0
	Average total size (kbytes): 0
	Maximum resident set size (kbytes): 57967576
	Average resident set size (kbytes): 0
	Major (requiring I/O) page faults: 0
	Minor (reclaiming a frame) page faults: 8750310
	Voluntary context switches: 1039
	Involuntary context switches: 6244
	Swaps: 0
	File system inputs: 94309320
	File system outputs: 24
	Socket messages sent: 0
	Socket messages received: 0
	Signals delivered: 0
	Page size (bytes): 4096
	Exit status: 0
[M::bwa_idx_load_from_disk] read 0 ALT contigs

[main_fastmap] fastmap index loading: Real time: 186.823 sec

[main_fastmap] fastmap matching: Real time: 154.076 sec
[main] Version: 0.7.17-r1198-dirty
[main] CMD: ../../bwa/bwa fastmap bc27.fa kmers.27.fka
[main] Real time: 351.542 sec; CPU: 324.558 sec
	Command being timed: "../../bwa/bwa fastmap bc27.fa kmers.27.fka"
	User time (seconds): 265.59
	System time (seconds): 60.31
	Percent of CPU this job got: 92%
	Elapsed (wall clock) time (h:mm:ss or m:ss): 5:52.90
	Average shared text size (kbytes): 0
	Average unshared data size (kbytes): 0
	Average stack size (kbytes): 0
	Average total size (kbytes): 0
	Maximum resident set size (kbytes): 57967416
	Average resident set size (kbytes): 0
	Major (requiring I/O) page faults: 0
	Minor (reclaiming a frame) page faults: 8918204
	Voluntary context switches: 1018
	Involuntary context switches: 6675
	Swaps: 0
	File system inputs: 94309256
	File system outputs: 24
	Socket messages sent: 0
	Socket messages received: 0
	Signals delivered: 0
	Page size (bytes): 4096
	Exit status: 0
