Hostname:	compute-e-16-252.o2.rc.hms.harvard.edu
[M::bwa_idx_load_from_disk] read 0 ALT contigs

[main_fastmap] fastmap index loading: Real time: 66.442 sec

[main_fastmap] fastmap matching: Real time: 520.852 sec
[main] Version: 0.7.17-r1198-dirty
[main] CMD: ../../bwa/bwa fastmap bc31_solid10.fa kmers.31.fka
[main] Real time: 591.580 sec; CPU: 584.767 sec
	Command being timed: "../../bwa/bwa fastmap bc31_solid10.fa kmers.31.fka"
	User time (seconds): 553.08
	System time (seconds): 31.67
	Percent of CPU this job got: 98%
	Elapsed (wall clock) time (h:mm:ss or m:ss): 9:51.58
	Average shared text size (kbytes): 0
	Average unshared data size (kbytes): 0
	Average stack size (kbytes): 0
	Average total size (kbytes): 0
	Maximum resident set size (kbytes): 18641480
	Average resident set size (kbytes): 0
	Major (requiring I/O) page faults: 0
	Minor (reclaiming a frame) page faults: 19327673
	Voluntary context switches: 462
	Involuntary context switches: 3130
	Swaps: 0
	File system inputs: 28763352
	File system outputs: 24
	Socket messages sent: 0
	Socket messages received: 0
	Signals delivered: 0
	Page size (bytes): 4096
	Exit status: 0
[M::bwa_idx_load_from_disk] read 0 ALT contigs

[main_fastmap] fastmap index loading: Real time: 63.112 sec

[main_fastmap] fastmap matching: Real time: 502.872 sec
[main] Version: 0.7.17-r1198-dirty
[main] CMD: ../../bwa/bwa fastmap bc31_solid10.fa kmers.31.fka
[main] Real time: 571.130 sec; CPU: 569.566 sec
	Command being timed: "../../bwa/bwa fastmap bc31_solid10.fa kmers.31.fka"
	User time (seconds): 541.15
	System time (seconds): 28.40
	Percent of CPU this job got: 99%
	Elapsed (wall clock) time (h:mm:ss or m:ss): 9:31.13
	Average shared text size (kbytes): 0
	Average unshared data size (kbytes): 0
	Average stack size (kbytes): 0
	Average total size (kbytes): 0
	Maximum resident set size (kbytes): 18641460
	Average resident set size (kbytes): 0
	Major (requiring I/O) page faults: 0
	Minor (reclaiming a frame) page faults: 13589490
	Voluntary context switches: 665
	Involuntary context switches: 2284
	Swaps: 0
	File system inputs: 28761096
	File system outputs: 24
	Socket messages sent: 0
	Socket messages received: 0
	Signals delivered: 0
	Page size (bytes): 4096
	Exit status: 0
[M::bwa_idx_load_from_disk] read 0 ALT contigs

[main_fastmap] fastmap index loading: Real time: 59.826 sec

[main_fastmap] fastmap matching: Real time: 496.423 sec
[main] Version: 0.7.17-r1198-dirty
[main] CMD: ../../bwa/bwa fastmap bc31_solid10.fa kmers.31.fka
[main] Real time: 560.881 sec; CPU: 559.473 sec
	Command being timed: "../../bwa/bwa fastmap bc31_solid10.fa kmers.31.fka"
	User time (seconds): 533.99
	System time (seconds): 25.47
	Percent of CPU this job got: 99%
	Elapsed (wall clock) time (h:mm:ss or m:ss): 9:20.88
	Average shared text size (kbytes): 0
	Average unshared data size (kbytes): 0
	Average stack size (kbytes): 0
	Average total size (kbytes): 0
	Maximum resident set size (kbytes): 18641328
	Average resident set size (kbytes): 0
	Major (requiring I/O) page faults: 0
	Minor (reclaiming a frame) page faults: 14596931
	Voluntary context switches: 592
	Involuntary context switches: 2131
	Swaps: 0
	File system inputs: 28756488
	File system outputs: 24
	Socket messages sent: 0
	Socket messages received: 0
	Signals delivered: 0
	Page size (bytes): 4096
	Exit status: 0
