Hostname:	compute-e-16-252.o2.rc.hms.harvard.edu
[M::bwa_idx_load_from_disk] read 0 ALT contigs

[main_fastmap] fastmap index loading: Real time: 55.810 sec

[main_fastmap] fastmap matching: Real time: 171.805 sec
[main] Version: 0.7.17-r1198-dirty
[main] CMD: ../../bwa/bwa fastmap pa19_solid10.fa kmers.19.fka
[main] Real time: 229.835 sec; CPU: 223.290 sec
	Command being timed: "../../bwa/bwa fastmap pa19_solid10.fa kmers.19.fka"
	User time (seconds): 204.65
	System time (seconds): 19.11
	Percent of CPU this job got: 97%
	Elapsed (wall clock) time (h:mm:ss or m:ss): 3:50.32
	Average shared text size (kbytes): 0
	Average unshared data size (kbytes): 0
	Average stack size (kbytes): 0
	Average total size (kbytes): 0
	Maximum resident set size (kbytes): 13943932
	Average resident set size (kbytes): 0
	Major (requiring I/O) page faults: 0
	Minor (reclaiming a frame) page faults: 7405673
	Voluntary context switches: 436
	Involuntary context switches: 2717
	Swaps: 0
	File system inputs: 21075072
	File system outputs: 24
	Socket messages sent: 0
	Socket messages received: 0
	Signals delivered: 0
	Page size (bytes): 4096
	Exit status: 0
[M::bwa_idx_load_from_disk] read 0 ALT contigs

[main_fastmap] fastmap index loading: Real time: 52.354 sec

[main_fastmap] fastmap matching: Real time: 163.125 sec
[main] Version: 0.7.17-r1198-dirty
[main] CMD: ../../bwa/bwa fastmap pa19_solid10.fa kmers.19.fka
[main] Real time: 217.552 sec; CPU: 216.159 sec
	Command being timed: "../../bwa/bwa fastmap pa19_solid10.fa kmers.19.fka"
	User time (seconds): 196.68
	System time (seconds): 20.02
	Percent of CPU this job got: 99%
	Elapsed (wall clock) time (h:mm:ss or m:ss): 3:38.10
	Average shared text size (kbytes): 0
	Average unshared data size (kbytes): 0
	Average stack size (kbytes): 0
	Average total size (kbytes): 0
	Maximum resident set size (kbytes): 13943804
	Average resident set size (kbytes): 0
	Major (requiring I/O) page faults: 0
	Minor (reclaiming a frame) page faults: 7277782
	Voluntary context switches: 343
	Involuntary context switches: 2314
	Swaps: 0
	File system inputs: 21076608
	File system outputs: 24
	Socket messages sent: 0
	Socket messages received: 0
	Signals delivered: 0
	Page size (bytes): 4096
	Exit status: 0
[M::bwa_idx_load_from_disk] read 0 ALT contigs

[main_fastmap] fastmap index loading: Real time: 46.795 sec

[main_fastmap] fastmap matching: Real time: 160.921 sec
[main] Version: 0.7.17-r1198-dirty
[main] CMD: ../../bwa/bwa fastmap pa19_solid10.fa kmers.19.fka
[main] Real time: 209.554 sec; CPU: 208.278 sec
	Command being timed: "../../bwa/bwa fastmap pa19_solid10.fa kmers.19.fka"
	User time (seconds): 193.09
	System time (seconds): 15.65
	Percent of CPU this job got: 99%
	Elapsed (wall clock) time (h:mm:ss or m:ss): 3:30.03
	Average shared text size (kbytes): 0
	Average unshared data size (kbytes): 0
	Average stack size (kbytes): 0
	Average total size (kbytes): 0
	Maximum resident set size (kbytes): 13943880
	Average resident set size (kbytes): 0
	Major (requiring I/O) page faults: 0
	Minor (reclaiming a frame) page faults: 6992477
	Voluntary context switches: 428
	Involuntary context switches: 1245
	Swaps: 0
	File system inputs: 21076552
	File system outputs: 16
	Socket messages sent: 0
	Socket messages received: 0
	Signals delivered: 0
	Page size (bytes): 4096
	Exit status: 0
