Hostname:	compute-e-16-252.o2.rc.hms.harvard.edu
[M::bwa_idx_load_from_disk] read 0 ALT contigs

[main_fastmap] fastmap index loading: Real time: 114.554 sec

[main_fastmap] fastmap matching: Real time: 142.165 sec
[main] Version: 0.7.17-r1198-dirty
[main] CMD: ../../bwa/bwa fastmap pa23.fa kmers.23.fka
[main] Real time: 260.148 sec; CPU: 229.128 sec
	Command being timed: "../../bwa/bwa fastmap pa23.fa kmers.23.fka"
	User time (seconds): 188.96
	System time (seconds): 40.72
	Percent of CPU this job got: 88%
	Elapsed (wall clock) time (h:mm:ss or m:ss): 4:20.73
	Average shared text size (kbytes): 0
	Average unshared data size (kbytes): 0
	Average stack size (kbytes): 0
	Average total size (kbytes): 0
	Maximum resident set size (kbytes): 40001504
	Average resident set size (kbytes): 0
	Major (requiring I/O) page faults: 0
	Minor (reclaiming a frame) page faults: 4073407
	Voluntary context switches: 1029
	Involuntary context switches: 6159
	Swaps: 0
	File system inputs: 72002640
	File system outputs: 16
	Socket messages sent: 0
	Socket messages received: 0
	Signals delivered: 0
	Page size (bytes): 4096
	Exit status: 0
[M::bwa_idx_load_from_disk] read 0 ALT contigs

[main_fastmap] fastmap index loading: Real time: 77.766 sec

[main_fastmap] fastmap matching: Real time: 146.086 sec
[main] Version: 0.7.17-r1198-dirty
[main] CMD: ../../bwa/bwa fastmap pa23.fa kmers.23.fka
[main] Real time: 227.641 sec; CPU: 223.790 sec
	Command being timed: "../../bwa/bwa fastmap pa23.fa kmers.23.fka"
	User time (seconds): 188.19
	System time (seconds): 36.18
	Percent of CPU this job got: 98%
	Elapsed (wall clock) time (h:mm:ss or m:ss): 3:48.23
	Average shared text size (kbytes): 0
	Average unshared data size (kbytes): 0
	Average stack size (kbytes): 0
	Average total size (kbytes): 0
	Maximum resident set size (kbytes): 40001324
	Average resident set size (kbytes): 0
	Major (requiring I/O) page faults: 0
	Minor (reclaiming a frame) page faults: 3982270
	Voluntary context switches: 1865
	Involuntary context switches: 2667
	Swaps: 0
	File system inputs: 72002544
	File system outputs: 24
	Socket messages sent: 0
	Socket messages received: 0
	Signals delivered: 0
	Page size (bytes): 4096
	Exit status: 0
[M::bwa_idx_load_from_disk] read 0 ALT contigs

[main_fastmap] fastmap index loading: Real time: 81.341 sec

[main_fastmap] fastmap matching: Real time: 142.862 sec
[main] Version: 0.7.17-r1198-dirty
[main] CMD: ../../bwa/bwa fastmap pa23.fa kmers.23.fka
[main] Real time: 228.205 sec; CPU: 224.230 sec
	Command being timed: "../../bwa/bwa fastmap pa23.fa kmers.23.fka"
	User time (seconds): 189.67
	System time (seconds): 35.09
	Percent of CPU this job got: 98%
	Elapsed (wall clock) time (h:mm:ss or m:ss): 3:48.75
	Average shared text size (kbytes): 0
	Average unshared data size (kbytes): 0
	Average stack size (kbytes): 0
	Average total size (kbytes): 0
	Maximum resident set size (kbytes): 40001516
	Average resident set size (kbytes): 0
	Major (requiring I/O) page faults: 0
	Minor (reclaiming a frame) page faults: 3883279
	Voluntary context switches: 1902
	Involuntary context switches: 3200
	Swaps: 0
	File system inputs: 72002592
	File system outputs: 16
	Socket messages sent: 0
	Socket messages received: 0
	Signals delivered: 0
	Page size (bytes): 4096
	Exit status: 0
