Hostname:	compute-e-16-252.o2.rc.hms.harvard.edu
[M::bwa_idx_load_from_disk] read 0 ALT contigs

[main_fastmap] fastmap index loading: Real time: 28.860 sec

[main_fastmap] fastmap matching: Real time: 355.574 sec
[main] Version: 0.7.17-r1198-dirty
[main] CMD: ../../bwa/bwa fastmap pa27_solid10.fa kmers.27.fka
[main] Real time: 385.319 sec; CPU: 381.141 sec
	Command being timed: "../../bwa/bwa fastmap pa27_solid10.fa kmers.27.fka"
	User time (seconds): 366.18
	System time (seconds): 15.20
	Percent of CPU this job got: 98%
	Elapsed (wall clock) time (h:mm:ss or m:ss): 6:25.56
	Average shared text size (kbytes): 0
	Average unshared data size (kbytes): 0
	Average stack size (kbytes): 0
	Average total size (kbytes): 0
	Maximum resident set size (kbytes): 9803528
	Average resident set size (kbytes): 0
	Major (requiring I/O) page faults: 0
	Minor (reclaiming a frame) page faults: 5722479
	Voluntary context switches: 332
	Involuntary context switches: 1679
	Swaps: 0
	File system inputs: 17545912
	File system outputs: 16
	Socket messages sent: 0
	Socket messages received: 0
	Signals delivered: 0
	Page size (bytes): 4096
	Exit status: 0
[M::bwa_idx_load_from_disk] read 0 ALT contigs

[main_fastmap] fastmap index loading: Real time: 24.277 sec

[main_fastmap] fastmap matching: Real time: 355.702 sec
[main] Version: 0.7.17-r1198-dirty
[main] CMD: ../../bwa/bwa fastmap pa27_solid10.fa kmers.27.fka
[main] Real time: 380.852 sec; CPU: 379.491 sec
	Command being timed: "../../bwa/bwa fastmap pa27_solid10.fa kmers.27.fka"
	User time (seconds): 364.17
	System time (seconds): 15.52
	Percent of CPU this job got: 99%
	Elapsed (wall clock) time (h:mm:ss or m:ss): 6:21.05
	Average shared text size (kbytes): 0
	Average unshared data size (kbytes): 0
	Average stack size (kbytes): 0
	Average total size (kbytes): 0
	Maximum resident set size (kbytes): 9803600
	Average resident set size (kbytes): 0
	Major (requiring I/O) page faults: 0
	Minor (reclaiming a frame) page faults: 7261411
	Voluntary context switches: 313
	Involuntary context switches: 2688
	Swaps: 0
	File system inputs: 16391352
	File system outputs: 24
	Socket messages sent: 0
	Socket messages received: 0
	Signals delivered: 0
	Page size (bytes): 4096
	Exit status: 0
[M::bwa_idx_load_from_disk] read 0 ALT contigs

[main_fastmap] fastmap index loading: Real time: 25.225 sec

[main_fastmap] fastmap matching: Real time: 362.130 sec
[main] Version: 0.7.17-r1198-dirty
[main] CMD: ../../bwa/bwa fastmap pa27_solid10.fa kmers.27.fka
[main] Real time: 388.177 sec; CPU: 386.608 sec
	Command being timed: "../../bwa/bwa fastmap pa27_solid10.fa kmers.27.fka"
	User time (seconds): 373.79
	System time (seconds): 13.01
	Percent of CPU this job got: 99%
	Elapsed (wall clock) time (h:mm:ss or m:ss): 6:28.38
	Average shared text size (kbytes): 0
	Average unshared data size (kbytes): 0
	Average stack size (kbytes): 0
	Average total size (kbytes): 0
	Maximum resident set size (kbytes): 9803748
	Average resident set size (kbytes): 0
	Major (requiring I/O) page faults: 0
	Minor (reclaiming a frame) page faults: 4200009
	Voluntary context switches: 185
	Involuntary context switches: 10926
	Swaps: 0
	File system inputs: 17419248
	File system outputs: 16
	Socket messages sent: 0
	Socket messages received: 0
	Signals delivered: 0
	Page size (bytes): 4096
	Exit status: 0
