Hostname:	compute-e-16-252.o2.rc.hms.harvard.edu
[M::bwa_idx_load_from_disk] read 0 ALT contigs

[main_fastmap] fastmap index loading: Real time: 89.683 sec

[main_fastmap] fastmap matching: Real time: 146.215 sec
[main] Version: 0.7.17-r1198-dirty
[main] CMD: ../../bwa/bwa fastmap pa27.fa kmers.27.fka
[main] Real time: 238.491 sec; CPU: 217.376 sec
	Command being timed: "../../bwa/bwa fastmap pa27.fa kmers.27.fka"
	User time (seconds): 178.47
	System time (seconds): 39.33
	Percent of CPU this job got: 91%
	Elapsed (wall clock) time (h:mm:ss or m:ss): 3:58.93
	Average shared text size (kbytes): 0
	Average unshared data size (kbytes): 0
	Average stack size (kbytes): 0
	Average total size (kbytes): 0
	Maximum resident set size (kbytes): 38087808
	Average resident set size (kbytes): 0
	Major (requiring I/O) page faults: 0
	Minor (reclaiming a frame) page faults: 2919138
	Voluntary context switches: 818
	Involuntary context switches: 8611
	Swaps: 0
	File system inputs: 70520968
	File system outputs: 24
	Socket messages sent: 0
	Socket messages received: 0
	Signals delivered: 0
	Page size (bytes): 4096
	Exit status: 0
[M::bwa_idx_load_from_disk] read 0 ALT contigs

[main_fastmap] fastmap index loading: Real time: 67.876 sec

[main_fastmap] fastmap matching: Real time: 139.403 sec
[main] Version: 0.7.17-r1198-dirty
[main] CMD: ../../bwa/bwa fastmap pa27.fa kmers.27.fka
[main] Real time: 210.246 sec; CPU: 205.618 sec
	Command being timed: "../../bwa/bwa fastmap pa27.fa kmers.27.fka"
	User time (seconds): 173.48
	System time (seconds): 32.52
	Percent of CPU this job got: 97%
	Elapsed (wall clock) time (h:mm:ss or m:ss): 3:30.64
	Average shared text size (kbytes): 0
	Average unshared data size (kbytes): 0
	Average stack size (kbytes): 0
	Average total size (kbytes): 0
	Maximum resident set size (kbytes): 38087864
	Average resident set size (kbytes): 0
	Major (requiring I/O) page faults: 0
	Minor (reclaiming a frame) page faults: 2965902
	Voluntary context switches: 844
	Involuntary context switches: 4730
	Swaps: 0
	File system inputs: 70523544
	File system outputs: 24
	Socket messages sent: 0
	Socket messages received: 0
	Signals delivered: 0
	Page size (bytes): 4096
	Exit status: 0
[M::bwa_idx_load_from_disk] read 0 ALT contigs

[main_fastmap] fastmap index loading: Real time: 67.474 sec

[main_fastmap] fastmap matching: Real time: 145.580 sec
[main] Version: 0.7.17-r1198-dirty
[main] CMD: ../../bwa/bwa fastmap pa27.fa kmers.27.fka
[main] Real time: 216.900 sec; CPU: 211.902 sec
	Command being timed: "../../bwa/bwa fastmap pa27.fa kmers.27.fka"
	User time (seconds): 175.30
	System time (seconds): 37.13
	Percent of CPU this job got: 97%
	Elapsed (wall clock) time (h:mm:ss or m:ss): 3:37.44
	Average shared text size (kbytes): 0
	Average unshared data size (kbytes): 0
	Average stack size (kbytes): 0
	Average total size (kbytes): 0
	Maximum resident set size (kbytes): 38087788
	Average resident set size (kbytes): 0
	Major (requiring I/O) page faults: 0
	Minor (reclaiming a frame) page faults: 3000228
	Voluntary context switches: 831
	Involuntary context switches: 4481
	Swaps: 0
	File system inputs: 70520840
	File system outputs: 16
	Socket messages sent: 0
	Socket messages received: 0
	Signals delivered: 0
	Page size (bytes): 4096
	Exit status: 0
