Hostname:	compute-e-16-252.o2.rc.hms.harvard.edu
[M::bwa_idx_load_from_disk] read 0 ALT contigs

[main_fastmap] fastmap index loading: Real time: 87.961 sec

[main_fastmap] fastmap matching: Real time: 142.263 sec
[main] Version: 0.7.17-r1198-dirty
[main] CMD: ../../bwa/bwa fastmap pa31.fa kmers.31.fka
[main] Real time: 232.987 sec; CPU: 211.073 sec
	Command being timed: "../../bwa/bwa fastmap pa31.fa kmers.31.fka"
	User time (seconds): 174.10
	System time (seconds): 37.34
	Percent of CPU this job got: 90%
	Elapsed (wall clock) time (h:mm:ss or m:ss): 3:53.36
	Average shared text size (kbytes): 0
	Average unshared data size (kbytes): 0
	Average stack size (kbytes): 0
	Average total size (kbytes): 0
	Maximum resident set size (kbytes): 38041896
	Average resident set size (kbytes): 0
	Major (requiring I/O) page faults: 0
	Minor (reclaiming a frame) page faults: 2430833
	Voluntary context switches: 773
	Involuntary context switches: 6429
	Swaps: 0
	File system inputs: 71097608
	File system outputs: 16
	Socket messages sent: 0
	Socket messages received: 0
	Signals delivered: 0
	Page size (bytes): 4096
	Exit status: 0
[M::bwa_idx_load_from_disk] read 0 ALT contigs

[main_fastmap] fastmap index loading: Real time: 67.244 sec

[main_fastmap] fastmap matching: Real time: 141.433 sec
[main] Version: 0.7.17-r1198-dirty
[main] CMD: ../../bwa/bwa fastmap pa31.fa kmers.31.fka
[main] Real time: 212.294 sec; CPU: 207.120 sec
	Command being timed: "../../bwa/bwa fastmap pa31.fa kmers.31.fka"
	User time (seconds): 174.48
	System time (seconds): 33.06
	Percent of CPU this job got: 97%
	Elapsed (wall clock) time (h:mm:ss or m:ss): 3:32.72
	Average shared text size (kbytes): 0
	Average unshared data size (kbytes): 0
	Average stack size (kbytes): 0
	Average total size (kbytes): 0
	Maximum resident set size (kbytes): 38041876
	Average resident set size (kbytes): 0
	Major (requiring I/O) page faults: 0
	Minor (reclaiming a frame) page faults: 2632037
	Voluntary context switches: 393
	Involuntary context switches: 7179
	Swaps: 0
	File system inputs: 71097832
	File system outputs: 16
	Socket messages sent: 0
	Socket messages received: 0
	Signals delivered: 0
	Page size (bytes): 4096
	Exit status: 0
[M::bwa_idx_load_from_disk] read 0 ALT contigs

[main_fastmap] fastmap index loading: Real time: 65.224 sec

[main_fastmap] fastmap matching: Real time: 145.958 sec
[main] Version: 0.7.17-r1198-dirty
[main] CMD: ../../bwa/bwa fastmap pa31.fa kmers.31.fka
[main] Real time: 213.304 sec; CPU: 207.980 sec
	Command being timed: "../../bwa/bwa fastmap pa31.fa kmers.31.fka"
	User time (seconds): 173.09
	System time (seconds): 35.21
	Percent of CPU this job got: 97%
	Elapsed (wall clock) time (h:mm:ss or m:ss): 3:33.63
	Average shared text size (kbytes): 0
	Average unshared data size (kbytes): 0
	Average stack size (kbytes): 0
	Average total size (kbytes): 0
	Maximum resident set size (kbytes): 38042072
	Average resident set size (kbytes): 0
	Major (requiring I/O) page faults: 0
	Minor (reclaiming a frame) page faults: 2704036
	Voluntary context switches: 359
	Involuntary context switches: 14965
	Swaps: 0
	File system inputs: 71094600
	File system outputs: 16
	Socket messages sent: 0
	Socket messages received: 0
	Signals delivered: 0
	Page size (bytes): 4096
	Exit status: 0
