Hostname:	compute-e-16-252.o2.rc.hms.harvard.edu
[M::bwa_idx_load_from_disk] read 0 ALT contigs

[main_fastmap] fastmap index loading: Real time: 28.792 sec

[main_fastmap] fastmap matching: Real time: 437.148 sec
[main] Version: 0.7.17-r1198-dirty
[main] CMD: ../../bwa/bwa fastmap pa31_solid10.fa kmers.31.fka
[main] Real time: 466.734 sec; CPU: 461.335 sec
	Command being timed: "../../bwa/bwa fastmap pa31_solid10.fa kmers.31.fka"
	User time (seconds): 447.06
	System time (seconds): 14.42
	Percent of CPU this job got: 98%
	Elapsed (wall clock) time (h:mm:ss or m:ss): 7:46.89
	Average shared text size (kbytes): 0
	Average unshared data size (kbytes): 0
	Average stack size (kbytes): 0
	Average total size (kbytes): 0
	Maximum resident set size (kbytes): 9916856
	Average resident set size (kbytes): 0
	Major (requiring I/O) page faults: 0
	Minor (reclaiming a frame) page faults: 5343204
	Voluntary context switches: 367
	Involuntary context switches: 3763
	Swaps: 0
	File system inputs: 18047800
	File system outputs: 16
	Socket messages sent: 0
	Socket messages received: 0
	Signals delivered: 0
	Page size (bytes): 4096
	Exit status: 0
[M::bwa_idx_load_from_disk] read 0 ALT contigs

[main_fastmap] fastmap index loading: Real time: 25.484 sec

[main_fastmap] fastmap matching: Real time: 463.904 sec
[main] Version: 0.7.17-r1198-dirty
[main] CMD: ../../bwa/bwa fastmap pa31_solid10.fa kmers.31.fka
[main] Real time: 490.580 sec; CPU: 488.091 sec
	Command being timed: "../../bwa/bwa fastmap pa31_solid10.fa kmers.31.fka"
	User time (seconds): 466.51
	System time (seconds): 21.77
	Percent of CPU this job got: 99%
	Elapsed (wall clock) time (h:mm:ss or m:ss): 8:10.78
	Average shared text size (kbytes): 0
	Average unshared data size (kbytes): 0
	Average stack size (kbytes): 0
	Average total size (kbytes): 0
	Maximum resident set size (kbytes): 9916844
	Average resident set size (kbytes): 0
	Major (requiring I/O) page faults: 0
	Minor (reclaiming a frame) page faults: 10768635
	Voluntary context switches: 643
	Involuntary context switches: 5097
	Swaps: 0
	File system inputs: 16947016
	File system outputs: 16
	Socket messages sent: 0
	Socket messages received: 0
	Signals delivered: 0
	Page size (bytes): 4096
	Exit status: 0
[M::bwa_idx_load_from_disk] read 0 ALT contigs

[main_fastmap] fastmap index loading: Real time: 24.559 sec

[main_fastmap] fastmap matching: Real time: 438.138 sec
[main] Version: 0.7.17-r1198-dirty
[main] CMD: ../../bwa/bwa fastmap pa31_solid10.fa kmers.31.fka
[main] Real time: 463.368 sec; CPU: 461.315 sec
	Command being timed: "../../bwa/bwa fastmap pa31_solid10.fa kmers.31.fka"
	User time (seconds): 446.33
	System time (seconds): 15.07
	Percent of CPU this job got: 99%
	Elapsed (wall clock) time (h:mm:ss or m:ss): 7:43.47
	Average shared text size (kbytes): 0
	Average unshared data size (kbytes): 0
	Average stack size (kbytes): 0
	Average total size (kbytes): 0
	Maximum resident set size (kbytes): 9916848
	Average resident set size (kbytes): 0
	Major (requiring I/O) page faults: 0
	Minor (reclaiming a frame) page faults: 8327895
	Voluntary context switches: 625
	Involuntary context switches: 4566
	Swaps: 0
	File system inputs: 18001152
	File system outputs: 16
	Socket messages sent: 0
	Socket messages received: 0
	Signals delivered: 0
	Page size (bytes): 4096
	Exit status: 0
