[M::bwa_idx_load_from_disk] read 0 ALT contigs

[main_fastmap] fastmap index loading: Real time: 1.337 sec

[main_fastmap] fastmap matching: Real time: 9787.871 sec
[main] Version: 0.7.17-r1198-dirty
[main] CMD: ../../bwa/bwa fastmap -w 99999 -l 27 ngono.me27.fna kmers.27.fa
[main] Real time: 9789.360 sec; CPU: 9788.258 sec
     9789.36 real      9779.99 user         8.26 sys
3550945280  maximum resident set size
         0  average shared memory size
         0  average unshared data size
         0  average unshared stack size
    866951  page reclaims
         0  page faults
         0  swaps
         0  block input operations
         3  block output operations
         0  messages sent
         0  messages received
         0  signals received
         0  voluntary context switches
    162005  involuntary context switches
