[M::bwa_idx_load_from_disk] read 0 ALT contigs

[main_fastmap] fastmap index loading: Real time: 0.484 sec

[main_fastmap] fastmap matching: Real time: 39.800 sec
[main] Version: 0.7.17-r1198-dirty
[main] CMD: ../../bwa/bwa fastmap -w 99999 -l 31 ngono.bc31.fna kmers.31.fa
[main] Real time: 40.328 sec; CPU: 40.307 sec
       40.33 real        40.05 user         0.25 sys
  39645184  maximum resident set size
         0  average shared memory size
         0  average unshared data size
         0  average unshared stack size
      9701  page reclaims
         0  page faults
         0  swaps
         0  block input operations
         2  block output operations
         0  messages sent
         0  messages received
         0  signals received
         0  voluntary context switches
       636  involuntary context switches
