[M::bwa_idx_load_from_disk] read 0 ALT contigs

[main_fastmap] fastmap index loading: Real time: 0.043 sec

[main_fastmap] fastmap matching: Real time: 25.605 sec
[main] Version: 0.7.17-r1198-dirty
[main] CMD: ../../bwa/bwa fastmap -w 99999 -l 27 ngono.pa27.fna kmers.27.fa
[main] Real time: 25.673 sec; CPU: 25.654 sec
       25.67 real        25.45 user         0.20 sys
  13590528  maximum resident set size
         0  average shared memory size
         0  average unshared data size
         0  average unshared stack size
      3338  page reclaims
         0  page faults
         0  swaps
         0  block input operations
         3  block output operations
         0  messages sent
         0  messages received
         0  signals received
         0  voluntary context switches
       618  involuntary context switches
