[M::bwa_idx_load_from_disk] read 0 ALT contigs

[main_fastmap] fastmap index loading: Real time: 0.044 sec

[main_fastmap] fastmap matching: Real time: 27.509 sec
[main] Version: 0.7.17-r1198-dirty
[main] CMD: ../../bwa/bwa fastmap -w 99999 -l 31 ngono.pa31.fna kmers.31.fa
[main] Real time: 27.579 sec; CPU: 27.558 sec
       27.58 real        27.33 user         0.22 sys
  14446592  maximum resident set size
         0  average shared memory size
         0  average unshared data size
         0  average unshared stack size
      3547  page reclaims
         0  page faults
         0  swaps
         0  block input operations
         2  block output operations
         0  messages sent
         0  messages received
         0  signals received
         0  voluntary context switches
       475  involuntary context switches
