[M::bwa_idx_load_from_disk] read 0 ALT contigs

[main_fastmap] fastmap index loading: Real time: 1.321 sec

[main_fastmap] fastmap matching: Real time: 9461.145 sec
[main] Version: 0.7.17-r1198-dirty
[main] CMD: ../../bwa/bwa fastmap -w 99999 -l 31 ngono.me31.fna kmers.31.fa
[main] Real time: 9462.611 sec; CPU: 9461.469 sec
     9462.61 real      9453.98 user         7.48 sys
3550883840  maximum resident set size
         0  average shared memory size
         0  average unshared data size
         0  average unshared stack size
    866936  page reclaims
         0  page faults
         0  swaps
         0  block input operations
         4  block output operations
         0  messages sent
         0  messages received
         0  signals received
         0  voluntary context switches
    157510  involuntary context switches
