Hostname:	compute-a-16-151.o2.rc.hms.harvard.edu
[M::bwa_idx_load_from_disk] read 0 ALT contigs

[main_fastmap] fastmap index loading: Real time: 733.012 sec

[main_fastmap] fastmap matching: Real time: 1138.856 sec
[main] Version: 0.7.17-r1198-dirty
[main] CMD: ../../bwa/bwa fastmap -w 99999 -l 19 bc19.fa kmers.19.fka
[main] Real time: 1915.157 sec; CPU: 1874.382 sec
	Command being timed: "../../bwa/bwa fastmap -w 99999 -l 19 bc19.fa kmers.19.fka"
	User time (seconds): 1176.70
	System time (seconds): 703.66
	Percent of CPU this job got: 97%
	Elapsed (wall clock) time (h:mm:ss or m:ss): 32:01.25
	Average shared text size (kbytes): 0
	Average unshared data size (kbytes): 0
	Average stack size (kbytes): 0
	Average total size (kbytes): 0
	Maximum resident set size (kbytes): 104824480
	Average resident set size (kbytes): 0
	Major (requiring I/O) page faults: 0
	Minor (reclaiming a frame) page faults: 338676326
	Voluntary context switches: 38872
	Involuntary context switches: 7041
	Swaps: 0
	File system inputs: 144568384
	File system outputs: 48
	Socket messages sent: 0
	Socket messages received: 0
	Signals delivered: 0
	Page size (bytes): 4096
	Exit status: 0
[M::bwa_idx_load_from_disk] read 0 ALT contigs

[main_fastmap] fastmap index loading: Real time: 1545.722 sec

[main_fastmap] fastmap matching: Real time: 856.087 sec
[main] Version: 0.7.17-r1198-dirty
[main] CMD: ../../bwa/bwa fastmap -w 99999 -l 19 bc19.fa kmers.19.fka
[main] Real time: 2440.090 sec; CPU: 2413.310 sec
	Command being timed: "../../bwa/bwa fastmap -w 99999 -l 19 bc19.fa kmers.19.fka"
	User time (seconds): 1064.54
	System time (seconds): 1354.09
	Percent of CPU this job got: 98%
	Elapsed (wall clock) time (h:mm:ss or m:ss): 40:45.42
	Average shared text size (kbytes): 0
	Average unshared data size (kbytes): 0
	Average stack size (kbytes): 0
	Average total size (kbytes): 0
	Maximum resident set size (kbytes): 104824608
	Average resident set size (kbytes): 0
	Major (requiring I/O) page faults: 0
	Minor (reclaiming a frame) page faults: 197172403
	Voluntary context switches: 20520
	Involuntary context switches: 5132
	Swaps: 0
	File system inputs: 143951888
	File system outputs: 104
	Socket messages sent: 0
	Socket messages received: 0
	Signals delivered: 0
	Page size (bytes): 4096
	Exit status: 0
[M::bwa_idx_load_from_disk] read 0 ALT contigs

[main_fastmap] fastmap index loading: Real time: 757.678 sec

[main_fastmap] fastmap matching: Real time: 583.419 sec
[main] Version: 0.7.17-r1198-dirty
[main] CMD: ../../bwa/bwa fastmap -w 99999 -l 19 bc19.fa kmers.19.fka
[main] Real time: 1373.549 sec; CPU: 1346.853 sec
	Command being timed: "../../bwa/bwa fastmap -w 99999 -l 19 bc19.fa kmers.19.fka"
	User time (seconds): 883.97
	System time (seconds): 469.00
	Percent of CPU this job got: 98%
	Elapsed (wall clock) time (h:mm:ss or m:ss): 22:59.68
	Average shared text size (kbytes): 0
	Average unshared data size (kbytes): 0
	Average stack size (kbytes): 0
	Average total size (kbytes): 0
	Maximum resident set size (kbytes): 104824560
	Average resident set size (kbytes): 0
	Major (requiring I/O) page faults: 0
	Minor (reclaiming a frame) page faults: 86872027
	Voluntary context switches: 14529
	Involuntary context switches: 2391
	Swaps: 0
	File system inputs: 143609456
	File system outputs: 80
	Socket messages sent: 0
	Socket messages received: 0
	Signals delivered: 0
	Page size (bytes): 4096
	Exit status: 0
