Hostname:	compute-a-16-151.o2.rc.hms.harvard.edu
[M::bwa_idx_load_from_disk] read 0 ALT contigs

[main_fastmap] fastmap index loading: Real time: 231.613 sec

[main_fastmap] fastmap matching: Real time: 156.858 sec
[main] Version: 0.7.17-r1198-dirty
[main] CMD: ../../bwa/bwa fastmap -w 99999 -l 19 bc19_solid10.fa kmers.19.fka
[main] Real time: 406.391 sec; CPU: 396.793 sec
	Command being timed: "../../bwa/bwa fastmap -w 99999 -l 19 bc19_solid10.fa kmers.19.fka"
	User time (seconds): 351.79
	System time (seconds): 44.99
	Percent of CPU this job got: 97%
	Elapsed (wall clock) time (h:mm:ss or m:ss): 6:46.39
	Average shared text size (kbytes): 0
	Average unshared data size (kbytes): 0
	Average stack size (kbytes): 0
	Average total size (kbytes): 0
	Maximum resident set size (kbytes): 45573096
	Average resident set size (kbytes): 0
	Major (requiring I/O) page faults: 0
	Minor (reclaiming a frame) page faults: 17787663
	Voluntary context switches: 469
	Involuntary context switches: 864
	Swaps: 0
	File system inputs: 55853816
	File system outputs: 16
	Socket messages sent: 0
	Socket messages received: 0
	Signals delivered: 0
	Page size (bytes): 4096
	Exit status: 0
[M::bwa_idx_load_from_disk] read 0 ALT contigs

[main_fastmap] fastmap index loading: Real time: 223.866 sec

[main_fastmap] fastmap matching: Real time: 159.130 sec
[main] Version: 0.7.17-r1198-dirty
[main] CMD: ../../bwa/bwa fastmap -w 99999 -l 19 bc19_solid10.fa kmers.19.fka
[main] Real time: 401.146 sec; CPU: 399.619 sec
	Command being timed: "../../bwa/bwa fastmap -w 99999 -l 19 bc19_solid10.fa kmers.19.fka"
	User time (seconds): 355.90
	System time (seconds): 43.71
	Percent of CPU this job got: 99%
	Elapsed (wall clock) time (h:mm:ss or m:ss): 6:41.15
	Average shared text size (kbytes): 0
	Average unshared data size (kbytes): 0
	Average stack size (kbytes): 0
	Average total size (kbytes): 0
	Maximum resident set size (kbytes): 45573048
	Average resident set size (kbytes): 0
	Major (requiring I/O) page faults: 0
	Minor (reclaiming a frame) page faults: 17916548
	Voluntary context switches: 189
	Involuntary context switches: 1086
	Swaps: 0
	File system inputs: 55856248
	File system outputs: 16
	Socket messages sent: 0
	Socket messages received: 0
	Signals delivered: 0
	Page size (bytes): 4096
	Exit status: 0
[M::bwa_idx_load_from_disk] read 0 ALT contigs

[main_fastmap] fastmap index loading: Real time: 224.122 sec

[main_fastmap] fastmap matching: Real time: 158.324 sec
[main] Version: 0.7.17-r1198-dirty
[main] CMD: ../../bwa/bwa fastmap -w 99999 -l 19 bc19_solid10.fa kmers.19.fka
[main] Real time: 401.542 sec; CPU: 399.861 sec
	Command being timed: "../../bwa/bwa fastmap -w 99999 -l 19 bc19_solid10.fa kmers.19.fka"
	User time (seconds): 355.17
	System time (seconds): 44.68
	Percent of CPU this job got: 99%
	Elapsed (wall clock) time (h:mm:ss or m:ss): 6:41.55
	Average shared text size (kbytes): 0
	Average unshared data size (kbytes): 0
	Average stack size (kbytes): 0
	Average total size (kbytes): 0
	Maximum resident set size (kbytes): 45572996
	Average resident set size (kbytes): 0
	Major (requiring I/O) page faults: 0
	Minor (reclaiming a frame) page faults: 18955951
	Voluntary context switches: 175
	Involuntary context switches: 1142
	Swaps: 0
	File system inputs: 55851472
	File system outputs: 16
	Socket messages sent: 0
	Socket messages received: 0
	Signals delivered: 0
	Page size (bytes): 4096
	Exit status: 0
