Hostname:	compute-a-16-151.o2.rc.hms.harvard.edu
[M::bwa_idx_load_from_disk] read 0 ALT contigs

[main_fastmap] fastmap index loading: Real time: 105.056 sec

[main_fastmap] fastmap matching: Real time: 145.350 sec
[main] Version: 0.7.17-r1198-dirty
[main] CMD: ../../bwa/bwa fastmap -w 99999 -l 23 bc23_solid10.fa kmers.23.fka
[main] Real time: 258.341 sec; CPU: 252.436 sec
	Command being timed: "../../bwa/bwa fastmap -w 99999 -l 23 bc23_solid10.fa kmers.23.fka"
	User time (seconds): 229.46
	System time (seconds): 22.97
	Percent of CPU this job got: 97%
	Elapsed (wall clock) time (h:mm:ss or m:ss): 4:18.35
	Average shared text size (kbytes): 0
	Average unshared data size (kbytes): 0
	Average stack size (kbytes): 0
	Average total size (kbytes): 0
	Maximum resident set size (kbytes): 23045520
	Average resident set size (kbytes): 0
	Major (requiring I/O) page faults: 0
	Minor (reclaiming a frame) page faults: 5840561
	Voluntary context switches: 341
	Involuntary context switches: 682
	Swaps: 0
	File system inputs: 32393232
	File system outputs: 16
	Socket messages sent: 0
	Socket messages received: 0
	Signals delivered: 0
	Page size (bytes): 4096
	Exit status: 0
[M::bwa_idx_load_from_disk] read 0 ALT contigs

[main_fastmap] fastmap index loading: Real time: 100.417 sec

[main_fastmap] fastmap matching: Real time: 142.917 sec
[main] Version: 0.7.17-r1198-dirty
[main] CMD: ../../bwa/bwa fastmap -w 99999 -l 23 bc23_solid10.fa kmers.23.fka
[main] Real time: 251.669 sec; CPU: 250.271 sec
	Command being timed: "../../bwa/bwa fastmap -w 99999 -l 23 bc23_solid10.fa kmers.23.fka"
	User time (seconds): 226.85
	System time (seconds): 23.41
	Percent of CPU this job got: 99%
	Elapsed (wall clock) time (h:mm:ss or m:ss): 4:11.69
	Average shared text size (kbytes): 0
	Average unshared data size (kbytes): 0
	Average stack size (kbytes): 0
	Average total size (kbytes): 0
	Maximum resident set size (kbytes): 23045388
	Average resident set size (kbytes): 0
	Major (requiring I/O) page faults: 0
	Minor (reclaiming a frame) page faults: 6059120
	Voluntary context switches: 232
	Involuntary context switches: 523
	Swaps: 0
	File system inputs: 32389424
	File system outputs: 16
	Socket messages sent: 0
	Socket messages received: 0
	Signals delivered: 0
	Page size (bytes): 4096
	Exit status: 0
[M::bwa_idx_load_from_disk] read 0 ALT contigs

[main_fastmap] fastmap index loading: Real time: 98.117 sec

[main_fastmap] fastmap matching: Real time: 140.670 sec
[main] Version: 0.7.17-r1198-dirty
[main] CMD: ../../bwa/bwa fastmap -w 99999 -l 23 bc23_solid10.fa kmers.23.fka
[main] Real time: 246.504 sec; CPU: 245.634 sec
	Command being timed: "../../bwa/bwa fastmap -w 99999 -l 23 bc23_solid10.fa kmers.23.fka"
	User time (seconds): 224.10
	System time (seconds): 21.52
	Percent of CPU this job got: 99%
	Elapsed (wall clock) time (h:mm:ss or m:ss): 4:06.50
	Average shared text size (kbytes): 0
	Average unshared data size (kbytes): 0
	Average stack size (kbytes): 0
	Average total size (kbytes): 0
	Maximum resident set size (kbytes): 23045492
	Average resident set size (kbytes): 0
	Major (requiring I/O) page faults: 0
	Minor (reclaiming a frame) page faults: 5550257
	Voluntary context switches: 331
	Involuntary context switches: 639
	Swaps: 0
	File system inputs: 32389024
	File system outputs: 16
	Socket messages sent: 0
	Socket messages received: 0
	Signals delivered: 0
	Page size (bytes): 4096
	Exit status: 0
