Hostname:	compute-a-16-151.o2.rc.hms.harvard.edu
[M::bwa_idx_load_from_disk] read 0 ALT contigs

[main_fastmap] fastmap index loading: Real time: 188.157 sec

[main_fastmap] fastmap matching: Real time: 192.174 sec
[main] Version: 0.7.17-r1198-dirty
[main] CMD: ../../bwa/bwa fastmap -w 99999 -l 27 bc27.fa kmers.27.fka
[main] Real time: 387.255 sec; CPU: 372.885 sec
	Command being timed: "../../bwa/bwa fastmap -w 99999 -l 27 bc27.fa kmers.27.fka"
	User time (seconds): 319.45
	System time (seconds): 54.64
	Percent of CPU this job got: 96%
	Elapsed (wall clock) time (h:mm:ss or m:ss): 6:28.46
	Average shared text size (kbytes): 0
	Average unshared data size (kbytes): 0
	Average stack size (kbytes): 0
	Average total size (kbytes): 0
	Maximum resident set size (kbytes): 57967496
	Average resident set size (kbytes): 0
	Major (requiring I/O) page faults: 0
	Minor (reclaiming a frame) page faults: 9062205
	Voluntary context switches: 912
	Involuntary context switches: 655
	Swaps: 0
	File system inputs: 94311376
	File system outputs: 24
	Socket messages sent: 0
	Socket messages received: 0
	Signals delivered: 0
	Page size (bytes): 4096
	Exit status: 0
[M::bwa_idx_load_from_disk] read 0 ALT contigs

[main_fastmap] fastmap index loading: Real time: 182.030 sec

[main_fastmap] fastmap matching: Real time: 200.545 sec
[main] Version: 0.7.17-r1198-dirty
[main] CMD: ../../bwa/bwa fastmap -w 99999 -l 27 bc27.fa kmers.27.fka
[main] Real time: 390.555 sec; CPU: 381.524 sec
	Command being timed: "../../bwa/bwa fastmap -w 99999 -l 27 bc27.fa kmers.27.fka"
	User time (seconds): 325.29
	System time (seconds): 57.53
	Percent of CPU this job got: 97%
	Elapsed (wall clock) time (h:mm:ss or m:ss): 6:31.85
	Average shared text size (kbytes): 0
	Average unshared data size (kbytes): 0
	Average stack size (kbytes): 0
	Average total size (kbytes): 0
	Maximum resident set size (kbytes): 57967424
	Average resident set size (kbytes): 0
	Major (requiring I/O) page faults: 0
	Minor (reclaiming a frame) page faults: 9381252
	Voluntary context switches: 648
	Involuntary context switches: 732
	Swaps: 0
	File system inputs: 94312992
	File system outputs: 24
	Socket messages sent: 0
	Socket messages received: 0
	Signals delivered: 0
	Page size (bytes): 4096
	Exit status: 0
[M::bwa_idx_load_from_disk] read 0 ALT contigs

[main_fastmap] fastmap index loading: Real time: 178.498 sec

[main_fastmap] fastmap matching: Real time: 216.149 sec
[main] Version: 0.7.17-r1198-dirty
[main] CMD: ../../bwa/bwa fastmap -w 99999 -l 27 bc27.fa kmers.27.fka
[main] Real time: 403.541 sec; CPU: 396.747 sec
	Command being timed: "../../bwa/bwa fastmap -w 99999 -l 27 bc27.fa kmers.27.fka"
	User time (seconds): 336.79
	System time (seconds): 61.66
	Percent of CPU this job got: 98%
	Elapsed (wall clock) time (h:mm:ss or m:ss): 6:45.25
	Average shared text size (kbytes): 0
	Average unshared data size (kbytes): 0
	Average stack size (kbytes): 0
	Average total size (kbytes): 0
	Maximum resident set size (kbytes): 57967548
	Average resident set size (kbytes): 0
	Major (requiring I/O) page faults: 0
	Minor (reclaiming a frame) page faults: 9679899
	Voluntary context switches: 1114
	Involuntary context switches: 921
	Swaps: 0
	File system inputs: 94319536
	File system outputs: 24
	Socket messages sent: 0
	Socket messages received: 0
	Signals delivered: 0
	Page size (bytes): 4096
	Exit status: 0
