Hostname:	compute-a-16-151.o2.rc.hms.harvard.edu
[M::bwa_idx_load_from_disk] read 0 ALT contigs

[main_fastmap] fastmap index loading: Real time: 84.975 sec

[main_fastmap] fastmap matching: Real time: 188.078 sec
[main] Version: 0.7.17-r1198-dirty
[main] CMD: ../../bwa/bwa fastmap -w 99999 -l 27 bc27_solid10.fa kmers.27.fka
[main] Real time: 279.787 sec; CPU: 273.521 sec
	Command being timed: "../../bwa/bwa fastmap -w 99999 -l 27 bc27_solid10.fa kmers.27.fka"
	User time (seconds): 249.13
	System time (seconds): 24.38
	Percent of CPU this job got: 97%
	Elapsed (wall clock) time (h:mm:ss or m:ss): 4:39.79
	Average shared text size (kbytes): 0
	Average unshared data size (kbytes): 0
	Average stack size (kbytes): 0
	Average total size (kbytes): 0
	Maximum resident set size (kbytes): 19844432
	Average resident set size (kbytes): 0
	Major (requiring I/O) page faults: 0
	Minor (reclaiming a frame) page faults: 4673409
	Voluntary context switches: 448
	Involuntary context switches: 934
	Swaps: 0
	File system inputs: 29525448
	File system outputs: 16
	Socket messages sent: 0
	Socket messages received: 0
	Signals delivered: 0
	Page size (bytes): 4096
	Exit status: 0
[M::bwa_idx_load_from_disk] read 0 ALT contigs

[main_fastmap] fastmap index loading: Real time: 78.191 sec

[main_fastmap] fastmap matching: Real time: 169.305 sec
[main] Version: 0.7.17-r1198-dirty
[main] CMD: ../../bwa/bwa fastmap -w 99999 -l 27 bc27_solid10.fa kmers.27.fka
[main] Real time: 253.435 sec; CPU: 252.522 sec
	Command being timed: "../../bwa/bwa fastmap -w 99999 -l 27 bc27_solid10.fa kmers.27.fka"
	User time (seconds): 234.34
	System time (seconds): 18.17
	Percent of CPU this job got: 99%
	Elapsed (wall clock) time (h:mm:ss or m:ss): 4:13.45
	Average shared text size (kbytes): 0
	Average unshared data size (kbytes): 0
	Average stack size (kbytes): 0
	Average total size (kbytes): 0
	Maximum resident set size (kbytes): 19844524
	Average resident set size (kbytes): 0
	Major (requiring I/O) page faults: 0
	Minor (reclaiming a frame) page faults: 4594636
	Voluntary context switches: 155
	Involuntary context switches: 550
	Swaps: 0
	File system inputs: 29525480
	File system outputs: 16
	Socket messages sent: 0
	Socket messages received: 0
	Signals delivered: 0
	Page size (bytes): 4096
	Exit status: 0
[M::bwa_idx_load_from_disk] read 0 ALT contigs

[main_fastmap] fastmap index loading: Real time: 79.324 sec

[main_fastmap] fastmap matching: Real time: 201.556 sec
[main] Version: 0.7.17-r1198-dirty
[main] CMD: ../../bwa/bwa fastmap -w 99999 -l 27 bc27_solid10.fa kmers.27.fka
[main] Real time: 289.209 sec; CPU: 287.991 sec
	Command being timed: "../../bwa/bwa fastmap -w 99999 -l 27 bc27_solid10.fa kmers.27.fka"
	User time (seconds): 264.09
	System time (seconds): 23.89
	Percent of CPU this job got: 99%
	Elapsed (wall clock) time (h:mm:ss or m:ss): 4:49.23
	Average shared text size (kbytes): 0
	Average unshared data size (kbytes): 0
	Average stack size (kbytes): 0
	Average total size (kbytes): 0
	Maximum resident set size (kbytes): 19844532
	Average resident set size (kbytes): 0
	Major (requiring I/O) page faults: 0
	Minor (reclaiming a frame) page faults: 4844710
	Voluntary context switches: 161
	Involuntary context switches: 866
	Swaps: 0
	File system inputs: 29525760
	File system outputs: 16
	Socket messages sent: 0
	Socket messages received: 0
	Signals delivered: 0
	Page size (bytes): 4096
	Exit status: 0
