Hostname:	compute-a-16-151.o2.rc.hms.harvard.edu
[M::bwa_idx_load_from_disk] read 0 ALT contigs

[main_fastmap] fastmap index loading: Real time: 105.114 sec

[main_fastmap] fastmap matching: Real time: 181.081 sec
[main] Version: 0.7.17-r1198-dirty
[main] CMD: ../../bwa/bwa fastmap -w 99999 -l 23 pa23.fa kmers.23.fka
[main] Real time: 288.812 sec; CPU: 271.305 sec
	Command being timed: "../../bwa/bwa fastmap -w 99999 -l 23 pa23.fa kmers.23.fka"
	User time (seconds): 232.39
	System time (seconds): 39.42
	Percent of CPU this job got: 93%
	Elapsed (wall clock) time (h:mm:ss or m:ss): 4:49.33
	Average shared text size (kbytes): 0
	Average unshared data size (kbytes): 0
	Average stack size (kbytes): 0
	Average total size (kbytes): 0
	Maximum resident set size (kbytes): 40001460
	Average resident set size (kbytes): 0
	Major (requiring I/O) page faults: 0
	Minor (reclaiming a frame) page faults: 3811115
	Voluntary context switches: 876
	Involuntary context switches: 541
	Swaps: 0
	File system inputs: 72005848
	File system outputs: 16
	Socket messages sent: 0
	Socket messages received: 0
	Signals delivered: 0
	Page size (bytes): 4096
	Exit status: 0
[M::bwa_idx_load_from_disk] read 0 ALT contigs

[main_fastmap] fastmap index loading: Real time: 83.912 sec

[main_fastmap] fastmap matching: Real time: 179.931 sec
[main] Version: 0.7.17-r1198-dirty
[main] CMD: ../../bwa/bwa fastmap -w 99999 -l 23 pa23.fa kmers.23.fka
[main] Real time: 266.550 sec; CPU: 265.134 sec
	Command being timed: "../../bwa/bwa fastmap -w 99999 -l 23 pa23.fa kmers.23.fka"
	User time (seconds): 231.49
	System time (seconds): 34.10
	Percent of CPU this job got: 99%
	Elapsed (wall clock) time (h:mm:ss or m:ss): 4:27.03
	Average shared text size (kbytes): 0
	Average unshared data size (kbytes): 0
	Average stack size (kbytes): 0
	Average total size (kbytes): 0
	Maximum resident set size (kbytes): 40001536
	Average resident set size (kbytes): 0
	Major (requiring I/O) page faults: 0
	Minor (reclaiming a frame) page faults: 4067612
	Voluntary context switches: 161
	Involuntary context switches: 421
	Swaps: 0
	File system inputs: 72007832
	File system outputs: 16
	Socket messages sent: 0
	Socket messages received: 0
	Signals delivered: 0
	Page size (bytes): 4096
	Exit status: 0
[M::bwa_idx_load_from_disk] read 0 ALT contigs

[main_fastmap] fastmap index loading: Real time: 83.795 sec

[main_fastmap] fastmap matching: Real time: 211.114 sec
[main] Version: 0.7.17-r1198-dirty
[main] CMD: ../../bwa/bwa fastmap -w 99999 -l 23 pa23.fa kmers.23.fka
[main] Real time: 299.078 sec; CPU: 298.405 sec
	Command being timed: "../../bwa/bwa fastmap -w 99999 -l 23 pa23.fa kmers.23.fka"
	User time (seconds): 257.92
	System time (seconds): 41.14
	Percent of CPU this job got: 99%
	Elapsed (wall clock) time (h:mm:ss or m:ss): 4:59.75
	Average shared text size (kbytes): 0
	Average unshared data size (kbytes): 0
	Average stack size (kbytes): 0
	Average total size (kbytes): 0
	Maximum resident set size (kbytes): 40001468
	Average resident set size (kbytes): 0
	Major (requiring I/O) page faults: 0
	Minor (reclaiming a frame) page faults: 4185661
	Voluntary context switches: 3327
	Involuntary context switches: 540
	Swaps: 0
	File system inputs: 72030272
	File system outputs: 16
	Socket messages sent: 0
	Socket messages received: 0
	Signals delivered: 0
	Page size (bytes): 4096
	Exit status: 0
