Hostname:	compute-a-16-151.o2.rc.hms.harvard.edu
[M::bwa_idx_load_from_disk] read 0 ALT contigs

[main_fastmap] fastmap index loading: Real time: 41.099 sec

[main_fastmap] fastmap matching: Real time: 136.622 sec
[main] Version: 0.7.17-r1198-dirty
[main] CMD: ../../bwa/bwa fastmap -w 99999 -l 23 pa23_solid10.fa kmers.23.fka
[main] Real time: 180.082 sec; CPU: 173.840 sec
	Command being timed: "../../bwa/bwa fastmap -w 99999 -l 23 pa23_solid10.fa kmers.23.fka"
	User time (seconds): 162.41
	System time (seconds): 11.42
	Percent of CPU this job got: 96%
	Elapsed (wall clock) time (h:mm:ss or m:ss): 3:00.09
	Average shared text size (kbytes): 0
	Average unshared data size (kbytes): 0
	Average stack size (kbytes): 0
	Average total size (kbytes): 0
	Maximum resident set size (kbytes): 10893124
	Average resident set size (kbytes): 0
	Major (requiring I/O) page faults: 0
	Minor (reclaiming a frame) page faults: 1866836
	Voluntary context switches: 274
	Involuntary context switches: 430
	Swaps: 0
	File system inputs: 18361256
	File system outputs: 16
	Socket messages sent: 0
	Socket messages received: 0
	Signals delivered: 0
	Page size (bytes): 4096
	Exit status: 0
[M::bwa_idx_load_from_disk] read 0 ALT contigs

[main_fastmap] fastmap index loading: Real time: 58.646 sec

[main_fastmap] fastmap matching: Real time: 136.359 sec
[main] Version: 0.7.17-r1198-dirty
[main] CMD: ../../bwa/bwa fastmap -w 99999 -l 23 pa23_solid10.fa kmers.23.fka
[main] Real time: 198.998 sec; CPU: 174.494 sec
	Command being timed: "../../bwa/bwa fastmap -w 99999 -l 23 pa23_solid10.fa kmers.23.fka"
	User time (seconds): 162.20
	System time (seconds): 12.28
	Percent of CPU this job got: 87%
	Elapsed (wall clock) time (h:mm:ss or m:ss): 3:19.02
	Average shared text size (kbytes): 0
	Average unshared data size (kbytes): 0
	Average stack size (kbytes): 0
	Average total size (kbytes): 0
	Maximum resident set size (kbytes): 10893164
	Average resident set size (kbytes): 0
	Major (requiring I/O) page faults: 0
	Minor (reclaiming a frame) page faults: 1873032
	Voluntary context switches: 181
	Involuntary context switches: 529
	Swaps: 0
	File system inputs: 18364704
	File system outputs: 24
	Socket messages sent: 0
	Socket messages received: 0
	Signals delivered: 0
	Page size (bytes): 4096
	Exit status: 0
[M::bwa_idx_load_from_disk] read 0 ALT contigs

[main_fastmap] fastmap index loading: Real time: 36.145 sec

[main_fastmap] fastmap matching: Real time: 153.089 sec
[main] Version: 0.7.17-r1198-dirty
[main] CMD: ../../bwa/bwa fastmap -w 99999 -l 23 pa23_solid10.fa kmers.23.fka
[main] Real time: 192.372 sec; CPU: 190.543 sec
	Command being timed: "../../bwa/bwa fastmap -w 99999 -l 23 pa23_solid10.fa kmers.23.fka"
	User time (seconds): 176.73
	System time (seconds): 13.80
	Percent of CPU this job got: 99%
	Elapsed (wall clock) time (h:mm:ss or m:ss): 3:12.40
	Average shared text size (kbytes): 0
	Average unshared data size (kbytes): 0
	Average stack size (kbytes): 0
	Average total size (kbytes): 0
	Maximum resident set size (kbytes): 10893208
	Average resident set size (kbytes): 0
	Major (requiring I/O) page faults: 0
	Minor (reclaiming a frame) page faults: 1906084
	Voluntary context switches: 142
	Involuntary context switches: 519
	Swaps: 0
	File system inputs: 18363336
	File system outputs: 16
	Socket messages sent: 0
	Socket messages received: 0
	Signals delivered: 0
	Page size (bytes): 4096
	Exit status: 0
