Hostname:	compute-a-16-151.o2.rc.hms.harvard.edu
[M::bwa_idx_load_from_disk] read 0 ALT contigs

[main_fastmap] fastmap index loading: Real time: 31.925 sec

[main_fastmap] fastmap matching: Real time: 199.474 sec
[main] Version: 0.7.17-r1198-dirty
[main] CMD: ../../bwa/bwa fastmap -w 99999 -l 27 pa27_solid10.fa kmers.27.fka
[main] Real time: 233.660 sec; CPU: 229.614 sec
	Command being timed: "../../bwa/bwa fastmap -w 99999 -l 27 pa27_solid10.fa kmers.27.fka"
	User time (seconds): 214.64
	System time (seconds): 15.19
	Percent of CPU this job got: 98%
	Elapsed (wall clock) time (h:mm:ss or m:ss): 3:53.89
	Average shared text size (kbytes): 0
	Average unshared data size (kbytes): 0
	Average stack size (kbytes): 0
	Average total size (kbytes): 0
	Maximum resident set size (kbytes): 9803744
	Average resident set size (kbytes): 0
	Major (requiring I/O) page faults: 0
	Minor (reclaiming a frame) page faults: 1487898
	Voluntary context switches: 269
	Involuntary context switches: 870
	Swaps: 0
	File system inputs: 17543736
	File system outputs: 24
	Socket messages sent: 0
	Socket messages received: 0
	Signals delivered: 0
	Page size (bytes): 4096
	Exit status: 0
[M::bwa_idx_load_from_disk] read 0 ALT contigs

[main_fastmap] fastmap index loading: Real time: 27.332 sec

[main_fastmap] fastmap matching: Real time: 177.959 sec
[main] Version: 0.7.17-r1198-dirty
[main] CMD: ../../bwa/bwa fastmap -w 99999 -l 27 pa27_solid10.fa kmers.27.fka
[main] Real time: 207.487 sec; CPU: 206.711 sec
	Command being timed: "../../bwa/bwa fastmap -w 99999 -l 27 pa27_solid10.fa kmers.27.fka"
	User time (seconds): 196.23
	System time (seconds): 10.70
	Percent of CPU this job got: 99%
	Elapsed (wall clock) time (h:mm:ss or m:ss): 3:27.74
	Average shared text size (kbytes): 0
	Average unshared data size (kbytes): 0
	Average stack size (kbytes): 0
	Average total size (kbytes): 0
	Maximum resident set size (kbytes): 9803608
	Average resident set size (kbytes): 0
	Major (requiring I/O) page faults: 0
	Minor (reclaiming a frame) page faults: 1353260
	Voluntary context switches: 143
	Involuntary context switches: 580
	Swaps: 0
	File system inputs: 16309336
	File system outputs: 16
	Socket messages sent: 0
	Socket messages received: 0
	Signals delivered: 0
	Page size (bytes): 4096
	Exit status: 0
[M::bwa_idx_load_from_disk] read 0 ALT contigs

[main_fastmap] fastmap index loading: Real time: 27.389 sec

[main_fastmap] fastmap matching: Real time: 177.463 sec
[main] Version: 0.7.17-r1198-dirty
[main] CMD: ../../bwa/bwa fastmap -w 99999 -l 27 pa27_solid10.fa kmers.27.fka
[main] Real time: 206.957 sec; CPU: 206.217 sec
	Command being timed: "../../bwa/bwa fastmap -w 99999 -l 27 pa27_solid10.fa kmers.27.fka"
	User time (seconds): 193.20
	System time (seconds): 13.22
	Percent of CPU this job got: 99%
	Elapsed (wall clock) time (h:mm:ss or m:ss): 3:27.19
	Average shared text size (kbytes): 0
	Average unshared data size (kbytes): 0
	Average stack size (kbytes): 0
	Average total size (kbytes): 0
	Maximum resident set size (kbytes): 9803552
	Average resident set size (kbytes): 0
	Major (requiring I/O) page faults: 0
	Minor (reclaiming a frame) page faults: 1400404
	Voluntary context switches: 128
	Involuntary context switches: 519
	Swaps: 0
	File system inputs: 17238632
	File system outputs: 16
	Socket messages sent: 0
	Socket messages received: 0
	Signals delivered: 0
	Page size (bytes): 4096
	Exit status: 0
