Hostname:	compute-a-16-151.o2.rc.hms.harvard.edu
[M::bwa_idx_load_from_disk] read 0 ALT contigs

[main_fastmap] fastmap index loading: Real time: 83.325 sec

[main_fastmap] fastmap matching: Real time: 161.551 sec
[main] Version: 0.7.17-r1198-dirty
[main] CMD: ../../bwa/bwa fastmap -w 99999 -l 27 pa27.fa kmers.27.fka
[main] Real time: 246.937 sec; CPU: 235.766 sec
	Command being timed: "../../bwa/bwa fastmap -w 99999 -l 27 pa27.fa kmers.27.fka"
	User time (seconds): 200.79
	System time (seconds): 35.29
	Percent of CPU this job got: 95%
	Elapsed (wall clock) time (h:mm:ss or m:ss): 4:07.25
	Average shared text size (kbytes): 0
	Average unshared data size (kbytes): 0
	Average stack size (kbytes): 0
	Average total size (kbytes): 0
	Maximum resident set size (kbytes): 38087772
	Average resident set size (kbytes): 0
	Major (requiring I/O) page faults: 0
	Minor (reclaiming a frame) page faults: 2849275
	Voluntary context switches: 613
	Involuntary context switches: 325
	Swaps: 0
	File system inputs: 70526208
	File system outputs: 16
	Socket messages sent: 0
	Socket messages received: 0
	Signals delivered: 0
	Page size (bytes): 4096
	Exit status: 0
[M::bwa_idx_load_from_disk] read 0 ALT contigs

[main_fastmap] fastmap index loading: Real time: 68.359 sec

[main_fastmap] fastmap matching: Real time: 161.247 sec
[main] Version: 0.7.17-r1198-dirty
[main] CMD: ../../bwa/bwa fastmap -w 99999 -l 27 pa27.fa kmers.27.fka
[main] Real time: 231.643 sec; CPU: 231.539 sec
	Command being timed: "../../bwa/bwa fastmap -w 99999 -l 27 pa27.fa kmers.27.fka"
	User time (seconds): 200.36
	System time (seconds): 31.51
	Percent of CPU this job got: 99%
	Elapsed (wall clock) time (h:mm:ss or m:ss): 3:51.99
	Average shared text size (kbytes): 0
	Average unshared data size (kbytes): 0
	Average stack size (kbytes): 0
	Average total size (kbytes): 0
	Maximum resident set size (kbytes): 38087712
	Average resident set size (kbytes): 0
	Major (requiring I/O) page faults: 0
	Minor (reclaiming a frame) page faults: 2831388
	Voluntary context switches: 119
	Involuntary context switches: 270
	Swaps: 0
	File system inputs: 70523280
	File system outputs: 16
	Socket messages sent: 0
	Socket messages received: 0
	Signals delivered: 0
	Page size (bytes): 4096
	Exit status: 0
[M::bwa_idx_load_from_disk] read 0 ALT contigs

[main_fastmap] fastmap index loading: Real time: 68.341 sec

[main_fastmap] fastmap matching: Real time: 165.131 sec
[main] Version: 0.7.17-r1198-dirty
[main] CMD: ../../bwa/bwa fastmap -w 99999 -l 27 pa27.fa kmers.27.fka
[main] Real time: 235.502 sec; CPU: 235.259 sec
	Command being timed: "../../bwa/bwa fastmap -w 99999 -l 27 pa27.fa kmers.27.fka"
	User time (seconds): 204.20
	System time (seconds): 31.36
	Percent of CPU this job got: 99%
	Elapsed (wall clock) time (h:mm:ss or m:ss): 3:55.82
	Average shared text size (kbytes): 0
	Average unshared data size (kbytes): 0
	Average stack size (kbytes): 0
	Average total size (kbytes): 0
	Maximum resident set size (kbytes): 38087780
	Average resident set size (kbytes): 0
	Major (requiring I/O) page faults: 0
	Minor (reclaiming a frame) page faults: 2825077
	Voluntary context switches: 125
	Involuntary context switches: 296
	Swaps: 0
	File system inputs: 70526080
	File system outputs: 16
	Socket messages sent: 0
	Socket messages received: 0
	Signals delivered: 0
	Page size (bytes): 4096
	Exit status: 0
