Hostname:	compute-a-16-151.o2.rc.hms.harvard.edu
[M::bwa_idx_load_from_disk] read 0 ALT contigs

[main_fastmap] fastmap index loading: Real time: 87.167 sec

[main_fastmap] fastmap matching: Real time: 162.176 sec
[main] Version: 0.7.17-r1198-dirty
[main] CMD: ../../bwa/bwa fastmap -w 99999 -l 31 pa31.fa kmers.31.fka
[main] Real time: 251.248 sec; CPU: 235.077 sec
	Command being timed: "../../bwa/bwa fastmap -w 99999 -l 31 pa31.fa kmers.31.fka"
	User time (seconds): 198.78
	System time (seconds): 36.65
	Percent of CPU this job got: 93%
	Elapsed (wall clock) time (h:mm:ss or m:ss): 4:11.60
	Average shared text size (kbytes): 0
	Average unshared data size (kbytes): 0
	Average stack size (kbytes): 0
	Average total size (kbytes): 0
	Maximum resident set size (kbytes): 38042020
	Average resident set size (kbytes): 0
	Major (requiring I/O) page faults: 0
	Minor (reclaiming a frame) page faults: 2478854
	Voluntary context switches: 677
	Involuntary context switches: 392
	Swaps: 0
	File system inputs: 71103200
	File system outputs: 24
	Socket messages sent: 0
	Socket messages received: 0
	Signals delivered: 0
	Page size (bytes): 4096
	Exit status: 0
[M::bwa_idx_load_from_disk] read 0 ALT contigs

[main_fastmap] fastmap index loading: Real time: 66.346 sec

[main_fastmap] fastmap matching: Real time: 158.982 sec
[main] Version: 0.7.17-r1198-dirty
[main] CMD: ../../bwa/bwa fastmap -w 99999 -l 31 pa31.fa kmers.31.fka
[main] Real time: 227.258 sec; CPU: 227.085 sec
	Command being timed: "../../bwa/bwa fastmap -w 99999 -l 31 pa31.fa kmers.31.fka"
	User time (seconds): 195.57
	System time (seconds): 31.80
	Percent of CPU this job got: 99%
	Elapsed (wall clock) time (h:mm:ss or m:ss): 3:47.55
	Average shared text size (kbytes): 0
	Average unshared data size (kbytes): 0
	Average stack size (kbytes): 0
	Average total size (kbytes): 0
	Maximum resident set size (kbytes): 38042036
	Average resident set size (kbytes): 0
	Major (requiring I/O) page faults: 0
	Minor (reclaiming a frame) page faults: 2478619
	Voluntary context switches: 137
	Involuntary context switches: 318
	Swaps: 0
	File system inputs: 71102248
	File system outputs: 24
	Socket messages sent: 0
	Socket messages received: 0
	Signals delivered: 0
	Page size (bytes): 4096
	Exit status: 0
[M::bwa_idx_load_from_disk] read 0 ALT contigs

[main_fastmap] fastmap index loading: Real time: 67.357 sec

[main_fastmap] fastmap matching: Real time: 194.197 sec
[main] Version: 0.7.17-r1198-dirty
[main] CMD: ../../bwa/bwa fastmap -w 99999 -l 31 pa31.fa kmers.31.fka
[main] Real time: 264.730 sec; CPU: 264.611 sec
	Command being timed: "../../bwa/bwa fastmap -w 99999 -l 31 pa31.fa kmers.31.fka"
	User time (seconds): 227.80
	System time (seconds): 37.14
	Percent of CPU this job got: 99%
	Elapsed (wall clock) time (h:mm:ss or m:ss): 4:25.07
	Average shared text size (kbytes): 0
	Average unshared data size (kbytes): 0
	Average stack size (kbytes): 0
	Average total size (kbytes): 0
	Maximum resident set size (kbytes): 38041884
	Average resident set size (kbytes): 0
	Major (requiring I/O) page faults: 0
	Minor (reclaiming a frame) page faults: 2953820
	Voluntary context switches: 125
	Involuntary context switches: 551
	Swaps: 0
	File system inputs: 71100304
	File system outputs: 16
	Socket messages sent: 0
	Socket messages received: 0
	Signals delivered: 0
	Page size (bytes): 4096
	Exit status: 0
