Hostname:	compute-a-16-151.o2.rc.hms.harvard.edu
[M::bwa_idx_load_from_disk] read 0 ALT contigs

[main_fastmap] fastmap index loading: Real time: 31.395 sec

[main_fastmap] fastmap matching: Real time: 199.876 sec
[main] Version: 0.7.17-r1198-dirty
[main] CMD: ../../bwa/bwa fastmap -w 99999 -l 31 pa31_solid10.fa kmers.31.fka
[main] Real time: 232.292 sec; CPU: 227.198 sec
	Command being timed: "../../bwa/bwa fastmap -w 99999 -l 31 pa31_solid10.fa kmers.31.fka"
	User time (seconds): 216.37
	System time (seconds): 11.00
	Percent of CPU this job got: 97%
	Elapsed (wall clock) time (h:mm:ss or m:ss): 3:52.47
	Average shared text size (kbytes): 0
	Average unshared data size (kbytes): 0
	Average stack size (kbytes): 0
	Average total size (kbytes): 0
	Maximum resident set size (kbytes): 9916868
	Average resident set size (kbytes): 0
	Major (requiring I/O) page faults: 0
	Minor (reclaiming a frame) page faults: 1257519
	Voluntary context switches: 321
	Involuntary context switches: 595
	Swaps: 0
	File system inputs: 18042816
	File system outputs: 16
	Socket messages sent: 0
	Socket messages received: 0
	Signals delivered: 0
	Page size (bytes): 4096
	Exit status: 0
[M::bwa_idx_load_from_disk] read 0 ALT contigs

[main_fastmap] fastmap index loading: Real time: 41.724 sec

[main_fastmap] fastmap matching: Real time: 205.482 sec
[main] Version: 0.7.17-r1198-dirty
[main] CMD: ../../bwa/bwa fastmap -w 99999 -l 31 pa31_solid10.fa kmers.31.fka
[main] Real time: 248.483 sec; CPU: 234.377 sec
	Command being timed: "../../bwa/bwa fastmap -w 99999 -l 31 pa31_solid10.fa kmers.31.fka"
	User time (seconds): 220.59
	System time (seconds): 13.97
	Percent of CPU this job got: 94%
	Elapsed (wall clock) time (h:mm:ss or m:ss): 4:08.69
	Average shared text size (kbytes): 0
	Average unshared data size (kbytes): 0
	Average stack size (kbytes): 0
	Average total size (kbytes): 0
	Maximum resident set size (kbytes): 9916760
	Average resident set size (kbytes): 0
	Major (requiring I/O) page faults: 0
	Minor (reclaiming a frame) page faults: 1431462
	Voluntary context switches: 197
	Involuntary context switches: 945
	Swaps: 0
	File system inputs: 18046104
	File system outputs: 16
	Socket messages sent: 0
	Socket messages received: 0
	Signals delivered: 0
	Page size (bytes): 4096
	Exit status: 0
[M::bwa_idx_load_from_disk] read 0 ALT contigs

[main_fastmap] fastmap index loading: Real time: 32.609 sec

[main_fastmap] fastmap matching: Real time: 221.305 sec
[main] Version: 0.7.17-r1198-dirty
[main] CMD: ../../bwa/bwa fastmap -w 99999 -l 31 pa31_solid10.fa kmers.31.fka
[main] Real time: 255.331 sec; CPU: 249.184 sec
	Command being timed: "../../bwa/bwa fastmap -w 99999 -l 31 pa31_solid10.fa kmers.31.fka"
	User time (seconds): 236.18
	System time (seconds): 13.21
	Percent of CPU this job got: 97%
	Elapsed (wall clock) time (h:mm:ss or m:ss): 4:15.56
	Average shared text size (kbytes): 0
	Average unshared data size (kbytes): 0
	Average stack size (kbytes): 0
	Average total size (kbytes): 0
	Maximum resident set size (kbytes): 9916868
	Average resident set size (kbytes): 0
	Major (requiring I/O) page faults: 0
	Minor (reclaiming a frame) page faults: 1317765
	Voluntary context switches: 279
	Involuntary context switches: 699
	Swaps: 0
	File system inputs: 16886616
	File system outputs: 16
	Socket messages sent: 0
	Socket messages received: 0
	Signals delivered: 0
	Page size (bytes): 4096
	Exit status: 0
