Hostname:	Karels-iMac.local
[M::bwa_idx_load_from_disk] read 0 ALT contigs

[main_fastmap] fastmap index loading: Real time: 67.713 sec

[main_fastmap] fastmap matching: Real time: 229.347 sec
[main] Version: 0.7.17-r1198-dirty
[main] CMD: ../../bwa/bwa fastmap -w 99999 -l 23 pa23.fa kmers.23.fka
[main] Real time: 313.563 sec; CPU: 281.042 sec
      313.56 real       240.17 user        40.86 sys
38062051328  maximum resident set size
         0  average shared memory size
         0  average unshared data size
         0  average unshared stack size
  12757886  page reclaims
         1  page faults
         0  swaps
        11  block input operations
         3  block output operations
         0  messages sent
         0  messages received
         0  signals received
     46374  voluntary context switches
     32091  involuntary context switches
[M::bwa_idx_load_from_disk] read 0 ALT contigs

[main_fastmap] fastmap index loading: Real time: 67.752 sec

[main_fastmap] fastmap matching: Real time: 230.977 sec
[main] Version: 0.7.17-r1198-dirty
[main] CMD: ../../bwa/bwa fastmap -w 99999 -l 23 pa23.fa kmers.23.fka
[main] Real time: 314.834 sec; CPU: 278.838 sec
      314.85 real       239.95 user        38.88 sys
38434123776  maximum resident set size
         0  average shared memory size
         0  average unshared data size
         0  average unshared stack size
  12308964  page reclaims
         1  page faults
         0  swaps
         6  block input operations
         4  block output operations
         0  messages sent
         0  messages received
         0  signals received
     45728  voluntary context switches
     33601  involuntary context switches
[M::bwa_idx_load_from_disk] read 0 ALT contigs

[main_fastmap] fastmap index loading: Real time: 67.655 sec

[main_fastmap] fastmap matching: Real time: 231.196 sec
[main] Version: 0.7.17-r1198-dirty
[main] CMD: ../../bwa/bwa fastmap -w 99999 -l 23 pa23.fa kmers.23.fka
[main] Real time: 314.954 sec; CPU: 281.400 sec
      314.97 real       240.20 user        41.19 sys
38371631104  maximum resident set size
         0  average shared memory size
         0  average unshared data size
         0  average unshared stack size
  12957343  page reclaims
         1  page faults
         0  swaps
         5  block input operations
         3  block output operations
         0  messages sent
         0  messages received
         0  signals received
     44233  voluntary context switches
     28727  involuntary context switches
