Hostname:	compute-e-16-198.o2.rc.hms.harvard.edu
[M::bwa_idx_load_from_disk] read 0 ALT contigs

[main_fastmap] fastmap index loading: Real time: 217.978 sec

[main_fastmap] fastmap matching: Real time: 243.082 sec
[main] Version: 0.7.17-r1198-dirty
[main] CMD: ../../bwa/bwa fastmap bc19_solid10.fa kmers.19.fka
[main] Real time: 492.207 sec; CPU: 475.023 sec
	Command being timed: "../../bwa/bwa fastmap bc19_solid10.fa kmers.19.fka"
	User time (seconds): 394.74
	System time (seconds): 80.27
	Percent of CPU this job got: 96%
	Elapsed (wall clock) time (h:mm:ss or m:ss): 8:12.20
	Average shared text size (kbytes): 0
	Average unshared data size (kbytes): 0
	Average stack size (kbytes): 0
	Average total size (kbytes): 0
	Maximum resident set size (kbytes): 45573076
	Average resident set size (kbytes): 0
	Major (requiring I/O) page faults: 0
	Minor (reclaiming a frame) page faults: 31320535
	Voluntary context switches: 943
	Involuntary context switches: 6776
	Swaps: 0
	File system inputs: 55854800
	File system outputs: 24
	Socket messages sent: 0
	Socket messages received: 0
	Signals delivered: 0
	Page size (bytes): 4096
	Exit status: 0
[M::bwa_idx_load_from_disk] read 0 ALT contigs

[main_fastmap] fastmap index loading: Real time: 212.820 sec

[main_fastmap] fastmap matching: Real time: 241.894 sec
[main] Version: 0.7.17-r1198-dirty
[main] CMD: ../../bwa/bwa fastmap bc19_solid10.fa kmers.19.fka
[main] Real time: 484.515 sec; CPU: 473.125 sec
	Command being timed: "../../bwa/bwa fastmap bc19_solid10.fa kmers.19.fka"
	User time (seconds): 396.24
	System time (seconds): 76.87
	Percent of CPU this job got: 97%
	Elapsed (wall clock) time (h:mm:ss or m:ss): 8:04.51
	Average shared text size (kbytes): 0
	Average unshared data size (kbytes): 0
	Average stack size (kbytes): 0
	Average total size (kbytes): 0
	Maximum resident set size (kbytes): 45572992
	Average resident set size (kbytes): 0
	Major (requiring I/O) page faults: 0
	Minor (reclaiming a frame) page faults: 31069334
	Voluntary context switches: 864
	Involuntary context switches: 8130
	Swaps: 0
	File system inputs: 55856120
	File system outputs: 24
	Socket messages sent: 0
	Socket messages received: 0
	Signals delivered: 0
	Page size (bytes): 4096
	Exit status: 0
[M::bwa_idx_load_from_disk] read 0 ALT contigs

[main_fastmap] fastmap index loading: Real time: 224.720 sec

[main_fastmap] fastmap matching: Real time: 243.043 sec
[main] Version: 0.7.17-r1198-dirty
[main] CMD: ../../bwa/bwa fastmap bc19_solid10.fa kmers.19.fka
[main] Real time: 493.740 sec; CPU: 481.505 sec
	Command being timed: "../../bwa/bwa fastmap bc19_solid10.fa kmers.19.fka"
	User time (seconds): 408.12
	System time (seconds): 73.37
	Percent of CPU this job got: 97%
	Elapsed (wall clock) time (h:mm:ss or m:ss): 8:13.74
	Average shared text size (kbytes): 0
	Average unshared data size (kbytes): 0
	Average stack size (kbytes): 0
	Average total size (kbytes): 0
	Maximum resident set size (kbytes): 45573148
	Average resident set size (kbytes): 0
	Major (requiring I/O) page faults: 0
	Minor (reclaiming a frame) page faults: 29090900
	Voluntary context switches: 805
	Involuntary context switches: 8162
	Swaps: 0
	File system inputs: 55851768
	File system outputs: 24
	Socket messages sent: 0
	Socket messages received: 0
	Signals delivered: 0
	Page size (bytes): 4096
	Exit status: 0
