Hostname:	compute-e-16-198.o2.rc.hms.harvard.edu
[M::bwa_idx_load_from_disk] read 0 ALT contigs

[main_fastmap] fastmap index loading: Real time: 575.433 sec

[main_fastmap] fastmap matching: Real time: 320.813 sec
[main] Version: 0.7.17-r1198-dirty
[main] CMD: ../../bwa/bwa fastmap bc19.fa kmers.19.fka
[main] Real time: 936.386 sec; CPU: 855.258 sec
	Command being timed: "../../bwa/bwa fastmap bc19.fa kmers.19.fka"
	User time (seconds): 630.57
	System time (seconds): 230.19
	Percent of CPU this job got: 91%
	Elapsed (wall clock) time (h:mm:ss or m:ss): 15:41.91
	Average shared text size (kbytes): 0
	Average unshared data size (kbytes): 0
	Average stack size (kbytes): 0
	Average total size (kbytes): 0
	Maximum resident set size (kbytes): 104824532
	Average resident set size (kbytes): 0
	Major (requiring I/O) page faults: 0
	Minor (reclaiming a frame) page faults: 81347389
	Voluntary context switches: 28406
	Involuntary context switches: 26873
	Swaps: 0
	File system inputs: 143676840
	File system outputs: 24
	Socket messages sent: 0
	Socket messages received: 0
	Signals delivered: 0
	Page size (bytes): 4096
	Exit status: 0
[M::bwa_idx_load_from_disk] read 0 ALT contigs

[main_fastmap] fastmap index loading: Real time: 569.706 sec

[main_fastmap] fastmap matching: Real time: 310.070 sec
[main] Version: 0.7.17-r1198-dirty
[main] CMD: ../../bwa/bwa fastmap bc19.fa kmers.19.fka
[main] Real time: 921.445 sec; CPU: 871.265 sec
	Command being timed: "../../bwa/bwa fastmap bc19.fa kmers.19.fka"
	User time (seconds): 615.54
	System time (seconds): 260.97
	Percent of CPU this job got: 94%
	Elapsed (wall clock) time (h:mm:ss or m:ss): 15:26.70
	Average shared text size (kbytes): 0
	Average unshared data size (kbytes): 0
	Average stack size (kbytes): 0
	Average total size (kbytes): 0
	Maximum resident set size (kbytes): 104824624
	Average resident set size (kbytes): 0
	Major (requiring I/O) page faults: 0
	Minor (reclaiming a frame) page faults: 78577250
	Voluntary context switches: 8876
	Involuntary context switches: 17790
	Swaps: 0
	File system inputs: 143532488
	File system outputs: 32
	Socket messages sent: 0
	Socket messages received: 0
	Signals delivered: 0
	Page size (bytes): 4096
	Exit status: 0
[M::bwa_idx_load_from_disk] read 0 ALT contigs

[main_fastmap] fastmap index loading: Real time: 629.417 sec

[main_fastmap] fastmap matching: Real time: 292.013 sec
[main] Version: 0.7.17-r1198-dirty
[main] CMD: ../../bwa/bwa fastmap bc19.fa kmers.19.fka
[main] Real time: 961.318 sec; CPU: 899.657 sec
	Command being timed: "../../bwa/bwa fastmap bc19.fa kmers.19.fka"
	User time (seconds): 609.75
	System time (seconds): 295.44
	Percent of CPU this job got: 93%
	Elapsed (wall clock) time (h:mm:ss or m:ss): 16:06.87
	Average shared text size (kbytes): 0
	Average unshared data size (kbytes): 0
	Average stack size (kbytes): 0
	Average total size (kbytes): 0
	Maximum resident set size (kbytes): 104824580
	Average resident set size (kbytes): 0
	Major (requiring I/O) page faults: 0
	Minor (reclaiming a frame) page faults: 72393633
	Voluntary context switches: 11840
	Involuntary context switches: 29362
	Swaps: 0
	File system inputs: 143483880
	File system outputs: 32
	Socket messages sent: 0
	Socket messages received: 0
	Signals delivered: 0
	Page size (bytes): 4096
	Exit status: 0
