Hostname:	compute-e-16-198.o2.rc.hms.harvard.edu
[M::bwa_idx_load_from_disk] read 0 ALT contigs

[main_fastmap] fastmap index loading: Real time: 83.802 sec

[main_fastmap] fastmap matching: Real time: 463.752 sec
[main] Version: 0.7.17-r1198-dirty
[main] CMD: ../../bwa/bwa fastmap bc27_solid10.fa kmers.27.fka
[main] Real time: 557.732 sec; CPU: 546.827 sec
	Command being timed: "../../bwa/bwa fastmap bc27_solid10.fa kmers.27.fka"
	User time (seconds): 490.02
	System time (seconds): 56.80
	Percent of CPU this job got: 98%
	Elapsed (wall clock) time (h:mm:ss or m:ss): 9:17.73
	Average shared text size (kbytes): 0
	Average unshared data size (kbytes): 0
	Average stack size (kbytes): 0
	Average total size (kbytes): 0
	Maximum resident set size (kbytes): 19844552
	Average resident set size (kbytes): 0
	Major (requiring I/O) page faults: 0
	Minor (reclaiming a frame) page faults: 27389387
	Voluntary context switches: 515
	Involuntary context switches: 17130
	Swaps: 0
	File system inputs: 29532656
	File system outputs: 24
	Socket messages sent: 0
	Socket messages received: 0
	Signals delivered: 0
	Page size (bytes): 4096
	Exit status: 0
[M::bwa_idx_load_from_disk] read 0 ALT contigs

[main_fastmap] fastmap index loading: Real time: 79.530 sec

[main_fastmap] fastmap matching: Real time: 501.543 sec
[main] Version: 0.7.17-r1198-dirty
[main] CMD: ../../bwa/bwa fastmap bc27_solid10.fa kmers.27.fka
[main] Real time: 588.605 sec; CPU: 580.874 sec
	Command being timed: "../../bwa/bwa fastmap bc27_solid10.fa kmers.27.fka"
	User time (seconds): 519.08
	System time (seconds): 61.79
	Percent of CPU this job got: 98%
	Elapsed (wall clock) time (h:mm:ss or m:ss): 9:48.60
	Average shared text size (kbytes): 0
	Average unshared data size (kbytes): 0
	Average stack size (kbytes): 0
	Average total size (kbytes): 0
	Maximum resident set size (kbytes): 19844436
	Average resident set size (kbytes): 0
	Major (requiring I/O) page faults: 0
	Minor (reclaiming a frame) page faults: 29400560
	Voluntary context switches: 1046
	Involuntary context switches: 10038
	Swaps: 0
	File system inputs: 29536784
	File system outputs: 24
	Socket messages sent: 0
	Socket messages received: 0
	Signals delivered: 0
	Page size (bytes): 4096
	Exit status: 0
[M::bwa_idx_load_from_disk] read 0 ALT contigs

[main_fastmap] fastmap index loading: Real time: 81.373 sec

[main_fastmap] fastmap matching: Real time: 489.564 sec
[main] Version: 0.7.17-r1198-dirty
[main] CMD: ../../bwa/bwa fastmap bc27_solid10.fa kmers.27.fka
[main] Real time: 581.115 sec; CPU: 572.127 sec
	Command being timed: "../../bwa/bwa fastmap bc27_solid10.fa kmers.27.fka"
	User time (seconds): 508.22
	System time (seconds): 63.90
	Percent of CPU this job got: 98%
	Elapsed (wall clock) time (h:mm:ss or m:ss): 9:41.11
	Average shared text size (kbytes): 0
	Average unshared data size (kbytes): 0
	Average stack size (kbytes): 0
	Average total size (kbytes): 0
	Maximum resident set size (kbytes): 19844652
	Average resident set size (kbytes): 0
	Major (requiring I/O) page faults: 0
	Minor (reclaiming a frame) page faults: 28196695
	Voluntary context switches: 828
	Involuntary context switches: 11476
	Swaps: 0
	File system inputs: 29536160
	File system outputs: 24
	Socket messages sent: 0
	Socket messages received: 0
	Signals delivered: 0
	Page size (bytes): 4096
	Exit status: 0
