Hostname:	compute-e-16-198.o2.rc.hms.harvard.edu
[M::bwa_idx_load_from_disk] read 0 ALT contigs

[main_fastmap] fastmap index loading: Real time: 62.527 sec

[main_fastmap] fastmap matching: Real time: 188.682 sec
[main] Version: 0.7.17-r1198-dirty
[main] CMD: ../../bwa/bwa fastmap pa19_solid10.fa kmers.19.fka
[main] Real time: 253.853 sec; CPU: 245.443 sec
	Command being timed: "../../bwa/bwa fastmap pa19_solid10.fa kmers.19.fka"
	User time (seconds): 218.07
	System time (seconds): 27.97
	Percent of CPU this job got: 96%
	Elapsed (wall clock) time (h:mm:ss or m:ss): 4:14.46
	Average shared text size (kbytes): 0
	Average unshared data size (kbytes): 0
	Average stack size (kbytes): 0
	Average total size (kbytes): 0
	Maximum resident set size (kbytes): 13943896
	Average resident set size (kbytes): 0
	Major (requiring I/O) page faults: 0
	Minor (reclaiming a frame) page faults: 8070935
	Voluntary context switches: 313
	Involuntary context switches: 4336
	Swaps: 0
	File system inputs: 21078320
	File system outputs: 24
	Socket messages sent: 0
	Socket messages received: 0
	Signals delivered: 0
	Page size (bytes): 4096
	Exit status: 0
[M::bwa_idx_load_from_disk] read 0 ALT contigs

[main_fastmap] fastmap index loading: Real time: 50.141 sec

[main_fastmap] fastmap matching: Real time: 185.832 sec
[main] Version: 0.7.17-r1198-dirty
[main] CMD: ../../bwa/bwa fastmap pa19_solid10.fa kmers.19.fka
[main] Real time: 238.095 sec; CPU: 236.526 sec
	Command being timed: "../../bwa/bwa fastmap pa19_solid10.fa kmers.19.fka"
	User time (seconds): 218.33
	System time (seconds): 18.74
	Percent of CPU this job got: 99%
	Elapsed (wall clock) time (h:mm:ss or m:ss): 3:58.65
	Average shared text size (kbytes): 0
	Average unshared data size (kbytes): 0
	Average stack size (kbytes): 0
	Average total size (kbytes): 0
	Maximum resident set size (kbytes): 13943936
	Average resident set size (kbytes): 0
	Major (requiring I/O) page faults: 0
	Minor (reclaiming a frame) page faults: 5444260
	Voluntary context switches: 170
	Involuntary context switches: 2629
	Swaps: 0
	File system inputs: 21077960
	File system outputs: 16
	Socket messages sent: 0
	Socket messages received: 0
	Signals delivered: 0
	Page size (bytes): 4096
	Exit status: 0
[M::bwa_idx_load_from_disk] read 0 ALT contigs

[main_fastmap] fastmap index loading: Real time: 50.962 sec

[main_fastmap] fastmap matching: Real time: 187.300 sec
[main] Version: 0.7.17-r1198-dirty
[main] CMD: ../../bwa/bwa fastmap pa19_solid10.fa kmers.19.fka
[main] Real time: 241.466 sec; CPU: 239.857 sec
	Command being timed: "../../bwa/bwa fastmap pa19_solid10.fa kmers.19.fka"
	User time (seconds): 215.87
	System time (seconds): 24.72
	Percent of CPU this job got: 99%
	Elapsed (wall clock) time (h:mm:ss or m:ss): 4:02.20
	Average shared text size (kbytes): 0
	Average unshared data size (kbytes): 0
	Average stack size (kbytes): 0
	Average total size (kbytes): 0
	Maximum resident set size (kbytes): 13943940
	Average resident set size (kbytes): 0
	Major (requiring I/O) page faults: 0
	Minor (reclaiming a frame) page faults: 8396916
	Voluntary context switches: 267
	Involuntary context switches: 3147
	Swaps: 0
	File system inputs: 21073240
	File system outputs: 24
	Socket messages sent: 0
	Socket messages received: 0
	Signals delivered: 0
	Page size (bytes): 4096
	Exit status: 0
