Hostname:	compute-e-16-198.o2.rc.hms.harvard.edu
[M::bwa_idx_load_from_disk] read 0 ALT contigs

[main_fastmap] fastmap index loading: Real time: 142.957 sec

[main_fastmap] fastmap matching: Real time: 213.421 sec
[main] Version: 0.7.17-r1198-dirty
[main] CMD: ../../bwa/bwa fastmap pa19.fa kmers.19.fka
[main] Real time: 363.655 sec; CPU: 334.122 sec
	Command being timed: "../../bwa/bwa fastmap pa19.fa kmers.19.fka"
	User time (seconds): 278.74
	System time (seconds): 56.52
	Percent of CPU this job got: 91%
	Elapsed (wall clock) time (h:mm:ss or m:ss): 6:04.79
	Average shared text size (kbytes): 0
	Average unshared data size (kbytes): 0
	Average stack size (kbytes): 0
	Average total size (kbytes): 0
	Maximum resident set size (kbytes): 46048992
	Average resident set size (kbytes): 0
	Major (requiring I/O) page faults: 0
	Minor (reclaiming a frame) page faults: 10743899
	Voluntary context switches: 1057
	Involuntary context switches: 6239
	Swaps: 0
	File system inputs: 77708984
	File system outputs: 24
	Socket messages sent: 0
	Socket messages received: 0
	Signals delivered: 0
	Page size (bytes): 4096
	Exit status: 0
[M::bwa_idx_load_from_disk] read 0 ALT contigs

[main_fastmap] fastmap index loading: Real time: 115.068 sec

[main_fastmap] fastmap matching: Real time: 209.550 sec
[main] Version: 0.7.17-r1198-dirty
[main] CMD: ../../bwa/bwa fastmap pa19.fa kmers.19.fka
[main] Real time: 331.369 sec; CPU: 325.814 sec
	Command being timed: "../../bwa/bwa fastmap pa19.fa kmers.19.fka"
	User time (seconds): 275.19
	System time (seconds): 51.79
	Percent of CPU this job got: 98%
	Elapsed (wall clock) time (h:mm:ss or m:ss): 5:32.55
	Average shared text size (kbytes): 0
	Average unshared data size (kbytes): 0
	Average stack size (kbytes): 0
	Average total size (kbytes): 0
	Maximum resident set size (kbytes): 46048944
	Average resident set size (kbytes): 0
	Major (requiring I/O) page faults: 0
	Minor (reclaiming a frame) page faults: 10456838
	Voluntary context switches: 777
	Involuntary context switches: 5170
	Swaps: 0
	File system inputs: 77701680
	File system outputs: 24
	Socket messages sent: 0
	Socket messages received: 0
	Signals delivered: 0
	Page size (bytes): 4096
	Exit status: 0
[M::bwa_idx_load_from_disk] read 0 ALT contigs

[main_fastmap] fastmap index loading: Real time: 142.001 sec

[main_fastmap] fastmap matching: Real time: 213.100 sec
[main] Version: 0.7.17-r1198-dirty
[main] CMD: ../../bwa/bwa fastmap pa19.fa kmers.19.fka
[main] Real time: 360.563 sec; CPU: 331.297 sec
	Command being timed: "../../bwa/bwa fastmap pa19.fa kmers.19.fka"
	User time (seconds): 278.10
	System time (seconds): 54.17
	Percent of CPU this job got: 91%
	Elapsed (wall clock) time (h:mm:ss or m:ss): 6:01.55
	Average shared text size (kbytes): 0
	Average unshared data size (kbytes): 0
	Average stack size (kbytes): 0
	Average total size (kbytes): 0
	Maximum resident set size (kbytes): 46048832
	Average resident set size (kbytes): 0
	Major (requiring I/O) page faults: 0
	Minor (reclaiming a frame) page faults: 10999444
	Voluntary context switches: 1079
	Involuntary context switches: 5594
	Swaps: 0
	File system inputs: 77703392
	File system outputs: 24
	Socket messages sent: 0
	Socket messages received: 0
	Signals delivered: 0
	Page size (bytes): 4096
	Exit status: 0
