Hostname:	compute-e-16-198.o2.rc.hms.harvard.edu
[M::bwa_idx_load_from_disk] read 0 ALT contigs

[main_fastmap] fastmap index loading: Real time: 33.220 sec

[main_fastmap] fastmap matching: Real time: 405.560 sec
[main] Version: 0.7.17-r1198-dirty
[main] CMD: ../../bwa/bwa fastmap pa27_solid10.fa kmers.27.fka
[main] Real time: 440.495 sec; CPU: 433.539 sec
	Command being timed: "../../bwa/bwa fastmap pa27_solid10.fa kmers.27.fka"
	User time (seconds): 409.24
	System time (seconds): 24.60
	Percent of CPU this job got: 98%
	Elapsed (wall clock) time (h:mm:ss or m:ss): 7:20.80
	Average shared text size (kbytes): 0
	Average unshared data size (kbytes): 0
	Average stack size (kbytes): 0
	Average total size (kbytes): 0
	Maximum resident set size (kbytes): 9803668
	Average resident set size (kbytes): 0
	Major (requiring I/O) page faults: 0
	Minor (reclaiming a frame) page faults: 7956406
	Voluntary context switches: 406
	Involuntary context switches: 6479
	Swaps: 0
	File system inputs: 17545704
	File system outputs: 16
	Socket messages sent: 0
	Socket messages received: 0
	Signals delivered: 0
	Page size (bytes): 4096
	Exit status: 0
[M::bwa_idx_load_from_disk] read 0 ALT contigs

[main_fastmap] fastmap index loading: Real time: 27.579 sec

[main_fastmap] fastmap matching: Real time: 413.869 sec
[main] Version: 0.7.17-r1198-dirty
[main] CMD: ../../bwa/bwa fastmap pa27_solid10.fa kmers.27.fka
[main] Real time: 442.592 sec; CPU: 439.227 sec
	Command being timed: "../../bwa/bwa fastmap pa27_solid10.fa kmers.27.fka"
	User time (seconds): 399.60
	System time (seconds): 39.86
	Percent of CPU this job got: 99%
	Elapsed (wall clock) time (h:mm:ss or m:ss): 7:22.84
	Average shared text size (kbytes): 0
	Average unshared data size (kbytes): 0
	Average stack size (kbytes): 0
	Average total size (kbytes): 0
	Maximum resident set size (kbytes): 9803560
	Average resident set size (kbytes): 0
	Major (requiring I/O) page faults: 0
	Minor (reclaiming a frame) page faults: 13689950
	Voluntary context switches: 425
	Involuntary context switches: 10025
	Swaps: 0
	File system inputs: 16545016
	File system outputs: 16
	Socket messages sent: 0
	Socket messages received: 0
	Signals delivered: 0
	Page size (bytes): 4096
	Exit status: 0
[M::bwa_idx_load_from_disk] read 0 ALT contigs

[main_fastmap] fastmap index loading: Real time: 32.640 sec

[main_fastmap] fastmap matching: Real time: 419.569 sec
[main] Version: 0.7.17-r1198-dirty
[main] CMD: ../../bwa/bwa fastmap pa27_solid10.fa kmers.27.fka
[main] Real time: 453.345 sec; CPU: 446.244 sec
	Command being timed: "../../bwa/bwa fastmap pa27_solid10.fa kmers.27.fka"
	User time (seconds): 417.31
	System time (seconds): 29.16
	Percent of CPU this job got: 98%
	Elapsed (wall clock) time (h:mm:ss or m:ss): 7:33.58
	Average shared text size (kbytes): 0
	Average unshared data size (kbytes): 0
	Average stack size (kbytes): 0
	Average total size (kbytes): 0
	Maximum resident set size (kbytes): 9803640
	Average resident set size (kbytes): 0
	Major (requiring I/O) page faults: 0
	Minor (reclaiming a frame) page faults: 11180160
	Voluntary context switches: 370
	Involuntary context switches: 5056
	Swaps: 0
	File system inputs: 17449864
	File system outputs: 16
	Socket messages sent: 0
	Socket messages received: 0
	Signals delivered: 0
	Page size (bytes): 4096
	Exit status: 0
