Hostname:	compute-a-17-133.o2.rc.hms.harvard.edu
[M::bwa_idx_load_from_disk] read 0 ALT contigs

[main_fastmap] fastmap index loading: Real time: 102.296 sec

[main_fastmap] fastmap matching: Real time: 147.468 sec
[main] Version: 0.7.17-r1198-dirty
[main] CMD: ../../bwa/bwa fastmap -w 99999 -l 23 bc23_solid10.fa kmers.23.fka
[main] Real time: 259.699 sec; CPU: 256.361 sec
	Command being timed: "../../bwa/bwa fastmap -w 99999 -l 23 bc23_solid10.fa kmers.23.fka"
	User time (seconds): 229.79
	System time (seconds): 26.56
	Percent of CPU this job got: 98%
	Elapsed (wall clock) time (h:mm:ss or m:ss): 4:19.70
	Average shared text size (kbytes): 0
	Average unshared data size (kbytes): 0
	Average stack size (kbytes): 0
	Average total size (kbytes): 0
	Maximum resident set size (kbytes): 23045368
	Average resident set size (kbytes): 0
	Major (requiring I/O) page faults: 0
	Minor (reclaiming a frame) page faults: 5820288
	Voluntary context switches: 271
	Involuntary context switches: 923
	Swaps: 0
	File system inputs: 32393232
	File system outputs: 24
	Socket messages sent: 0
	Socket messages received: 0
	Signals delivered: 0
	Page size (bytes): 4096
	Exit status: 0
[M::bwa_idx_load_from_disk] read 0 ALT contigs

[main_fastmap] fastmap index loading: Real time: 98.176 sec

[main_fastmap] fastmap matching: Real time: 159.890 sec
[main] Version: 0.7.17-r1198-dirty
[main] CMD: ../../bwa/bwa fastmap -w 99999 -l 23 bc23_solid10.fa kmers.23.fka
[main] Real time: 269.706 sec; CPU: 269.225 sec
	Command being timed: "../../bwa/bwa fastmap -w 99999 -l 23 bc23_solid10.fa kmers.23.fka"
	User time (seconds): 241.74
	System time (seconds): 27.48
	Percent of CPU this job got: 99%
	Elapsed (wall clock) time (h:mm:ss or m:ss): 4:29.70
	Average shared text size (kbytes): 0
	Average unshared data size (kbytes): 0
	Average stack size (kbytes): 0
	Average total size (kbytes): 0
	Maximum resident set size (kbytes): 23045428
	Average resident set size (kbytes): 0
	Major (requiring I/O) page faults: 0
	Minor (reclaiming a frame) page faults: 5984939
	Voluntary context switches: 155
	Involuntary context switches: 654
	Swaps: 0
	File system inputs: 32391440
	File system outputs: 24
	Socket messages sent: 0
	Socket messages received: 0
	Signals delivered: 0
	Page size (bytes): 4096
	Exit status: 0
[M::bwa_idx_load_from_disk] read 0 ALT contigs

[main_fastmap] fastmap index loading: Real time: 99.402 sec

[main_fastmap] fastmap matching: Real time: 153.030 sec
[main] Version: 0.7.17-r1198-dirty
[main] CMD: ../../bwa/bwa fastmap -w 99999 -l 23 bc23_solid10.fa kmers.23.fka
[main] Real time: 265.862 sec; CPU: 265.235 sec
	Command being timed: "../../bwa/bwa fastmap -w 99999 -l 23 bc23_solid10.fa kmers.23.fka"
	User time (seconds): 233.21
	System time (seconds): 32.01
	Percent of CPU this job got: 99%
	Elapsed (wall clock) time (h:mm:ss or m:ss): 4:25.86
	Average shared text size (kbytes): 0
	Average unshared data size (kbytes): 0
	Average stack size (kbytes): 0
	Average total size (kbytes): 0
	Maximum resident set size (kbytes): 23045512
	Average resident set size (kbytes): 0
	Major (requiring I/O) page faults: 0
	Minor (reclaiming a frame) page faults: 6753182
	Voluntary context switches: 144
	Involuntary context switches: 1023
	Swaps: 0
	File system inputs: 32393240
	File system outputs: 24
	Socket messages sent: 0
	Socket messages received: 0
	Signals delivered: 0
	Page size (bytes): 4096
	Exit status: 0
