Hostname:	compute-a-17-133.o2.rc.hms.harvard.edu
[M::bwa_idx_load_from_disk] read 0 ALT contigs

[main_fastmap] fastmap index loading: Real time: 369.675 sec

[main_fastmap] fastmap matching: Real time: 255.236 sec
[main] Version: 0.7.17-r1198-dirty
[main] CMD: ../../bwa/bwa fastmap -w 99999 -l 23 bc23.fa kmers.23.fka
[main] Real time: 643.758 sec; CPU: 630.866 sec
	Command being timed: "../../bwa/bwa fastmap -w 99999 -l 23 bc23.fa kmers.23.fka"
	User time (seconds): 401.24
	System time (seconds): 231.53
	Percent of CPU this job got: 98%
	Elapsed (wall clock) time (h:mm:ss or m:ss): 10:45.67
	Average shared text size (kbytes): 0
	Average unshared data size (kbytes): 0
	Average stack size (kbytes): 0
	Average total size (kbytes): 0
	Maximum resident set size (kbytes): 63730208
	Average resident set size (kbytes): 0
	Major (requiring I/O) page faults: 0
	Minor (reclaiming a frame) page faults: 22343695
	Voluntary context switches: 891
	Involuntary context switches: 3579
	Swaps: 0
	File system inputs: 99555128
	File system outputs: 56
	Socket messages sent: 0
	Socket messages received: 0
	Signals delivered: 0
	Page size (bytes): 4096
	Exit status: 0
[M::bwa_idx_load_from_disk] read 0 ALT contigs

[main_fastmap] fastmap index loading: Real time: 231.098 sec

[main_fastmap] fastmap matching: Real time: 209.857 sec
[main] Version: 0.7.17-r1198-dirty
[main] CMD: ../../bwa/bwa fastmap -w 99999 -l 23 bc23.fa kmers.23.fka
[main] Real time: 450.835 sec; CPU: 449.948 sec
	Command being timed: "../../bwa/bwa fastmap -w 99999 -l 23 bc23.fa kmers.23.fka"
	User time (seconds): 369.93
	System time (seconds): 81.37
	Percent of CPU this job got: 99%
	Elapsed (wall clock) time (h:mm:ss or m:ss): 7:32.20
	Average shared text size (kbytes): 0
	Average unshared data size (kbytes): 0
	Average stack size (kbytes): 0
	Average total size (kbytes): 0
	Maximum resident set size (kbytes): 63730288
	Average resident set size (kbytes): 0
	Major (requiring I/O) page faults: 0
	Minor (reclaiming a frame) page faults: 11756834
	Voluntary context switches: 212
	Involuntary context switches: 930
	Swaps: 0
	File system inputs: 99554008
	File system outputs: 24
	Socket messages sent: 0
	Socket messages received: 0
	Signals delivered: 0
	Page size (bytes): 4096
	Exit status: 0
[M::bwa_idx_load_from_disk] read 0 ALT contigs

[main_fastmap] fastmap index loading: Real time: 207.715 sec

[main_fastmap] fastmap matching: Real time: 209.711 sec
[main] Version: 0.7.17-r1198-dirty
[main] CMD: ../../bwa/bwa fastmap -w 99999 -l 23 bc23.fa kmers.23.fka
[main] Real time: 428.153 sec; CPU: 427.229 sec
	Command being timed: "../../bwa/bwa fastmap -w 99999 -l 23 bc23.fa kmers.23.fka"
	User time (seconds): 368.47
	System time (seconds): 60.13
	Percent of CPU this job got: 99%
	Elapsed (wall clock) time (h:mm:ss or m:ss): 7:09.53
	Average shared text size (kbytes): 0
	Average unshared data size (kbytes): 0
	Average stack size (kbytes): 0
	Average total size (kbytes): 0
	Maximum resident set size (kbytes): 63730172
	Average resident set size (kbytes): 0
	Major (requiring I/O) page faults: 0
	Minor (reclaiming a frame) page faults: 12060554
	Voluntary context switches: 190
	Involuntary context switches: 971
	Swaps: 0
	File system inputs: 99554944
	File system outputs: 24
	Socket messages sent: 0
	Socket messages received: 0
	Signals delivered: 0
	Page size (bytes): 4096
	Exit status: 0
