Hostname:	compute-a-17-133.o2.rc.hms.harvard.edu
[M::bwa_idx_load_from_disk] read 0 ALT contigs

[main_fastmap] fastmap index loading: Real time: 189.151 sec

[main_fastmap] fastmap matching: Real time: 192.435 sec
[main] Version: 0.7.17-r1198-dirty
[main] CMD: ../../bwa/bwa fastmap -w 99999 -l 27 bc27.fa kmers.27.fka
[main] Real time: 394.375 sec; CPU: 379.121 sec
	Command being timed: "../../bwa/bwa fastmap -w 99999 -l 27 bc27.fa kmers.27.fka"
	User time (seconds): 317.77
	System time (seconds): 62.77
	Percent of CPU this job got: 96%
	Elapsed (wall clock) time (h:mm:ss or m:ss): 6:35.80
	Average shared text size (kbytes): 0
	Average unshared data size (kbytes): 0
	Average stack size (kbytes): 0
	Average total size (kbytes): 0
	Maximum resident set size (kbytes): 57967500
	Average resident set size (kbytes): 0
	Major (requiring I/O) page faults: 0
	Minor (reclaiming a frame) page faults: 9072853
	Voluntary context switches: 847
	Involuntary context switches: 1668
	Swaps: 0
	File system inputs: 94312384
	File system outputs: 24
	Socket messages sent: 0
	Socket messages received: 0
	Signals delivered: 0
	Page size (bytes): 4096
	Exit status: 0
[M::bwa_idx_load_from_disk] read 0 ALT contigs

[main_fastmap] fastmap index loading: Real time: 187.038 sec

[main_fastmap] fastmap matching: Real time: 190.026 sec
[main] Version: 0.7.17-r1198-dirty
[main] CMD: ../../bwa/bwa fastmap -w 99999 -l 27 bc27.fa kmers.27.fka
[main] Real time: 392.264 sec; CPU: 379.002 sec
	Command being timed: "../../bwa/bwa fastmap -w 99999 -l 27 bc27.fa kmers.27.fka"
	User time (seconds): 318.01
	System time (seconds): 62.39
	Percent of CPU this job got: 96%
	Elapsed (wall clock) time (h:mm:ss or m:ss): 6:33.66
	Average shared text size (kbytes): 0
	Average unshared data size (kbytes): 0
	Average stack size (kbytes): 0
	Average total size (kbytes): 0
	Maximum resident set size (kbytes): 57967536
	Average resident set size (kbytes): 0
	Major (requiring I/O) page faults: 0
	Minor (reclaiming a frame) page faults: 9444316
	Voluntary context switches: 848
	Involuntary context switches: 1132
	Swaps: 0
	File system inputs: 94310992
	File system outputs: 24
	Socket messages sent: 0
	Socket messages received: 0
	Signals delivered: 0
	Page size (bytes): 4096
	Exit status: 0
[M::bwa_idx_load_from_disk] read 0 ALT contigs

[main_fastmap] fastmap index loading: Real time: 168.395 sec

[main_fastmap] fastmap matching: Real time: 188.932 sec
[main] Version: 0.7.17-r1198-dirty
[main] CMD: ../../bwa/bwa fastmap -w 99999 -l 27 bc27.fa kmers.27.fka
[main] Real time: 364.478 sec; CPU: 363.957 sec
	Command being timed: "../../bwa/bwa fastmap -w 99999 -l 27 bc27.fa kmers.27.fka"
	User time (seconds): 314.97
	System time (seconds): 49.97
	Percent of CPU this job got: 99%
	Elapsed (wall clock) time (h:mm:ss or m:ss): 6:05.47
	Average shared text size (kbytes): 0
	Average unshared data size (kbytes): 0
	Average stack size (kbytes): 0
	Average total size (kbytes): 0
	Maximum resident set size (kbytes): 57967464
	Average resident set size (kbytes): 0
	Major (requiring I/O) page faults: 0
	Minor (reclaiming a frame) page faults: 8805769
	Voluntary context switches: 185
	Involuntary context switches: 726
	Swaps: 0
	File system inputs: 94311752
	File system outputs: 24
	Socket messages sent: 0
	Socket messages received: 0
	Signals delivered: 0
	Page size (bytes): 4096
	Exit status: 0
