Hostname:	compute-a-17-133.o2.rc.hms.harvard.edu
[M::bwa_idx_load_from_disk] read 0 ALT contigs

[main_fastmap] fastmap index loading: Real time: 84.506 sec

[main_fastmap] fastmap matching: Real time: 172.940 sec
[main] Version: 0.7.17-r1198-dirty
[main] CMD: ../../bwa/bwa fastmap -w 99999 -l 27 bc27_solid10.fa kmers.27.fka
[main] Real time: 265.125 sec; CPU: 259.905 sec
	Command being timed: "../../bwa/bwa fastmap -w 99999 -l 27 bc27_solid10.fa kmers.27.fka"
	User time (seconds): 236.81
	System time (seconds): 23.09
	Percent of CPU this job got: 98%
	Elapsed (wall clock) time (h:mm:ss or m:ss): 4:25.12
	Average shared text size (kbytes): 0
	Average unshared data size (kbytes): 0
	Average stack size (kbytes): 0
	Average total size (kbytes): 0
	Maximum resident set size (kbytes): 19844468
	Average resident set size (kbytes): 0
	Major (requiring I/O) page faults: 0
	Minor (reclaiming a frame) page faults: 4652432
	Voluntary context switches: 322
	Involuntary context switches: 800
	Swaps: 0
	File system inputs: 29523120
	File system outputs: 24
	Socket messages sent: 0
	Socket messages received: 0
	Signals delivered: 0
	Page size (bytes): 4096
	Exit status: 0
[M::bwa_idx_load_from_disk] read 0 ALT contigs

[main_fastmap] fastmap index loading: Real time: 78.155 sec

[main_fastmap] fastmap matching: Real time: 175.916 sec
[main] Version: 0.7.17-r1198-dirty
[main] CMD: ../../bwa/bwa fastmap -w 99999 -l 27 bc27_solid10.fa kmers.27.fka
[main] Real time: 260.837 sec; CPU: 260.513 sec
	Command being timed: "../../bwa/bwa fastmap -w 99999 -l 27 bc27_solid10.fa kmers.27.fka"
	User time (seconds): 241.67
	System time (seconds): 18.83
	Percent of CPU this job got: 99%
	Elapsed (wall clock) time (h:mm:ss or m:ss): 4:20.83
	Average shared text size (kbytes): 0
	Average unshared data size (kbytes): 0
	Average stack size (kbytes): 0
	Average total size (kbytes): 0
	Maximum resident set size (kbytes): 19844628
	Average resident set size (kbytes): 0
	Major (requiring I/O) page faults: 0
	Minor (reclaiming a frame) page faults: 4570444
	Voluntary context switches: 133
	Involuntary context switches: 639
	Swaps: 0
	File system inputs: 29527440
	File system outputs: 24
	Socket messages sent: 0
	Socket messages received: 0
	Signals delivered: 0
	Page size (bytes): 4096
	Exit status: 0
[M::bwa_idx_load_from_disk] read 0 ALT contigs

[main_fastmap] fastmap index loading: Real time: 77.805 sec

[main_fastmap] fastmap matching: Real time: 170.232 sec
[main] Version: 0.7.17-r1198-dirty
[main] CMD: ../../bwa/bwa fastmap -w 99999 -l 27 bc27_solid10.fa kmers.27.fka
[main] Real time: 259.077 sec; CPU: 258.751 sec
	Command being timed: "../../bwa/bwa fastmap -w 99999 -l 27 bc27_solid10.fa kmers.27.fka"
	User time (seconds): 235.80
	System time (seconds): 22.94
	Percent of CPU this job got: 99%
	Elapsed (wall clock) time (h:mm:ss or m:ss): 4:19.07
	Average shared text size (kbytes): 0
	Average unshared data size (kbytes): 0
	Average stack size (kbytes): 0
	Average total size (kbytes): 0
	Maximum resident set size (kbytes): 19844476
	Average resident set size (kbytes): 0
	Major (requiring I/O) page faults: 0
	Minor (reclaiming a frame) page faults: 4702304
	Voluntary context switches: 146
	Involuntary context switches: 498
	Swaps: 0
	File system inputs: 29526080
	File system outputs: 24
	Socket messages sent: 0
	Socket messages received: 0
	Signals delivered: 0
	Page size (bytes): 4096
	Exit status: 0
