Hostname:	compute-a-17-133.o2.rc.hms.harvard.edu
[M::bwa_idx_load_from_disk] read 0 ALT contigs

[main_fastmap] fastmap index loading: Real time: 74.326 sec

[main_fastmap] fastmap matching: Real time: 203.930 sec
[main] Version: 0.7.17-r1198-dirty
[main] CMD: ../../bwa/bwa fastmap -w 99999 -l 31 bc31_solid10.fa kmers.31.fka
[main] Real time: 285.788 sec; CPU: 281.265 sec
	Command being timed: "../../bwa/bwa fastmap -w 99999 -l 31 bc31_solid10.fa kmers.31.fka"
	User time (seconds): 258.46
	System time (seconds): 22.79
	Percent of CPU this job got: 98%
	Elapsed (wall clock) time (h:mm:ss or m:ss): 4:45.79
	Average shared text size (kbytes): 0
	Average unshared data size (kbytes): 0
	Average stack size (kbytes): 0
	Average total size (kbytes): 0
	Maximum resident set size (kbytes): 18641484
	Average resident set size (kbytes): 0
	Major (requiring I/O) page faults: 0
	Minor (reclaiming a frame) page faults: 4085474
	Voluntary context switches: 304
	Involuntary context switches: 652
	Swaps: 0
	File system inputs: 28746944
	File system outputs: 24
	Socket messages sent: 0
	Socket messages received: 0
	Signals delivered: 0
	Page size (bytes): 4096
	Exit status: 0
[M::bwa_idx_load_from_disk] read 0 ALT contigs

[main_fastmap] fastmap index loading: Real time: 68.615 sec

[main_fastmap] fastmap matching: Real time: 197.361 sec
[main] Version: 0.7.17-r1198-dirty
[main] CMD: ../../bwa/bwa fastmap -w 99999 -l 31 bc31_solid10.fa kmers.31.fka
[main] Real time: 272.204 sec; CPU: 271.921 sec
	Command being timed: "../../bwa/bwa fastmap -w 99999 -l 31 bc31_solid10.fa kmers.31.fka"
	User time (seconds): 252.45
	System time (seconds): 19.46
	Percent of CPU this job got: 99%
	Elapsed (wall clock) time (h:mm:ss or m:ss): 4:32.20
	Average shared text size (kbytes): 0
	Average unshared data size (kbytes): 0
	Average stack size (kbytes): 0
	Average total size (kbytes): 0
	Maximum resident set size (kbytes): 18641552
	Average resident set size (kbytes): 0
	Major (requiring I/O) page faults: 0
	Minor (reclaiming a frame) page faults: 3966546
	Voluntary context switches: 163
	Involuntary context switches: 555
	Swaps: 0
	File system inputs: 28747560
	File system outputs: 24
	Socket messages sent: 0
	Socket messages received: 0
	Signals delivered: 0
	Page size (bytes): 4096
	Exit status: 0
[M::bwa_idx_load_from_disk] read 0 ALT contigs

[main_fastmap] fastmap index loading: Real time: 69.249 sec

[main_fastmap] fastmap matching: Real time: 195.249 sec
[main] Version: 0.7.17-r1198-dirty
[main] CMD: ../../bwa/bwa fastmap -w 99999 -l 31 bc31_solid10.fa kmers.31.fka
[main] Real time: 273.142 sec; CPU: 272.817 sec
	Command being timed: "../../bwa/bwa fastmap -w 99999 -l 31 bc31_solid10.fa kmers.31.fka"
	User time (seconds): 249.08
	System time (seconds): 23.73
	Percent of CPU this job got: 99%
	Elapsed (wall clock) time (h:mm:ss or m:ss): 4:33.14
	Average shared text size (kbytes): 0
	Average unshared data size (kbytes): 0
	Average stack size (kbytes): 0
	Average total size (kbytes): 0
	Maximum resident set size (kbytes): 18641316
	Average resident set size (kbytes): 0
	Major (requiring I/O) page faults: 0
	Minor (reclaiming a frame) page faults: 3929795
	Voluntary context switches: 161
	Involuntary context switches: 1340
	Swaps: 0
	File system inputs: 28750976
	File system outputs: 24
	Socket messages sent: 0
	Socket messages received: 0
	Signals delivered: 0
	Page size (bytes): 4096
	Exit status: 0
