Hostname:	compute-a-17-133.o2.rc.hms.harvard.edu
[M::bwa_idx_load_from_disk] read 0 ALT contigs

[main_fastmap] fastmap index loading: Real time: 136.799 sec

[main_fastmap] fastmap matching: Real time: 327.255 sec
[main] Version: 0.7.17-r1198-dirty
[main] CMD: ../../bwa/bwa fastmap -w 99999 -l 19 pa19.fa kmers.19.fka
[main] Real time: 468.335 sec; CPU: 455.417 sec
	Command being timed: "../../bwa/bwa fastmap -w 99999 -l 19 pa19.fa kmers.19.fka"
	User time (seconds): 404.68
	System time (seconds): 51.48
	Percent of CPU this job got: 97%
	Elapsed (wall clock) time (h:mm:ss or m:ss): 7:49.08
	Average shared text size (kbytes): 0
	Average unshared data size (kbytes): 0
	Average stack size (kbytes): 0
	Average total size (kbytes): 0
	Maximum resident set size (kbytes): 46049020
	Average resident set size (kbytes): 0
	Major (requiring I/O) page faults: 0
	Minor (reclaiming a frame) page faults: 11104095
	Voluntary context switches: 734
	Involuntary context switches: 1787
	Swaps: 0
	File system inputs: 77714152
	File system outputs: 24
	Socket messages sent: 0
	Socket messages received: 0
	Signals delivered: 0
	Page size (bytes): 4096
	Exit status: 0
[M::bwa_idx_load_from_disk] read 0 ALT contigs

[main_fastmap] fastmap index loading: Real time: 117.841 sec

[main_fastmap] fastmap matching: Real time: 322.771 sec
[main] Version: 0.7.17-r1198-dirty
[main] CMD: ../../bwa/bwa fastmap -w 99999 -l 19 pa19.fa kmers.19.fka
[main] Real time: 445.743 sec; CPU: 445.488 sec
	Command being timed: "../../bwa/bwa fastmap -w 99999 -l 19 pa19.fa kmers.19.fka"
	User time (seconds): 403.07
	System time (seconds): 43.19
	Percent of CPU this job got: 99%
	Elapsed (wall clock) time (h:mm:ss or m:ss): 7:26.52
	Average shared text size (kbytes): 0
	Average unshared data size (kbytes): 0
	Average stack size (kbytes): 0
	Average total size (kbytes): 0
	Maximum resident set size (kbytes): 46048916
	Average resident set size (kbytes): 0
	Major (requiring I/O) page faults: 0
	Minor (reclaiming a frame) page faults: 11576289
	Voluntary context switches: 188
	Involuntary context switches: 849
	Swaps: 0
	File system inputs: 77709336
	File system outputs: 24
	Socket messages sent: 0
	Socket messages received: 0
	Signals delivered: 0
	Page size (bytes): 4096
	Exit status: 0
[M::bwa_idx_load_from_disk] read 0 ALT contigs

[main_fastmap] fastmap index loading: Real time: 122.618 sec

[main_fastmap] fastmap matching: Real time: 318.464 sec
[main] Version: 0.7.17-r1198-dirty
[main] CMD: ../../bwa/bwa fastmap -w 99999 -l 19 pa19.fa kmers.19.fka
[main] Real time: 445.412 sec; CPU: 444.834 sec
	Command being timed: "../../bwa/bwa fastmap -w 99999 -l 19 pa19.fa kmers.19.fka"
	User time (seconds): 398.12
	System time (seconds): 47.48
	Percent of CPU this job got: 99%
	Elapsed (wall clock) time (h:mm:ss or m:ss): 7:26.19
	Average shared text size (kbytes): 0
	Average unshared data size (kbytes): 0
	Average stack size (kbytes): 0
	Average total size (kbytes): 0
	Maximum resident set size (kbytes): 46048932
	Average resident set size (kbytes): 0
	Major (requiring I/O) page faults: 0
	Minor (reclaiming a frame) page faults: 10661488
	Voluntary context switches: 205
	Involuntary context switches: 1532
	Swaps: 0
	File system inputs: 77709856
	File system outputs: 16
	Socket messages sent: 0
	Socket messages received: 0
	Signals delivered: 0
	Page size (bytes): 4096
	Exit status: 0
