Hostname:	compute-a-17-133.o2.rc.hms.harvard.edu
[M::bwa_idx_load_from_disk] read 0 ALT contigs

[main_fastmap] fastmap index loading: Real time: 100.482 sec

[main_fastmap] fastmap matching: Real time: 186.966 sec
[main] Version: 0.7.17-r1198-dirty
[main] CMD: ../../bwa/bwa fastmap -w 99999 -l 23 pa23.fa kmers.23.fka
[main] Real time: 290.613 sec; CPU: 278.711 sec
	Command being timed: "../../bwa/bwa fastmap -w 99999 -l 23 pa23.fa kmers.23.fka"
	User time (seconds): 236.57
	System time (seconds): 42.61
	Percent of CPU this job got: 95%
	Elapsed (wall clock) time (h:mm:ss or m:ss): 4:51.10
	Average shared text size (kbytes): 0
	Average unshared data size (kbytes): 0
	Average stack size (kbytes): 0
	Average total size (kbytes): 0
	Maximum resident set size (kbytes): 40001468
	Average resident set size (kbytes): 0
	Major (requiring I/O) page faults: 0
	Minor (reclaiming a frame) page faults: 4073274
	Voluntary context switches: 579
	Involuntary context switches: 648
	Swaps: 0
	File system inputs: 72004288
	File system outputs: 24
	Socket messages sent: 0
	Socket messages received: 0
	Signals delivered: 0
	Page size (bytes): 4096
	Exit status: 0
[M::bwa_idx_load_from_disk] read 0 ALT contigs

[main_fastmap] fastmap index loading: Real time: 81.005 sec

[main_fastmap] fastmap matching: Real time: 184.719 sec
[main] Version: 0.7.17-r1198-dirty
[main] CMD: ../../bwa/bwa fastmap -w 99999 -l 23 pa23.fa kmers.23.fka
[main] Real time: 268.796 sec; CPU: 268.632 sec
	Command being timed: "../../bwa/bwa fastmap -w 99999 -l 23 pa23.fa kmers.23.fka"
	User time (seconds): 234.94
	System time (seconds): 34.20
	Percent of CPU this job got: 99%
	Elapsed (wall clock) time (h:mm:ss or m:ss): 4:29.31
	Average shared text size (kbytes): 0
	Average unshared data size (kbytes): 0
	Average stack size (kbytes): 0
	Average total size (kbytes): 0
	Maximum resident set size (kbytes): 40001484
	Average resident set size (kbytes): 0
	Major (requiring I/O) page faults: 0
	Minor (reclaiming a frame) page faults: 4106469
	Voluntary context switches: 141
	Involuntary context switches: 422
	Swaps: 0
	File system inputs: 72006216
	File system outputs: 24
	Socket messages sent: 0
	Socket messages received: 0
	Signals delivered: 0
	Page size (bytes): 4096
	Exit status: 0
[M::bwa_idx_load_from_disk] read 0 ALT contigs

[main_fastmap] fastmap index loading: Real time: 83.273 sec

[main_fastmap] fastmap matching: Real time: 185.952 sec
[main] Version: 0.7.17-r1198-dirty
[main] CMD: ../../bwa/bwa fastmap -w 99999 -l 23 pa23.fa kmers.23.fka
[main] Real time: 271.907 sec; CPU: 271.696 sec
	Command being timed: "../../bwa/bwa fastmap -w 99999 -l 23 pa23.fa kmers.23.fka"
	User time (seconds): 235.72
	System time (seconds): 36.41
	Percent of CPU this job got: 99%
	Elapsed (wall clock) time (h:mm:ss or m:ss): 4:32.34
	Average shared text size (kbytes): 0
	Average unshared data size (kbytes): 0
	Average stack size (kbytes): 0
	Average total size (kbytes): 0
	Maximum resident set size (kbytes): 40001480
	Average resident set size (kbytes): 0
	Major (requiring I/O) page faults: 0
	Minor (reclaiming a frame) page faults: 4002108
	Voluntary context switches: 141
	Involuntary context switches: 750
	Swaps: 0
	File system inputs: 72003848
	File system outputs: 24
	Socket messages sent: 0
	Socket messages received: 0
	Signals delivered: 0
	Page size (bytes): 4096
	Exit status: 0
