Hostname:	compute-a-17-133.o2.rc.hms.harvard.edu
[M::bwa_idx_load_from_disk] read 0 ALT contigs

[main_fastmap] fastmap index loading: Real time: 88.808 sec

[main_fastmap] fastmap matching: Real time: 168.933 sec
[main] Version: 0.7.17-r1198-dirty
[main] CMD: ../../bwa/bwa fastmap -w 99999 -l 27 pa27.fa kmers.27.fka
[main] Real time: 261.666 sec; CPU: 248.542 sec
	Command being timed: "../../bwa/bwa fastmap -w 99999 -l 27 pa27.fa kmers.27.fka"
	User time (seconds): 206.65
	System time (seconds): 42.35
	Percent of CPU this job got: 94%
	Elapsed (wall clock) time (h:mm:ss or m:ss): 4:22.13
	Average shared text size (kbytes): 0
	Average unshared data size (kbytes): 0
	Average stack size (kbytes): 0
	Average total size (kbytes): 0
	Maximum resident set size (kbytes): 38087756
	Average resident set size (kbytes): 0
	Major (requiring I/O) page faults: 0
	Minor (reclaiming a frame) page faults: 2955872
	Voluntary context switches: 600
	Involuntary context switches: 1031
	Swaps: 0
	File system inputs: 70526712
	File system outputs: 16
	Socket messages sent: 0
	Socket messages received: 0
	Signals delivered: 0
	Page size (bytes): 4096
	Exit status: 0
[M::bwa_idx_load_from_disk] read 0 ALT contigs

[main_fastmap] fastmap index loading: Real time: 72.033 sec

[main_fastmap] fastmap matching: Real time: 186.310 sec
[main] Version: 0.7.17-r1198-dirty
[main] CMD: ../../bwa/bwa fastmap -w 99999 -l 27 pa27.fa kmers.27.fka
[main] Real time: 261.147 sec; CPU: 260.656 sec
	Command being timed: "../../bwa/bwa fastmap -w 99999 -l 27 pa27.fa kmers.27.fka"
	User time (seconds): 223.19
	System time (seconds): 37.93
	Percent of CPU this job got: 99%
	Elapsed (wall clock) time (h:mm:ss or m:ss): 4:21.62
	Average shared text size (kbytes): 0
	Average unshared data size (kbytes): 0
	Average stack size (kbytes): 0
	Average total size (kbytes): 0
	Maximum resident set size (kbytes): 38087796
	Average resident set size (kbytes): 0
	Major (requiring I/O) page faults: 0
	Minor (reclaiming a frame) page faults: 2776681
	Voluntary context switches: 296
	Involuntary context switches: 774
	Swaps: 0
	File system inputs: 70525344
	File system outputs: 24
	Socket messages sent: 0
	Socket messages received: 0
	Signals delivered: 0
	Page size (bytes): 4096
	Exit status: 0
[M::bwa_idx_load_from_disk] read 0 ALT contigs

[main_fastmap] fastmap index loading: Real time: 71.790 sec

[main_fastmap] fastmap matching: Real time: 172.784 sec
[main] Version: 0.7.17-r1198-dirty
[main] CMD: ../../bwa/bwa fastmap -w 99999 -l 27 pa27.fa kmers.27.fka
[main] Real time: 246.662 sec; CPU: 246.479 sec
	Command being timed: "../../bwa/bwa fastmap -w 99999 -l 27 pa27.fa kmers.27.fka"
	User time (seconds): 210.63
	System time (seconds): 36.17
	Percent of CPU this job got: 99%
	Elapsed (wall clock) time (h:mm:ss or m:ss): 4:06.99
	Average shared text size (kbytes): 0
	Average unshared data size (kbytes): 0
	Average stack size (kbytes): 0
	Average total size (kbytes): 0
	Maximum resident set size (kbytes): 38087776
	Average resident set size (kbytes): 0
	Major (requiring I/O) page faults: 0
	Minor (reclaiming a frame) page faults: 2885403
	Voluntary context switches: 142
	Involuntary context switches: 376
	Swaps: 0
	File system inputs: 70528440
	File system outputs: 16
	Socket messages sent: 0
	Socket messages received: 0
	Signals delivered: 0
	Page size (bytes): 4096
	Exit status: 0
