Hostname:	compute-a-17-133.o2.rc.hms.harvard.edu
[M::bwa_idx_load_from_disk] read 0 ALT contigs

[main_fastmap] fastmap index loading: Real time: 29.083 sec

[main_fastmap] fastmap matching: Real time: 152.342 sec
[main] Version: 0.7.17-r1198-dirty
[main] CMD: ../../bwa/bwa fastmap -w 99999 -l 27 pa27_solid10.fa kmers.27.fka
[main] Real time: 182.375 sec; CPU: 179.992 sec
	Command being timed: "../../bwa/bwa fastmap -w 99999 -l 27 pa27_solid10.fa kmers.27.fka"
	User time (seconds): 170.89
	System time (seconds): 9.25
	Percent of CPU this job got: 98%
	Elapsed (wall clock) time (h:mm:ss or m:ss): 3:02.52
	Average shared text size (kbytes): 0
	Average unshared data size (kbytes): 0
	Average stack size (kbytes): 0
	Average total size (kbytes): 0
	Maximum resident set size (kbytes): 9803732
	Average resident set size (kbytes): 0
	Major (requiring I/O) page faults: 0
	Minor (reclaiming a frame) page faults: 1301963
	Voluntary context switches: 249
	Involuntary context switches: 173
	Swaps: 0
	File system inputs: 17535256
	File system outputs: 16
	Socket messages sent: 0
	Socket messages received: 0
	Signals delivered: 0
	Page size (bytes): 4096
	Exit status: 0
[M::bwa_idx_load_from_disk] read 0 ALT contigs

[main_fastmap] fastmap index loading: Real time: 26.016 sec

[main_fastmap] fastmap matching: Real time: 152.512 sec
[main] Version: 0.7.17-r1198-dirty
[main] CMD: ../../bwa/bwa fastmap -w 99999 -l 27 pa27_solid10.fa kmers.27.fka
[main] Real time: 179.508 sec; CPU: 179.434 sec
	Command being timed: "../../bwa/bwa fastmap -w 99999 -l 27 pa27_solid10.fa kmers.27.fka"
	User time (seconds): 171.36
	System time (seconds): 8.21
	Percent of CPU this job got: 99%
	Elapsed (wall clock) time (h:mm:ss or m:ss): 2:59.66
	Average shared text size (kbytes): 0
	Average unshared data size (kbytes): 0
	Average stack size (kbytes): 0
	Average total size (kbytes): 0
	Maximum resident set size (kbytes): 9803764
	Average resident set size (kbytes): 0
	Major (requiring I/O) page faults: 0
	Minor (reclaiming a frame) page faults: 1346225
	Voluntary context switches: 116
	Involuntary context switches: 249
	Swaps: 0
	File system inputs: 16059984
	File system outputs: 16
	Socket messages sent: 0
	Socket messages received: 0
	Signals delivered: 0
	Page size (bytes): 4096
	Exit status: 0
[M::bwa_idx_load_from_disk] read 0 ALT contigs

[main_fastmap] fastmap index loading: Real time: 26.935 sec

[main_fastmap] fastmap matching: Real time: 168.107 sec
[main] Version: 0.7.17-r1198-dirty
[main] CMD: ../../bwa/bwa fastmap -w 99999 -l 27 pa27_solid10.fa kmers.27.fka
[main] Real time: 197.163 sec; CPU: 197.071 sec
	Command being timed: "../../bwa/bwa fastmap -w 99999 -l 27 pa27_solid10.fa kmers.27.fka"
	User time (seconds): 185.47
	System time (seconds): 11.81
	Percent of CPU this job got: 99%
	Elapsed (wall clock) time (h:mm:ss or m:ss): 3:17.38
	Average shared text size (kbytes): 0
	Average unshared data size (kbytes): 0
	Average stack size (kbytes): 0
	Average total size (kbytes): 0
	Maximum resident set size (kbytes): 9803760
	Average resident set size (kbytes): 0
	Major (requiring I/O) page faults: 0
	Minor (reclaiming a frame) page faults: 1300099
	Voluntary context switches: 121
	Involuntary context switches: 260
	Swaps: 0
	File system inputs: 17263440
	File system outputs: 16
	Socket messages sent: 0
	Socket messages received: 0
	Signals delivered: 0
	Page size (bytes): 4096
	Exit status: 0
