Hostname:	compute-a-17-133.o2.rc.hms.harvard.edu
[M::bwa_idx_load_from_disk] read 0 ALT contigs

[main_fastmap] fastmap index loading: Real time: 29.928 sec

[main_fastmap] fastmap matching: Real time: 185.927 sec
[main] Version: 0.7.17-r1198-dirty
[main] CMD: ../../bwa/bwa fastmap -w 99999 -l 31 pa31_solid10.fa kmers.31.fka
[main] Real time: 216.925 sec; CPU: 213.487 sec
	Command being timed: "../../bwa/bwa fastmap -w 99999 -l 31 pa31_solid10.fa kmers.31.fka"
	User time (seconds): 203.23
	System time (seconds): 10.41
	Percent of CPU this job got: 98%
	Elapsed (wall clock) time (h:mm:ss or m:ss): 3:37.08
	Average shared text size (kbytes): 0
	Average unshared data size (kbytes): 0
	Average stack size (kbytes): 0
	Average total size (kbytes): 0
	Maximum resident set size (kbytes): 9916868
	Average resident set size (kbytes): 0
	Major (requiring I/O) page faults: 0
	Minor (reclaiming a frame) page faults: 1279416
	Voluntary context switches: 296
	Involuntary context switches: 419
	Swaps: 0
	File system inputs: 18041448
	File system outputs: 16
	Socket messages sent: 0
	Socket messages received: 0
	Signals delivered: 0
	Page size (bytes): 4096
	Exit status: 0
[M::bwa_idx_load_from_disk] read 0 ALT contigs

[main_fastmap] fastmap index loading: Real time: 26.391 sec

[main_fastmap] fastmap matching: Real time: 186.683 sec
[main] Version: 0.7.17-r1198-dirty
[main] CMD: ../../bwa/bwa fastmap -w 99999 -l 31 pa31_solid10.fa kmers.31.fka
[main] Real time: 214.499 sec; CPU: 214.242 sec
	Command being timed: "../../bwa/bwa fastmap -w 99999 -l 31 pa31_solid10.fa kmers.31.fka"
	User time (seconds): 203.21
	System time (seconds): 11.23
	Percent of CPU this job got: 99%
	Elapsed (wall clock) time (h:mm:ss or m:ss): 3:34.71
	Average shared text size (kbytes): 0
	Average unshared data size (kbytes): 0
	Average stack size (kbytes): 0
	Average total size (kbytes): 0
	Maximum resident set size (kbytes): 9916976
	Average resident set size (kbytes): 0
	Major (requiring I/O) page faults: 0
	Minor (reclaiming a frame) page faults: 1325888
	Voluntary context switches: 138
	Involuntary context switches: 390
	Swaps: 0
	File system inputs: 16529248
	File system outputs: 16
	Socket messages sent: 0
	Socket messages received: 0
	Signals delivered: 0
	Page size (bytes): 4096
	Exit status: 0
[M::bwa_idx_load_from_disk] read 0 ALT contigs

[main_fastmap] fastmap index loading: Real time: 27.498 sec

[main_fastmap] fastmap matching: Real time: 187.948 sec
[main] Version: 0.7.17-r1198-dirty
[main] CMD: ../../bwa/bwa fastmap -w 99999 -l 31 pa31_solid10.fa kmers.31.fka
[main] Real time: 217.689 sec; CPU: 217.349 sec
	Command being timed: "../../bwa/bwa fastmap -w 99999 -l 31 pa31_solid10.fa kmers.31.fka"
	User time (seconds): 203.87
	System time (seconds): 13.70
	Percent of CPU this job got: 99%
	Elapsed (wall clock) time (h:mm:ss or m:ss): 3:37.92
	Average shared text size (kbytes): 0
	Average unshared data size (kbytes): 0
	Average stack size (kbytes): 0
	Average total size (kbytes): 0
	Maximum resident set size (kbytes): 9916760
	Average resident set size (kbytes): 0
	Major (requiring I/O) page faults: 0
	Minor (reclaiming a frame) page faults: 1338142
	Voluntary context switches: 120
	Involuntary context switches: 682
	Swaps: 0
	File system inputs: 17821784
	File system outputs: 24
	Socket messages sent: 0
	Socket messages received: 0
	Signals delivered: 0
	Page size (bytes): 4096
	Exit status: 0
